2024-02-28 14:03:08,560 - ERROR - Can't connect with MES APP
2024-02-28 14:06:28,430 - INFO - 
xxxxxxxxxxxxxxxxxxxxxxxxxxxxxxxx
2024-02-28 14:06:28,431 - INFO - --> Received scan signal from PLC
2024-02-28 14:06:28,431 - INFO - --> ------ SCAN SIGNAL -------
2024-02-28 14:06:28,491 - INFO - --> RESULT SCAN
2024-02-28 14:06:28,491 - INFO - PASS SCAN
2024-02-28 14:06:28,491 - INFO - ----------- SEND TO SFC -----------
2024-02-28 14:07:09,918 - INFO - 
xxxxxxxxxxxxxxxxxxxxxxxxxxxxxxxx
2024-02-28 14:07:09,918 - INFO - --> Received scan signal from PLC
2024-02-28 14:07:09,918 - INFO - --> ------ SCAN SIGNAL -------
2024-02-28 14:07:09,944 - INFO - --> RESULT SCAN
2024-02-28 14:07:09,945 - INFO - PASS SCAN
2024-02-28 14:07:09,945 - INFO - ----------- SEND TO SFC -----------
2024-02-28 14:07:10,421 - INFO - --> Send Data SN:  21031810050123071680334142
2024-02-28 14:07:11,732 - INFO - 
xxxxxxxxxxxxxxxxxxxxxxxxxxxxxxxx
2024-02-28 14:07:11,733 - INFO - --> Received scan signal from PLC
2024-02-28 14:07:11,733 - INFO - --> ------ SCAN SIGNAL -------
2024-02-28 14:07:11,781 - INFO - --> RESULT SCAN
2024-02-28 14:07:11,781 - INFO - PASS SCAN
2024-02-28 14:07:11,781 - INFO - ----------- SEND TO SFC -----------
2024-02-28 14:07:11,964 - INFO - --> Send Data SN:  21031810050123071680334729
2024-02-28 14:07:13,229 - INFO - 
xxxxxxxxxxxxxxxxxxxxxxxxxxxxxxxx
2024-02-28 14:07:13,229 - INFO - --> Received scan signal from PLC
2024-02-28 14:07:13,230 - INFO - --> ------ SCAN SIGNAL -------
2024-02-28 14:07:13,289 - INFO - --> RESULT SCAN
2024-02-28 14:07:13,290 - INFO - PASS SCAN
2024-02-28 14:07:13,290 - INFO - ----------- SEND TO SFC -----------
2024-02-28 14:07:13,477 - INFO - --> Send Data SN:  21031810050123071680334238
2024-02-28 14:07:14,760 - INFO - 
xxxxxxxxxxxxxxxxxxxxxxxxxxxxxxxx
2024-02-28 14:07:14,760 - INFO - --> Received scan signal from PLC
2024-02-28 14:07:14,760 - INFO - --> ------ SCAN SIGNAL -------
2024-02-28 14:07:14,812 - INFO - --> RESULT SCAN
2024-02-28 14:07:14,812 - INFO - PASS SCAN
2024-02-28 14:07:14,813 - INFO - ----------- SEND TO SFC -----------
2024-02-28 14:07:14,993 - INFO - --> Send Data SN:  21031810050123071680334195
2024-02-28 14:07:16,270 - INFO - 
xxxxxxxxxxxxxxxxxxxxxxxxxxxxxxxx
2024-02-28 14:07:16,270 - INFO - --> Received scan signal from PLC
2024-02-28 14:07:16,270 - INFO - --> ------ SCAN SIGNAL -------
2024-02-28 14:07:16,315 - INFO - --> RESULT SCAN
2024-02-28 14:07:16,316 - INFO - PASS SCAN
2024-02-28 14:07:16,316 - INFO - ----------- SEND TO SFC -----------
2024-02-28 14:07:16,498 - INFO - --> Send Data SN:  21031810050123071680334178
2024-02-28 14:07:17,760 - INFO - 
xxxxxxxxxxxxxxxxxxxxxxxxxxxxxxxx
2024-02-28 14:07:17,761 - INFO - --> Received scan signal from PLC
2024-02-28 14:07:17,761 - INFO - --> ------ SCAN SIGNAL -------
2024-02-28 14:07:17,799 - INFO - --> RESULT SCAN
2024-02-28 14:07:17,799 - INFO - PASS SCAN
2024-02-28 14:07:17,800 - INFO - ----------- SEND TO SFC -----------
2024-02-28 14:07:17,979 - INFO - --> Send Data SN:  21031810050123071680334718
2024-02-28 14:07:19,341 - INFO - 
xxxxxxxxxxxxxxxxxxxxxxxxxxxxxxxx
2024-02-28 14:07:19,341 - INFO - --> Received scan signal from PLC
2024-02-28 14:07:19,341 - INFO - --> ------ SCAN SIGNAL -------
2024-02-28 14:07:19,390 - INFO - --> RESULT SCAN
2024-02-28 14:07:19,391 - INFO - PASS SCAN
2024-02-28 14:07:19,391 - INFO - ----------- SEND TO SFC -----------
2024-02-28 14:07:19,571 - INFO - --> Send Data SN:  21031810050123071680338292
2024-02-28 14:07:20,830 - INFO - 
xxxxxxxxxxxxxxxxxxxxxxxxxxxxxxxx
2024-02-28 14:07:20,830 - INFO - --> Received scan signal from PLC
2024-02-28 14:07:20,830 - INFO - --> ------ SCAN SIGNAL -------
2024-02-28 14:07:20,874 - INFO - --> RESULT SCAN
2024-02-28 14:07:20,874 - INFO - PASS SCAN
2024-02-28 14:07:20,874 - INFO - ----------- SEND TO SFC -----------
2024-02-28 14:07:21,057 - INFO - --> Send Data SN:  21031810050123071680334167
2024-02-28 14:07:22,318 - INFO - 
xxxxxxxxxxxxxxxxxxxxxxxxxxxxxxxx
2024-02-28 14:07:22,318 - INFO - --> Received scan signal from PLC
2024-02-28 14:07:22,319 - INFO - --> ------ SCAN SIGNAL -------
2024-02-28 14:07:22,371 - INFO - --> RESULT SCAN
2024-02-28 14:07:22,371 - INFO - PASS SCAN
2024-02-28 14:07:22,371 - INFO - ----------- SEND TO SFC -----------
2024-02-28 14:07:22,555 - INFO - --> Send Data SN:  21031810050123071680334735
2024-02-28 14:07:23,878 - INFO - 
xxxxxxxxxxxxxxxxxxxxxxxxxxxxxxxx
2024-02-28 14:07:23,879 - INFO - --> Received scan signal from PLC
2024-02-28 14:07:23,879 - INFO - --> ------ SCAN SIGNAL -------
2024-02-28 14:07:23,923 - INFO - --> RESULT SCAN
2024-02-28 14:07:23,923 - INFO - PASS SCAN
2024-02-28 14:07:23,923 - INFO - ----------- SEND TO SFC -----------
2024-02-28 14:07:24,101 - INFO - --> Send Data SN:  21031810050123071680334733
2024-02-28 14:07:25,388 - INFO - 
xxxxxxxxxxxxxxxxxxxxxxxxxxxxxxxx
2024-02-28 14:07:25,389 - INFO - --> Received scan signal from PLC
2024-02-28 14:07:25,389 - INFO - --> ------ SCAN SIGNAL -------
2024-02-28 14:07:25,426 - INFO - --> RESULT SCAN
2024-02-28 14:07:25,426 - INFO - PASS SCAN
2024-02-28 14:07:25,427 - INFO - ----------- SEND TO SFC -----------
2024-02-28 14:07:25,611 - INFO - --> Send Data SN:  21031810050123071680334723
2024-02-28 14:07:26,909 - INFO - 
xxxxxxxxxxxxxxxxxxxxxxxxxxxxxxxx
2024-02-28 14:07:26,909 - INFO - --> Received scan signal from PLC
2024-02-28 14:07:26,909 - INFO - --> ------ SCAN SIGNAL -------
2024-02-28 14:07:26,961 - INFO - --> RESULT SCAN
2024-02-28 14:07:26,962 - INFO - PASS SCAN
2024-02-28 14:07:26,962 - INFO - ----------- SEND TO SFC -----------
2024-02-28 14:07:27,141 - INFO - --> Send Data SN:  21031810050123071680334209
2024-02-28 14:07:28,509 - INFO - 
xxxxxxxxxxxxxxxxxxxxxxxxxxxxxxxx
2024-02-28 14:07:28,510 - INFO - --> Received scan signal from PLC
2024-02-28 14:07:28,510 - INFO - --> ------ SCAN SIGNAL -------
2024-02-28 14:07:28,555 - INFO - --> RESULT SCAN
2024-02-28 14:07:28,555 - INFO - PASS SCAN
2024-02-28 14:07:28,555 - INFO - ----------- SEND TO SFC -----------
2024-02-28 14:07:28,734 - INFO - --> Send Data SN:  21031810050123071680338294
2024-02-28 14:07:29,998 - INFO - 
xxxxxxxxxxxxxxxxxxxxxxxxxxxxxxxx
2024-02-28 14:07:29,998 - INFO - --> Received scan signal from PLC
2024-02-28 14:07:29,998 - INFO - --> ------ SCAN SIGNAL -------
2024-02-28 14:07:30,050 - INFO - --> RESULT SCAN
2024-02-28 14:07:30,051 - INFO - PASS SCAN
2024-02-28 14:07:30,051 - INFO - ----------- SEND TO SFC -----------
2024-02-28 14:07:30,233 - INFO - --> Send Data SN:  21031810050123071680334232
2024-02-28 14:07:31,529 - INFO - 
xxxxxxxxxxxxxxxxxxxxxxxxxxxxxxxx
2024-02-28 14:07:31,529 - INFO - --> Received scan signal from PLC
2024-02-28 14:07:31,529 - INFO - --> ------ SCAN SIGNAL -------
2024-02-28 14:07:31,581 - INFO - --> RESULT SCAN
2024-02-28 14:07:31,581 - INFO - PASS SCAN
2024-02-28 14:07:31,582 - INFO - ----------- SEND TO SFC -----------
2024-02-28 14:07:31,762 - INFO - --> Send Data SN:  21031810050123071680334664
2024-02-28 14:07:33,039 - INFO - 
xxxxxxxxxxxxxxxxxxxxxxxxxxxxxxxx
2024-02-28 14:07:33,039 - INFO - --> Received scan signal from PLC
2024-02-28 14:07:33,040 - INFO - --> ------ SCAN SIGNAL -------
2024-02-28 14:07:33,083 - INFO - --> RESULT SCAN
2024-02-28 14:07:33,083 - INFO - PASS SCAN
2024-02-28 14:07:33,084 - INFO - ----------- SEND TO SFC -----------
2024-02-28 14:07:33,263 - INFO - --> Send Data SN:  21031810050123071680334184
2024-02-28 14:07:34,539 - INFO - 
xxxxxxxxxxxxxxxxxxxxxxxxxxxxxxxx
2024-02-28 14:07:34,540 - INFO - --> Received scan signal from PLC
2024-02-28 14:07:34,540 - INFO - --> ------ SCAN SIGNAL -------
2024-02-28 14:07:34,579 - INFO - --> RESULT SCAN
2024-02-28 14:07:34,579 - INFO - PASS SCAN
2024-02-28 14:07:34,579 - INFO - ----------- SEND TO SFC -----------
2024-02-28 14:07:34,761 - INFO - --> Send Data SN:  21031810050123071680334119
2024-02-28 14:07:36,027 - INFO - 
xxxxxxxxxxxxxxxxxxxxxxxxxxxxxxxx
2024-02-28 14:07:36,028 - INFO - --> Received scan signal from PLC
2024-02-28 14:07:36,028 - INFO - --> ------ SCAN SIGNAL -------
2024-02-28 14:07:36,082 - INFO - --> RESULT SCAN
2024-02-28 14:07:36,082 - INFO - PASS SCAN
2024-02-28 14:07:36,082 - INFO - ----------- SEND TO SFC -----------
2024-02-28 14:07:36,258 - INFO - --> Send Data SN:  21031810050123071680334228
2024-02-28 14:07:37,620 - INFO - 
xxxxxxxxxxxxxxxxxxxxxxxxxxxxxxxx
2024-02-28 14:07:37,620 - INFO - --> Received scan signal from PLC
2024-02-28 14:07:37,620 - INFO - --> ------ SCAN SIGNAL -------
2024-02-28 14:07:42,887 - WARNING - Received signal PLC when program is processing.
2024-02-28 14:07:43,005 - INFO - --> RESULT SCAN
2024-02-28 14:07:43,005 - ERROR - FAILED
2024-02-28 14:07:43,035 - ERROR - ------FAIL SCAN-------
2024-02-28 14:07:43,035 - ERROR - Data SN: None
2024-02-28 14:07:53,137 - INFO - 
xxxxxxxxxxxxxxxxxxxxxxxxxxxxxxxx
2024-02-28 14:07:53,138 - INFO - --> Received scan signal from PLC
2024-02-28 14:07:53,138 - INFO - --> ------ SCAN SIGNAL -------
2024-02-28 14:07:53,179 - INFO - --> RESULT SCAN
2024-02-28 14:07:53,179 - INFO - PASS SCAN
2024-02-28 14:07:53,179 - INFO - ----------- SEND TO SFC -----------
2024-02-28 14:07:53,366 - INFO - --> Send Data SN:  21031810050123071680334142
2024-02-28 14:07:54,639 - INFO - 
xxxxxxxxxxxxxxxxxxxxxxxxxxxxxxxx
2024-02-28 14:07:54,639 - INFO - --> Received scan signal from PLC
2024-02-28 14:07:54,639 - INFO - --> ------ SCAN SIGNAL -------
2024-02-28 14:07:54,664 - INFO - --> RESULT SCAN
2024-02-28 14:07:54,664 - INFO - PASS SCAN
2024-02-28 14:07:54,664 - INFO - ----------- SEND TO SFC -----------
2024-02-28 14:07:54,846 - INFO - --> Send Data SN:  21031810050123071680334729
2024-02-28 14:07:56,109 - INFO - 
xxxxxxxxxxxxxxxxxxxxxxxxxxxxxxxx
2024-02-28 14:07:56,109 - INFO - --> Received scan signal from PLC
2024-02-28 14:07:56,109 - INFO - --> ------ SCAN SIGNAL -------
2024-02-28 14:07:56,156 - INFO - --> RESULT SCAN
2024-02-28 14:07:56,156 - INFO - PASS SCAN
2024-02-28 14:07:56,156 - INFO - ----------- SEND TO SFC -----------
2024-02-28 14:07:56,330 - INFO - --> Send Data SN:  21031810050123071680334238
2024-02-28 14:07:57,586 - INFO - 
xxxxxxxxxxxxxxxxxxxxxxxxxxxxxxxx
2024-02-28 14:07:57,586 - INFO - --> Received scan signal from PLC
2024-02-28 14:07:57,587 - INFO - --> ------ SCAN SIGNAL -------
2024-02-28 14:07:57,620 - INFO - --> RESULT SCAN
2024-02-28 14:07:57,621 - INFO - PASS SCAN
2024-02-28 14:07:57,621 - INFO - ----------- SEND TO SFC -----------
2024-02-28 14:07:57,800 - INFO - --> Send Data SN:  21031810050123071680334195
2024-02-28 14:07:59,068 - INFO - 
xxxxxxxxxxxxxxxxxxxxxxxxxxxxxxxx
2024-02-28 14:07:59,068 - INFO - --> Received scan signal from PLC
2024-02-28 14:07:59,069 - INFO - --> ------ SCAN SIGNAL -------
2024-02-28 14:07:59,112 - INFO - --> RESULT SCAN
2024-02-28 14:07:59,112 - INFO - PASS SCAN
2024-02-28 14:07:59,112 - INFO - ----------- SEND TO SFC -----------
2024-02-28 14:07:59,294 - INFO - --> Send Data SN:  21031810050123071680334178
2024-02-28 14:08:00,588 - INFO - 
xxxxxxxxxxxxxxxxxxxxxxxxxxxxxxxx
2024-02-28 14:08:00,588 - INFO - --> Received scan signal from PLC
2024-02-28 14:08:00,588 - INFO - --> ------ SCAN SIGNAL -------
2024-02-28 14:08:00,635 - INFO - --> RESULT SCAN
2024-02-28 14:08:00,635 - INFO - PASS SCAN
2024-02-28 14:08:00,635 - INFO - ----------- SEND TO SFC -----------
2024-02-28 14:08:00,821 - INFO - --> Send Data SN:  21031810050123071680334718
2024-02-28 14:08:02,189 - INFO - 
xxxxxxxxxxxxxxxxxxxxxxxxxxxxxxxx
2024-02-28 14:08:02,189 - INFO - --> Received scan signal from PLC
2024-02-28 14:08:02,189 - INFO - --> ------ SCAN SIGNAL -------
2024-02-28 14:08:02,232 - INFO - --> RESULT SCAN
2024-02-28 14:08:02,232 - INFO - PASS SCAN
2024-02-28 14:08:02,232 - INFO - ----------- SEND TO SFC -----------
2024-02-28 14:08:02,415 - INFO - --> Send Data SN:  21031810050123071680338292
2024-02-28 14:08:03,668 - INFO - 
xxxxxxxxxxxxxxxxxxxxxxxxxxxxxxxx
2024-02-28 14:08:03,668 - INFO - --> Received scan signal from PLC
2024-02-28 14:08:03,668 - INFO - --> ------ SCAN SIGNAL -------
2024-02-28 14:08:03,714 - INFO - --> RESULT SCAN
2024-02-28 14:08:03,714 - INFO - PASS SCAN
2024-02-28 14:08:03,714 - INFO - ----------- SEND TO SFC -----------
2024-02-28 14:08:03,895 - INFO - --> Send Data SN:  21031810050123071680334167
2024-02-28 14:08:05,156 - INFO - 
xxxxxxxxxxxxxxxxxxxxxxxxxxxxxxxx
2024-02-28 14:08:05,157 - INFO - --> Received scan signal from PLC
2024-02-28 14:08:05,157 - INFO - --> ------ SCAN SIGNAL -------
2024-02-28 14:08:05,202 - INFO - --> RESULT SCAN
2024-02-28 14:08:05,202 - INFO - PASS SCAN
2024-02-28 14:08:05,202 - INFO - ----------- SEND TO SFC -----------
2024-02-28 14:08:05,381 - INFO - --> Send Data SN:  21031810050123071680334735
2024-02-28 14:08:06,707 - INFO - 
xxxxxxxxxxxxxxxxxxxxxxxxxxxxxxxx
2024-02-28 14:08:06,708 - INFO - --> Received scan signal from PLC
2024-02-28 14:08:06,708 - INFO - --> ------ SCAN SIGNAL -------
2024-02-28 14:08:06,741 - INFO - --> RESULT SCAN
2024-02-28 14:08:06,741 - INFO - PASS SCAN
2024-02-28 14:08:06,741 - INFO - ----------- SEND TO SFC -----------
2024-02-28 14:08:06,918 - INFO - --> Send Data SN:  21031810050123071680334733
2024-02-28 14:08:08,178 - INFO - 
xxxxxxxxxxxxxxxxxxxxxxxxxxxxxxxx
2024-02-28 14:08:08,178 - INFO - --> Received scan signal from PLC
2024-02-28 14:08:08,178 - INFO - --> ------ SCAN SIGNAL -------
2024-02-28 14:08:08,223 - INFO - --> RESULT SCAN
2024-02-28 14:08:08,223 - INFO - PASS SCAN
2024-02-28 14:08:08,223 - INFO - ----------- SEND TO SFC -----------
2024-02-28 14:08:08,414 - INFO - --> Send Data SN:  21031810050123071680334723
2024-02-28 14:08:09,677 - INFO - 
xxxxxxxxxxxxxxxxxxxxxxxxxxxxxxxx
2024-02-28 14:08:09,677 - INFO - --> Received scan signal from PLC
2024-02-28 14:08:09,677 - INFO - --> ------ SCAN SIGNAL -------
2024-02-28 14:08:09,716 - INFO - --> RESULT SCAN
2024-02-28 14:08:09,716 - INFO - PASS SCAN
2024-02-28 14:08:09,716 - INFO - ----------- SEND TO SFC -----------
2024-02-28 14:08:09,901 - INFO - --> Send Data SN:  21031810050123071680334209
2024-02-28 14:08:11,247 - INFO - 
xxxxxxxxxxxxxxxxxxxxxxxxxxxxxxxx
2024-02-28 14:08:11,247 - INFO - --> Received scan signal from PLC
2024-02-28 14:08:11,248 - INFO - --> ------ SCAN SIGNAL -------
2024-02-28 14:08:11,299 - INFO - --> RESULT SCAN
2024-02-28 14:08:11,299 - INFO - PASS SCAN
2024-02-28 14:08:11,299 - INFO - ----------- SEND TO SFC -----------
2024-02-28 14:08:11,481 - INFO - --> Send Data SN:  21031810050123071680338294
2024-02-28 14:08:12,741 - INFO - 
xxxxxxxxxxxxxxxxxxxxxxxxxxxxxxxx
2024-02-28 14:08:12,741 - INFO - --> Received scan signal from PLC
2024-02-28 14:08:12,742 - INFO - --> ------ SCAN SIGNAL -------
2024-02-28 14:08:12,789 - INFO - --> RESULT SCAN
2024-02-28 14:08:12,789 - INFO - PASS SCAN
2024-02-28 14:08:12,789 - INFO - ----------- SEND TO SFC -----------
2024-02-28 14:08:12,973 - INFO - --> Send Data SN:  21031810050123071680334232
2024-02-28 14:08:14,237 - INFO - 
xxxxxxxxxxxxxxxxxxxxxxxxxxxxxxxx
2024-02-28 14:08:14,238 - INFO - --> Received scan signal from PLC
2024-02-28 14:08:14,238 - INFO - --> ------ SCAN SIGNAL -------
2024-02-28 14:08:14,288 - INFO - --> RESULT SCAN
2024-02-28 14:08:14,290 - INFO - PASS SCAN
2024-02-28 14:08:14,290 - INFO - ----------- SEND TO SFC -----------
2024-02-28 14:08:14,469 - INFO - --> Send Data SN:  21031810050123071680334664
2024-02-28 14:08:15,748 - INFO - 
xxxxxxxxxxxxxxxxxxxxxxxxxxxxxxxx
2024-02-28 14:08:15,748 - INFO - --> Received scan signal from PLC
2024-02-28 14:08:15,748 - INFO - --> ------ SCAN SIGNAL -------
2024-02-28 14:08:15,801 - INFO - --> RESULT SCAN
2024-02-28 14:08:15,802 - INFO - PASS SCAN
2024-02-28 14:08:15,802 - INFO - ----------- SEND TO SFC -----------
2024-02-28 14:08:15,980 - INFO - --> Send Data SN:  21031810050123071680334184
2024-02-28 14:08:17,237 - INFO - 
xxxxxxxxxxxxxxxxxxxxxxxxxxxxxxxx
2024-02-28 14:08:17,238 - INFO - --> Received scan signal from PLC
2024-02-28 14:08:17,238 - INFO - --> ------ SCAN SIGNAL -------
2024-02-28 14:08:17,271 - INFO - --> RESULT SCAN
2024-02-28 14:08:17,271 - INFO - PASS SCAN
2024-02-28 14:08:17,271 - INFO - ----------- SEND TO SFC -----------
2024-02-28 14:08:17,454 - INFO - --> Send Data SN:  21031810050123071680334119
2024-02-28 14:08:18,757 - INFO - 
xxxxxxxxxxxxxxxxxxxxxxxxxxxxxxxx
2024-02-28 14:08:18,758 - INFO - --> Received scan signal from PLC
2024-02-28 14:08:18,758 - INFO - --> ------ SCAN SIGNAL -------
2024-02-28 14:08:24,124 - INFO - --> RESULT SCAN
2024-02-28 14:08:24,124 - ERROR - FAILED
2024-02-28 14:08:24,145 - ERROR - ------FAIL SCAN-------
2024-02-28 14:08:24,145 - ERROR - Data SN: None
2024-02-28 14:08:33,316 - INFO - 
xxxxxxxxxxxxxxxxxxxxxxxxxxxxxxxx
2024-02-28 14:08:33,316 - INFO - --> Received scan signal from PLC
2024-02-28 14:08:33,316 - INFO - --> ------ SCAN SIGNAL -------
2024-02-28 14:08:33,351 - INFO - --> RESULT SCAN
2024-02-28 14:08:33,351 - INFO - PASS SCAN
2024-02-28 14:08:33,351 - INFO - ----------- SEND TO SFC -----------
2024-02-28 14:08:33,534 - INFO - --> Send Data SN:  21031810050123071680334228
2024-02-28 14:08:34,886 - INFO - 
xxxxxxxxxxxxxxxxxxxxxxxxxxxxxxxx
2024-02-28 14:08:34,886 - INFO - --> Received scan signal from PLC
2024-02-28 14:08:34,886 - INFO - --> ------ SCAN SIGNAL -------
2024-02-28 14:08:40,277 - INFO - --> RESULT SCAN
2024-02-28 14:08:40,277 - ERROR - FAILED
2024-02-28 14:08:40,300 - ERROR - ------FAIL SCAN-------
2024-02-28 14:08:40,300 - ERROR - Data SN: None
2024-02-28 14:09:08,956 - INFO - 
xxxxxxxxxxxxxxxxxxxxxxxxxxxxxxxx
2024-02-28 14:09:08,956 - INFO - --> Received scan signal from PLC
2024-02-28 14:09:08,957 - INFO - --> ------ SCAN SIGNAL -------
2024-02-28 14:09:08,996 - INFO - --> RESULT SCAN
2024-02-28 14:09:08,996 - INFO - PASS SCAN
2024-02-28 14:09:08,996 - INFO - ----------- SEND TO SFC -----------
2024-02-28 14:09:09,176 - INFO - --> Send Data SN:  21031810050123071680334142
2024-02-28 14:09:10,446 - INFO - 
xxxxxxxxxxxxxxxxxxxxxxxxxxxxxxxx
2024-02-28 14:09:10,447 - INFO - --> Received scan signal from PLC
2024-02-28 14:09:10,447 - INFO - --> ------ SCAN SIGNAL -------
2024-02-28 14:09:10,485 - INFO - --> RESULT SCAN
2024-02-28 14:09:10,485 - INFO - PASS SCAN
2024-02-28 14:09:10,485 - INFO - ----------- SEND TO SFC -----------
2024-02-28 14:09:10,669 - INFO - --> Send Data SN:  21031810050123071680334729
2024-02-28 14:09:11,947 - INFO - 
xxxxxxxxxxxxxxxxxxxxxxxxxxxxxxxx
2024-02-28 14:09:11,947 - INFO - --> Received scan signal from PLC
2024-02-28 14:09:11,948 - INFO - --> ------ SCAN SIGNAL -------
2024-02-28 14:09:11,993 - INFO - --> RESULT SCAN
2024-02-28 14:09:11,993 - INFO - PASS SCAN
2024-02-28 14:09:11,994 - INFO - ----------- SEND TO SFC -----------
2024-02-28 14:09:12,175 - INFO - --> Send Data SN:  21031810050123071680334238
2024-02-28 14:09:13,446 - INFO - 
xxxxxxxxxxxxxxxxxxxxxxxxxxxxxxxx
2024-02-28 14:09:13,446 - INFO - --> Received scan signal from PLC
2024-02-28 14:09:13,447 - INFO - --> ------ SCAN SIGNAL -------
2024-02-28 14:09:13,495 - INFO - --> RESULT SCAN
2024-02-28 14:09:13,495 - INFO - PASS SCAN
2024-02-28 14:09:13,495 - INFO - ----------- SEND TO SFC -----------
2024-02-28 14:09:13,670 - INFO - --> Send Data SN:  21031810050123071680334195
2024-02-28 14:09:14,937 - INFO - 
xxxxxxxxxxxxxxxxxxxxxxxxxxxxxxxx
2024-02-28 14:09:14,937 - INFO - --> Received scan signal from PLC
2024-02-28 14:09:14,937 - INFO - --> ------ SCAN SIGNAL -------
2024-02-28 14:09:14,982 - INFO - --> RESULT SCAN
2024-02-28 14:09:14,982 - INFO - PASS SCAN
2024-02-28 14:09:14,982 - INFO - ----------- SEND TO SFC -----------
2024-02-28 14:09:15,166 - INFO - --> Send Data SN:  21031810050123071680334178
2024-02-28 14:09:16,456 - INFO - 
xxxxxxxxxxxxxxxxxxxxxxxxxxxxxxxx
2024-02-28 14:09:16,456 - INFO - --> Received scan signal from PLC
2024-02-28 14:09:16,456 - INFO - --> ------ SCAN SIGNAL -------
2024-02-28 14:09:16,489 - INFO - --> RESULT SCAN
2024-02-28 14:09:16,489 - INFO - PASS SCAN
2024-02-28 14:09:16,490 - INFO - ----------- SEND TO SFC -----------
2024-02-28 14:09:16,668 - INFO - --> Send Data SN:  21031810050123071680334718
2024-02-28 14:09:18,025 - INFO - 
xxxxxxxxxxxxxxxxxxxxxxxxxxxxxxxx
2024-02-28 14:09:18,026 - INFO - --> Received scan signal from PLC
2024-02-28 14:09:18,026 - INFO - --> ------ SCAN SIGNAL -------
2024-02-28 14:09:18,067 - INFO - --> RESULT SCAN
2024-02-28 14:09:18,067 - INFO - PASS SCAN
2024-02-28 14:09:18,068 - INFO - ----------- SEND TO SFC -----------
2024-02-28 14:09:18,251 - INFO - --> Send Data SN:  21031810050123071680338292
2024-02-28 14:09:19,555 - INFO - 
xxxxxxxxxxxxxxxxxxxxxxxxxxxxxxxx
2024-02-28 14:09:19,555 - INFO - --> Received scan signal from PLC
2024-02-28 14:09:19,556 - INFO - --> ------ SCAN SIGNAL -------
2024-02-28 14:09:19,598 - INFO - --> RESULT SCAN
2024-02-28 14:09:19,598 - INFO - PASS SCAN
2024-02-28 14:09:19,598 - INFO - ----------- SEND TO SFC -----------
2024-02-28 14:09:19,786 - INFO - --> Send Data SN:  21031810050123071680334167
2024-02-28 14:09:21,046 - INFO - 
xxxxxxxxxxxxxxxxxxxxxxxxxxxxxxxx
2024-02-28 14:09:21,046 - INFO - --> Received scan signal from PLC
2024-02-28 14:09:21,046 - INFO - --> ------ SCAN SIGNAL -------
2024-02-28 14:09:21,086 - INFO - --> RESULT SCAN
2024-02-28 14:09:21,086 - INFO - PASS SCAN
2024-02-28 14:09:21,086 - INFO - ----------- SEND TO SFC -----------
2024-02-28 14:09:21,265 - INFO - --> Send Data SN:  21031810050123071680334735
2024-02-28 14:09:22,565 - INFO - 
xxxxxxxxxxxxxxxxxxxxxxxxxxxxxxxx
2024-02-28 14:09:22,566 - INFO - --> Received scan signal from PLC
2024-02-28 14:09:22,566 - INFO - --> ------ SCAN SIGNAL -------
2024-02-28 14:09:22,606 - INFO - --> RESULT SCAN
2024-02-28 14:09:22,606 - INFO - PASS SCAN
2024-02-28 14:09:22,606 - INFO - ----------- SEND TO SFC -----------
2024-02-28 14:09:22,788 - INFO - --> Send Data SN:  21031810050123071680334733
2024-02-28 14:09:24,046 - INFO - 
xxxxxxxxxxxxxxxxxxxxxxxxxxxxxxxx
2024-02-28 14:09:24,047 - INFO - --> Received scan signal from PLC
2024-02-28 14:09:24,047 - INFO - --> ------ SCAN SIGNAL -------
2024-02-28 14:09:24,085 - INFO - --> RESULT SCAN
2024-02-28 14:09:24,085 - INFO - PASS SCAN
2024-02-28 14:09:24,085 - INFO - ----------- SEND TO SFC -----------
2024-02-28 14:09:24,269 - INFO - --> Send Data SN:  21031810050123071680334723
2024-02-28 14:09:25,565 - INFO - 
xxxxxxxxxxxxxxxxxxxxxxxxxxxxxxxx
2024-02-28 14:09:25,565 - INFO - --> Received scan signal from PLC
2024-02-28 14:09:25,565 - INFO - --> ------ SCAN SIGNAL -------
2024-02-28 14:09:25,612 - INFO - --> RESULT SCAN
2024-02-28 14:09:25,613 - INFO - PASS SCAN
2024-02-28 14:09:25,613 - INFO - ----------- SEND TO SFC -----------
2024-02-28 14:09:25,795 - INFO - --> Send Data SN:  21031810050123071680334209
2024-02-28 14:09:27,135 - INFO - 
xxxxxxxxxxxxxxxxxxxxxxxxxxxxxxxx
2024-02-28 14:09:27,135 - INFO - --> Received scan signal from PLC
2024-02-28 14:09:27,136 - INFO - --> ------ SCAN SIGNAL -------
2024-02-28 14:09:27,184 - INFO - --> RESULT SCAN
2024-02-28 14:09:27,184 - INFO - PASS SCAN
2024-02-28 14:09:27,184 - INFO - ----------- SEND TO SFC -----------
2024-02-28 14:09:27,366 - INFO - --> Send Data SN:  21031810050123071680338294
2024-02-28 14:09:28,645 - INFO - 
xxxxxxxxxxxxxxxxxxxxxxxxxxxxxxxx
2024-02-28 14:09:28,646 - INFO - --> Received scan signal from PLC
2024-02-28 14:09:28,646 - INFO - --> ------ SCAN SIGNAL -------
2024-02-28 14:09:28,690 - INFO - --> RESULT SCAN
2024-02-28 14:09:28,691 - INFO - PASS SCAN
2024-02-28 14:09:28,691 - INFO - ----------- SEND TO SFC -----------
2024-02-28 14:09:28,872 - INFO - --> Send Data SN:  21031810050123071680334232
2024-02-28 14:09:30,165 - INFO - 
xxxxxxxxxxxxxxxxxxxxxxxxxxxxxxxx
2024-02-28 14:09:30,165 - INFO - --> Received scan signal from PLC
2024-02-28 14:09:30,165 - INFO - --> ------ SCAN SIGNAL -------
2024-02-28 14:09:30,208 - INFO - --> RESULT SCAN
2024-02-28 14:09:30,208 - INFO - PASS SCAN
2024-02-28 14:09:30,208 - INFO - ----------- SEND TO SFC -----------
2024-02-28 14:09:30,385 - INFO - --> Send Data SN:  21031810050123071680334664
2024-02-28 14:09:31,685 - INFO - 
xxxxxxxxxxxxxxxxxxxxxxxxxxxxxxxx
2024-02-28 14:09:31,685 - INFO - --> Received scan signal from PLC
2024-02-28 14:09:31,685 - INFO - --> ------ SCAN SIGNAL -------
2024-02-28 14:09:31,734 - INFO - --> RESULT SCAN
2024-02-28 14:09:31,734 - INFO - PASS SCAN
2024-02-28 14:09:31,735 - INFO - ----------- SEND TO SFC -----------
2024-02-28 14:09:31,915 - INFO - --> Send Data SN:  21031810050123071680334184
2024-02-28 14:09:33,184 - INFO - 
xxxxxxxxxxxxxxxxxxxxxxxxxxxxxxxx
2024-02-28 14:09:33,185 - INFO - --> Received scan signal from PLC
2024-02-28 14:09:33,185 - INFO - --> ------ SCAN SIGNAL -------
2024-02-28 14:09:33,229 - INFO - --> RESULT SCAN
2024-02-28 14:09:33,229 - INFO - PASS SCAN
2024-02-28 14:09:33,229 - INFO - ----------- SEND TO SFC -----------
2024-02-28 14:09:33,413 - INFO - --> Send Data SN:  21031810050123071680334119
2024-02-28 14:09:34,696 - INFO - 
xxxxxxxxxxxxxxxxxxxxxxxxxxxxxxxx
2024-02-28 14:09:34,697 - INFO - --> Received scan signal from PLC
2024-02-28 14:09:34,697 - INFO - --> ------ SCAN SIGNAL -------
2024-02-28 14:09:34,736 - INFO - --> RESULT SCAN
2024-02-28 14:09:34,736 - INFO - PASS SCAN
2024-02-28 14:09:34,737 - INFO - ----------- SEND TO SFC -----------
2024-02-28 14:09:34,916 - INFO - --> Send Data SN:  21031810050123071680334228
2024-02-28 14:09:36,245 - INFO - 
xxxxxxxxxxxxxxxxxxxxxxxxxxxxxxxx
2024-02-28 14:09:36,246 - INFO - --> Received scan signal from PLC
2024-02-28 14:09:36,246 - INFO - --> ------ SCAN SIGNAL -------
2024-02-28 14:09:41,652 - INFO - --> RESULT SCAN
2024-02-28 14:09:41,652 - ERROR - FAILED
2024-02-28 14:09:41,672 - ERROR - ------FAIL SCAN-------
2024-02-28 14:09:41,672 - ERROR - Data SN: None
2024-02-28 14:10:19,512 - INFO - 
xxxxxxxxxxxxxxxxxxxxxxxxxxxxxxxx
2024-02-28 14:10:19,513 - INFO - --> Received scan signal from PLC
2024-02-28 14:10:19,513 - INFO - --> ------ SCAN SIGNAL -------
2024-02-28 14:10:19,556 - INFO - --> RESULT SCAN
2024-02-28 14:10:19,556 - INFO - PASS SCAN
2024-02-28 14:10:19,557 - INFO - ----------- SEND TO SFC -----------
2024-02-28 14:10:19,741 - INFO - --> Send Data SN:  21031810050123071680334142
2024-02-28 14:10:21,032 - INFO - 
xxxxxxxxxxxxxxxxxxxxxxxxxxxxxxxx
2024-02-28 14:10:21,032 - INFO - --> Received scan signal from PLC
2024-02-28 14:10:21,032 - INFO - --> ------ SCAN SIGNAL -------
2024-02-28 14:10:21,055 - INFO - --> RESULT SCAN
2024-02-28 14:10:21,055 - INFO - PASS SCAN
2024-02-28 14:10:21,055 - INFO - ----------- SEND TO SFC -----------
2024-02-28 14:10:21,236 - INFO - --> Send Data SN:  21031810050123071680334729
2024-02-28 14:10:22,503 - INFO - 
xxxxxxxxxxxxxxxxxxxxxxxxxxxxxxxx
2024-02-28 14:10:22,503 - INFO - --> Received scan signal from PLC
2024-02-28 14:10:22,504 - INFO - --> ------ SCAN SIGNAL -------
2024-02-28 14:10:22,544 - INFO - --> RESULT SCAN
2024-02-28 14:10:22,544 - INFO - PASS SCAN
2024-02-28 14:10:22,545 - INFO - ----------- SEND TO SFC -----------
2024-02-28 14:10:22,724 - INFO - --> Send Data SN:  21031810050123071680334238
2024-02-28 14:10:24,015 - INFO - 
xxxxxxxxxxxxxxxxxxxxxxxxxxxxxxxx
2024-02-28 14:10:24,015 - INFO - --> Received scan signal from PLC
2024-02-28 14:10:24,015 - INFO - --> ------ SCAN SIGNAL -------
2024-02-28 14:10:24,056 - INFO - --> RESULT SCAN
2024-02-28 14:10:24,056 - INFO - PASS SCAN
2024-02-28 14:10:24,056 - INFO - ----------- SEND TO SFC -----------
2024-02-28 14:10:24,236 - INFO - --> Send Data SN:  21031810050123071680334195
2024-02-28 14:10:25,544 - INFO - 
xxxxxxxxxxxxxxxxxxxxxxxxxxxxxxxx
2024-02-28 14:10:25,544 - INFO - --> Received scan signal from PLC
2024-02-28 14:10:25,544 - INFO - --> ------ SCAN SIGNAL -------
2024-02-28 14:10:25,585 - INFO - --> RESULT SCAN
2024-02-28 14:10:25,585 - INFO - PASS SCAN
2024-02-28 14:10:25,585 - INFO - ----------- SEND TO SFC -----------
2024-02-28 14:10:25,766 - INFO - --> Send Data SN:  21031810050123071680334178
2024-02-28 14:10:27,035 - INFO - 
xxxxxxxxxxxxxxxxxxxxxxxxxxxxxxxx
2024-02-28 14:10:27,035 - INFO - --> Received scan signal from PLC
2024-02-28 14:10:27,036 - INFO - --> ------ SCAN SIGNAL -------
2024-02-28 14:10:27,085 - INFO - --> RESULT SCAN
2024-02-28 14:10:27,085 - INFO - PASS SCAN
2024-02-28 14:10:27,085 - INFO - ----------- SEND TO SFC -----------
2024-02-28 14:10:27,263 - INFO - --> Send Data SN:  21031810050123071680334718
2024-02-28 14:10:28,603 - INFO - 
xxxxxxxxxxxxxxxxxxxxxxxxxxxxxxxx
2024-02-28 14:10:28,603 - INFO - --> Received scan signal from PLC
2024-02-28 14:10:28,604 - INFO - --> ------ SCAN SIGNAL -------
2024-02-28 14:10:28,645 - INFO - --> RESULT SCAN
2024-02-28 14:10:28,645 - INFO - PASS SCAN
2024-02-28 14:10:28,645 - INFO - ----------- SEND TO SFC -----------
2024-02-28 14:10:28,820 - INFO - --> Send Data SN:  21031810050123071680338292
2024-02-28 14:10:30,103 - INFO - 
xxxxxxxxxxxxxxxxxxxxxxxxxxxxxxxx
2024-02-28 14:10:30,104 - INFO - --> Received scan signal from PLC
2024-02-28 14:10:30,104 - INFO - --> ------ SCAN SIGNAL -------
2024-02-28 14:10:30,137 - INFO - --> RESULT SCAN
2024-02-28 14:10:30,138 - INFO - PASS SCAN
2024-02-28 14:10:30,138 - INFO - ----------- SEND TO SFC -----------
2024-02-28 14:10:30,321 - INFO - --> Send Data SN:  21031810050123071680334167
2024-02-28 14:10:31,573 - INFO - 
xxxxxxxxxxxxxxxxxxxxxxxxxxxxxxxx
2024-02-28 14:10:31,573 - INFO - --> Received scan signal from PLC
2024-02-28 14:10:31,573 - INFO - --> ------ SCAN SIGNAL -------
2024-02-28 14:10:31,610 - INFO - --> RESULT SCAN
2024-02-28 14:10:31,610 - INFO - PASS SCAN
2024-02-28 14:10:31,610 - INFO - ----------- SEND TO SFC -----------
2024-02-28 14:10:31,790 - INFO - --> Send Data SN:  21031810050123071680334735
2024-02-28 14:10:33,063 - INFO - 
xxxxxxxxxxxxxxxxxxxxxxxxxxxxxxxx
2024-02-28 14:10:33,064 - INFO - --> Received scan signal from PLC
2024-02-28 14:10:33,064 - INFO - --> ------ SCAN SIGNAL -------
2024-02-28 14:10:33,105 - INFO - --> RESULT SCAN
2024-02-28 14:10:33,106 - INFO - PASS SCAN
2024-02-28 14:10:33,106 - INFO - ----------- SEND TO SFC -----------
2024-02-28 14:10:33,284 - INFO - --> Send Data SN:  21031810050123071680334733
2024-02-28 14:10:34,583 - INFO - 
xxxxxxxxxxxxxxxxxxxxxxxxxxxxxxxx
2024-02-28 14:10:34,583 - INFO - --> Received scan signal from PLC
2024-02-28 14:10:34,583 - INFO - --> ------ SCAN SIGNAL -------
2024-02-28 14:10:34,632 - INFO - --> RESULT SCAN
2024-02-28 14:10:34,632 - INFO - PASS SCAN
2024-02-28 14:10:34,632 - INFO - ----------- SEND TO SFC -----------
2024-02-28 14:10:34,815 - INFO - --> Send Data SN:  21031810050123071680334723
2024-02-28 14:10:36,123 - INFO - 
xxxxxxxxxxxxxxxxxxxxxxxxxxxxxxxx
2024-02-28 14:10:36,123 - INFO - --> Received scan signal from PLC
2024-02-28 14:10:36,123 - INFO - --> ------ SCAN SIGNAL -------
2024-02-28 14:10:36,163 - INFO - --> RESULT SCAN
2024-02-28 14:10:36,163 - INFO - PASS SCAN
2024-02-28 14:10:36,163 - INFO - ----------- SEND TO SFC -----------
2024-02-28 14:10:36,341 - INFO - --> Send Data SN:  21031810050123071680334209
2024-02-28 14:10:37,712 - INFO - 
xxxxxxxxxxxxxxxxxxxxxxxxxxxxxxxx
2024-02-28 14:10:37,713 - INFO - --> Received scan signal from PLC
2024-02-28 14:10:37,713 - INFO - --> ------ SCAN SIGNAL -------
2024-02-28 14:10:37,754 - INFO - --> RESULT SCAN
2024-02-28 14:10:37,754 - INFO - PASS SCAN
2024-02-28 14:10:37,754 - INFO - ----------- SEND TO SFC -----------
2024-02-28 14:10:37,933 - INFO - --> Send Data SN:  21031810050123071680338294
2024-02-28 14:10:39,213 - INFO - 
xxxxxxxxxxxxxxxxxxxxxxxxxxxxxxxx
2024-02-28 14:10:39,214 - INFO - --> Received scan signal from PLC
2024-02-28 14:10:39,214 - INFO - --> ------ SCAN SIGNAL -------
2024-02-28 14:10:39,262 - INFO - --> RESULT SCAN
2024-02-28 14:10:39,263 - INFO - PASS SCAN
2024-02-28 14:10:39,263 - INFO - ----------- SEND TO SFC -----------
2024-02-28 14:10:39,446 - INFO - --> Send Data SN:  21031810050123071680334232
2024-02-28 14:10:40,733 - INFO - 
xxxxxxxxxxxxxxxxxxxxxxxxxxxxxxxx
2024-02-28 14:10:40,733 - INFO - --> Received scan signal from PLC
2024-02-28 14:10:40,733 - INFO - --> ------ SCAN SIGNAL -------
2024-02-28 14:10:40,778 - INFO - --> RESULT SCAN
2024-02-28 14:10:40,778 - INFO - PASS SCAN
2024-02-28 14:10:40,779 - INFO - ----------- SEND TO SFC -----------
2024-02-28 14:10:40,961 - INFO - --> Send Data SN:  21031810050123071680334664
2024-02-28 14:10:42,244 - INFO - 
xxxxxxxxxxxxxxxxxxxxxxxxxxxxxxxx
2024-02-28 14:10:42,244 - INFO - --> Received scan signal from PLC
2024-02-28 14:10:42,244 - INFO - --> ------ SCAN SIGNAL -------
2024-02-28 14:10:42,293 - INFO - --> RESULT SCAN
2024-02-28 14:10:42,294 - INFO - PASS SCAN
2024-02-28 14:10:42,294 - INFO - ----------- SEND TO SFC -----------
2024-02-28 14:10:42,472 - INFO - --> Send Data SN:  21031810050123071680334184
2024-02-28 14:10:43,733 - INFO - 
xxxxxxxxxxxxxxxxxxxxxxxxxxxxxxxx
2024-02-28 14:10:43,733 - INFO - --> Received scan signal from PLC
2024-02-28 14:10:43,734 - INFO - --> ------ SCAN SIGNAL -------
2024-02-28 14:10:43,763 - INFO - --> RESULT SCAN
2024-02-28 14:10:43,763 - INFO - PASS SCAN
2024-02-28 14:10:43,763 - INFO - ----------- SEND TO SFC -----------
2024-02-28 14:10:43,945 - INFO - --> Send Data SN:  21031810050123071680334119
2024-02-28 14:10:45,212 - INFO - 
xxxxxxxxxxxxxxxxxxxxxxxxxxxxxxxx
2024-02-28 14:10:45,213 - INFO - --> Received scan signal from PLC
2024-02-28 14:10:45,213 - INFO - --> ------ SCAN SIGNAL -------
2024-02-28 14:10:45,265 - INFO - --> RESULT SCAN
2024-02-28 14:10:45,265 - INFO - PASS SCAN
2024-02-28 14:10:45,265 - INFO - ----------- SEND TO SFC -----------
2024-02-28 14:10:45,444 - INFO - --> Send Data SN:  21031810050123071680334228
2024-02-28 14:10:46,793 - INFO - 
xxxxxxxxxxxxxxxxxxxxxxxxxxxxxxxx
2024-02-28 14:10:46,793 - INFO - --> Received scan signal from PLC
2024-02-28 14:10:46,793 - INFO - --> ------ SCAN SIGNAL -------
2024-02-28 14:10:52,181 - INFO - --> RESULT SCAN
2024-02-28 14:10:52,181 - ERROR - FAILED
2024-02-28 14:10:52,202 - ERROR - ------FAIL SCAN-------
2024-02-28 14:10:52,203 - ERROR - Data SN: None
2024-02-28 14:27:54,452 - INFO - 
xxxxxxxxxxxxxxxxxxxxxxxxxxxxxxxx
2024-02-28 14:27:54,453 - INFO - --> Received scan signal from PLC
2024-02-28 14:27:54,453 - INFO - --> ------ SCAN SIGNAL -------
2024-02-28 14:27:54,492 - INFO - --> RESULT SCAN
2024-02-28 14:27:54,492 - INFO - PASS SCAN
2024-02-28 14:27:54,492 - INFO - ----------- SEND TO SFC -----------
2024-02-28 14:27:55,305 - INFO - --> Send Data SN:  7253501109324CRA3A1012602W
2024-02-28 14:27:57,185 - INFO - 
xxxxxxxxxxxxxxxxxxxxxxxxxxxxxxxx
2024-02-28 14:27:57,185 - INFO - --> Received scan signal from PLC
2024-02-28 14:27:57,186 - INFO - --> ------ SCAN SIGNAL -------
2024-02-28 14:27:57,228 - INFO - --> RESULT SCAN
2024-02-28 14:27:57,228 - INFO - PASS SCAN
2024-02-28 14:27:57,228 - INFO - ----------- SEND TO SFC -----------
2024-02-28 14:27:57,697 - INFO - --> Send Data SN:  7253501109324CRA3A1012619G
2024-02-28 14:27:59,291 - INFO - 
xxxxxxxxxxxxxxxxxxxxxxxxxxxxxxxx
2024-02-28 14:27:59,292 - INFO - --> Received scan signal from PLC
2024-02-28 14:27:59,292 - INFO - --> ------ SCAN SIGNAL -------
2024-02-28 14:27:59,335 - INFO - --> RESULT SCAN
2024-02-28 14:27:59,336 - INFO - PASS SCAN
2024-02-28 14:27:59,336 - INFO - ----------- SEND TO SFC -----------
2024-02-28 14:27:59,764 - INFO - --> Send Data SN:  7253501171224CRAMA1012408T
2024-02-28 14:28:01,431 - INFO - 
xxxxxxxxxxxxxxxxxxxxxxxxxxxxxxxx
2024-02-28 14:28:01,431 - INFO - --> Received scan signal from PLC
2024-02-28 14:28:01,431 - INFO - --> ------ SCAN SIGNAL -------
2024-02-28 14:28:01,467 - INFO - --> RESULT SCAN
2024-02-28 14:28:01,467 - INFO - PASS SCAN
2024-02-28 14:28:01,467 - INFO - ----------- SEND TO SFC -----------
2024-02-28 14:28:01,914 - INFO - --> Send Data SN:  7253501141124CRARA1012407S
2024-02-28 14:28:03,553 - INFO - 
xxxxxxxxxxxxxxxxxxxxxxxxxxxxxxxx
2024-02-28 14:28:03,553 - INFO - --> Received scan signal from PLC
2024-02-28 14:28:03,554 - INFO - --> ------ SCAN SIGNAL -------
2024-02-28 14:28:03,610 - INFO - --> RESULT SCAN
2024-02-28 14:28:03,611 - INFO - PASS SCAN
2024-02-28 14:28:03,611 - INFO - ----------- SEND TO SFC -----------
2024-02-28 14:28:04,072 - INFO - --> Send Data SN:  7253501179324CRAWA1012402R
2024-02-28 14:28:05,720 - INFO - 
xxxxxxxxxxxxxxxxxxxxxxxxxxxxxxxx
2024-02-28 14:28:05,720 - INFO - --> Received scan signal from PLC
2024-02-28 14:28:05,720 - INFO - --> ------ SCAN SIGNAL -------
2024-02-28 14:28:05,742 - INFO - --> RESULT SCAN
2024-02-28 14:28:05,742 - INFO - PASS SCAN
2024-02-28 14:28:05,742 - INFO - ----------- SEND TO SFC -----------
2024-02-28 14:28:06,184 - INFO - --> Send Data SN:  7253392351824CRAKA1A30C22R
2024-02-28 14:28:07,861 - INFO - 
xxxxxxxxxxxxxxxxxxxxxxxxxxxxxxxx
2024-02-28 14:28:07,861 - INFO - --> Received scan signal from PLC
2024-02-28 14:28:07,861 - INFO - --> ------ SCAN SIGNAL -------
2024-02-28 14:28:07,894 - INFO - --> RESULT SCAN
2024-02-28 14:28:07,895 - INFO - PASS SCAN
2024-02-28 14:28:07,895 - INFO - ----------- SEND TO SFC -----------
2024-02-28 14:28:08,320 - INFO - --> Send Data SN:  7253501179324CRAWA1012433M
2024-02-28 14:28:09,949 - INFO - 
xxxxxxxxxxxxxxxxxxxxxxxxxxxxxxxx
2024-02-28 14:28:09,950 - INFO - --> Received scan signal from PLC
2024-02-28 14:28:09,950 - INFO - --> ------ SCAN SIGNAL -------
2024-02-28 14:28:09,987 - INFO - --> RESULT SCAN
2024-02-28 14:28:09,987 - INFO - PASS SCAN
2024-02-28 14:28:09,987 - INFO - ----------- SEND TO SFC -----------
2024-02-28 14:28:10,434 - INFO - --> Send Data SN:  7253392351824CRAKA1A30C23C
2024-02-28 14:28:12,091 - INFO - 
xxxxxxxxxxxxxxxxxxxxxxxxxxxxxxxx
2024-02-28 14:28:12,091 - INFO - --> Received scan signal from PLC
2024-02-28 14:28:12,092 - INFO - --> ------ SCAN SIGNAL -------
2024-02-28 14:28:12,143 - INFO - --> RESULT SCAN
2024-02-28 14:28:12,143 - INFO - PASS SCAN
2024-02-28 14:28:12,143 - INFO - ----------- SEND TO SFC -----------
2024-02-28 14:28:12,585 - INFO - --> Send Data SN:  7253392303B24CRAFA1A30C01F
2024-02-28 14:28:14,331 - INFO - 
xxxxxxxxxxxxxxxxxxxxxxxxxxxxxxxx
2024-02-28 14:28:14,331 - INFO - --> Received scan signal from PLC
2024-02-28 14:28:14,332 - INFO - --> ------ SCAN SIGNAL -------
2024-02-28 14:28:14,377 - INFO - --> RESULT SCAN
2024-02-28 14:28:14,377 - INFO - PASS SCAN
2024-02-28 14:28:14,377 - INFO - ----------- SEND TO SFC -----------
2024-02-28 14:28:14,819 - INFO - --> Send Data SN:  7253501188224CRAZA1012625B
2024-02-28 14:28:16,442 - INFO - 
xxxxxxxxxxxxxxxxxxxxxxxxxxxxxxxx
2024-02-28 14:28:16,442 - INFO - --> Received scan signal from PLC
2024-02-28 14:28:16,443 - INFO - --> ------ SCAN SIGNAL -------
2024-02-28 14:28:16,492 - INFO - --> RESULT SCAN
2024-02-28 14:28:16,493 - INFO - PASS SCAN
2024-02-28 14:28:16,493 - INFO - ----------- SEND TO SFC -----------
2024-02-28 14:28:16,953 - INFO - --> Send Data SN:  7253501109324CRA3A1012634Y
2024-02-28 14:28:18,570 - INFO - 
xxxxxxxxxxxxxxxxxxxxxxxxxxxxxxxx
2024-02-28 14:28:18,570 - INFO - --> Received scan signal from PLC
2024-02-28 14:28:18,571 - INFO - --> ------ SCAN SIGNAL -------
2024-02-28 14:28:18,623 - INFO - --> RESULT SCAN
2024-02-28 14:28:18,623 - INFO - PASS SCAN
2024-02-28 14:28:18,624 - INFO - ----------- SEND TO SFC -----------
2024-02-28 14:28:19,085 - INFO - --> Send Data SN:  7253501179224CRAXA1012427R
2024-02-28 14:28:20,801 - INFO - 
xxxxxxxxxxxxxxxxxxxxxxxxxxxxxxxx
2024-02-28 14:28:20,801 - INFO - --> Received scan signal from PLC
2024-02-28 14:28:20,801 - INFO - --> ------ SCAN SIGNAL -------
2024-02-28 14:28:20,825 - INFO - --> RESULT SCAN
2024-02-28 14:28:20,825 - INFO - PASS SCAN
2024-02-28 14:28:20,825 - INFO - ----------- SEND TO SFC -----------
2024-02-28 14:28:21,291 - INFO - --> Send Data SN:  7253501166124CRA8A1012415R
2024-02-28 14:28:22,902 - INFO - 
xxxxxxxxxxxxxxxxxxxxxxxxxxxxxxxx
2024-02-28 14:28:22,902 - INFO - --> Received scan signal from PLC
2024-02-28 14:28:22,902 - INFO - --> ------ SCAN SIGNAL -------
2024-02-28 14:28:22,964 - INFO - --> RESULT SCAN
2024-02-28 14:28:22,965 - INFO - PASS SCAN
2024-02-28 14:28:22,965 - INFO - ----------- SEND TO SFC -----------
2024-02-28 14:28:23,442 - INFO - --> Send Data SN:  7253501171724CRAGA1012427X
2024-02-28 14:28:25,091 - INFO - 
xxxxxxxxxxxxxxxxxxxxxxxxxxxxxxxx
2024-02-28 14:28:25,092 - INFO - --> Received scan signal from PLC
2024-02-28 14:28:25,092 - INFO - --> ------ SCAN SIGNAL -------
2024-02-28 14:28:25,132 - INFO - --> RESULT SCAN
2024-02-28 14:28:25,132 - INFO - PASS SCAN
2024-02-28 14:28:25,132 - INFO - ----------- SEND TO SFC -----------
2024-02-28 14:28:25,594 - INFO - --> Send Data SN:  7253501170224CRAQA1012418X
2024-02-28 14:28:27,209 - INFO - 
xxxxxxxxxxxxxxxxxxxxxxxxxxxxxxxx
2024-02-28 14:28:27,210 - INFO - --> Received scan signal from PLC
2024-02-28 14:28:27,210 - INFO - --> ------ SCAN SIGNAL -------
2024-02-28 14:28:27,261 - INFO - --> RESULT SCAN
2024-02-28 14:28:27,261 - INFO - PASS SCAN
2024-02-28 14:28:27,261 - INFO - ----------- SEND TO SFC -----------
2024-02-28 14:28:27,745 - INFO - --> Send Data SN:  7253501179324CRAWA1012403K
2024-02-28 14:28:29,381 - INFO - 
xxxxxxxxxxxxxxxxxxxxxxxxxxxxxxxx
2024-02-28 14:28:29,381 - INFO - --> Received scan signal from PLC
2024-02-28 14:28:29,381 - INFO - --> ------ SCAN SIGNAL -------
2024-02-28 14:28:29,422 - INFO - --> RESULT SCAN
2024-02-28 14:28:29,423 - INFO - PASS SCAN
2024-02-28 14:28:29,423 - INFO - ----------- SEND TO SFC -----------
2024-02-28 14:28:29,878 - INFO - --> Send Data SN:  7253392303B24CRAFA1A30C14Y
2024-02-28 14:28:31,552 - INFO - 
xxxxxxxxxxxxxxxxxxxxxxxxxxxxxxxx
2024-02-28 14:28:31,552 - INFO - --> Received scan signal from PLC
2024-02-28 14:28:31,553 - INFO - --> ------ SCAN SIGNAL -------
2024-02-28 14:28:31,602 - INFO - --> RESULT SCAN
2024-02-28 14:28:31,602 - INFO - PASS SCAN
2024-02-28 14:28:31,603 - INFO - ----------- SEND TO SFC -----------
2024-02-28 14:28:32,065 - INFO - --> Send Data SN:  7253501162724CRAEA1012416X
2024-02-28 14:28:33,800 - INFO - 
xxxxxxxxxxxxxxxxxxxxxxxxxxxxxxxx
2024-02-28 14:28:33,800 - INFO - --> Received scan signal from PLC
2024-02-28 14:28:33,801 - INFO - --> ------ SCAN SIGNAL -------
2024-02-28 14:28:33,846 - INFO - --> RESULT SCAN
2024-02-28 14:28:33,846 - INFO - PASS SCAN
2024-02-28 14:28:33,846 - INFO - ----------- SEND TO SFC -----------
2024-02-28 14:28:34,298 - INFO - --> Send Data SN:  7253501127624CRA4A1012403W
2024-02-28 14:28:35,950 - INFO - 
xxxxxxxxxxxxxxxxxxxxxxxxxxxxxxxx
2024-02-28 14:28:35,950 - INFO - --> Received scan signal from PLC
2024-02-28 14:28:35,950 - INFO - --> ------ SCAN SIGNAL -------
2024-02-28 14:28:36,002 - INFO - --> RESULT SCAN
2024-02-28 14:28:36,003 - INFO - PASS SCAN
2024-02-28 14:28:36,003 - INFO - ----------- SEND TO SFC -----------
2024-02-28 14:28:36,505 - INFO - --> Send Data SN:  7253501128224CRA5A1012606L
2024-02-28 14:28:38,161 - INFO - 
xxxxxxxxxxxxxxxxxxxxxxxxxxxxxxxx
2024-02-28 14:28:38,162 - INFO - --> Received scan signal from PLC
2024-02-28 14:28:38,162 - INFO - --> ------ SCAN SIGNAL -------
2024-02-28 14:28:38,210 - INFO - --> RESULT SCAN
2024-02-28 14:28:38,210 - INFO - PASS SCAN
2024-02-28 14:28:38,211 - INFO - ----------- SEND TO SFC -----------
2024-02-28 14:28:38,678 - INFO - --> Send Data SN:  7253392320824CRARA1A30C07U
2024-02-28 14:28:40,351 - INFO - 
xxxxxxxxxxxxxxxxxxxxxxxxxxxxxxxx
2024-02-28 14:28:40,351 - INFO - --> Received scan signal from PLC
2024-02-28 14:28:40,351 - INFO - --> ------ SCAN SIGNAL -------
2024-02-28 14:28:40,401 - INFO - --> RESULT SCAN
2024-02-28 14:28:40,401 - INFO - PASS SCAN
2024-02-28 14:28:40,402 - INFO - ----------- SEND TO SFC -----------
2024-02-28 14:28:40,871 - INFO - --> Send Data SN:  7253392308724CRA4A1A30C25U
2024-02-28 14:28:42,570 - INFO - 
xxxxxxxxxxxxxxxxxxxxxxxxxxxxxxxx
2024-02-28 14:28:42,571 - INFO - --> Received scan signal from PLC
2024-02-28 14:28:42,571 - INFO - --> ------ SCAN SIGNAL -------
2024-02-28 14:28:42,604 - INFO - --> RESULT SCAN
2024-02-28 14:28:42,604 - INFO - PASS SCAN
2024-02-28 14:28:42,604 - INFO - ----------- SEND TO SFC -----------
2024-02-28 14:28:43,062 - INFO - --> Send Data SN:  7253501170524CRAMA1012633U
2024-02-28 14:28:44,740 - INFO - 
xxxxxxxxxxxxxxxxxxxxxxxxxxxxxxxx
2024-02-28 14:28:44,740 - INFO - --> Received scan signal from PLC
2024-02-28 14:28:44,741 - INFO - --> ------ SCAN SIGNAL -------
2024-02-28 14:28:44,784 - INFO - --> RESULT SCAN
2024-02-28 14:28:44,784 - INFO - PASS SCAN
2024-02-28 14:28:44,784 - INFO - ----------- SEND TO SFC -----------
2024-02-28 14:28:45,251 - INFO - --> Send Data SN:  7253392335124CRAGA1A30C10V
2024-02-28 14:29:08,339 - INFO - 
xxxxxxxxxxxxxxxxxxxxxxxxxxxxxxxx
2024-02-28 14:29:08,339 - INFO - --> Received scan signal from PLC
2024-02-28 14:29:08,339 - INFO - --> ------ SCAN SIGNAL -------
2024-02-28 14:29:08,373 - INFO - --> RESULT SCAN
2024-02-28 14:29:08,373 - INFO - PASS SCAN
2024-02-28 14:29:08,373 - INFO - ----------- SEND TO SFC -----------
2024-02-28 14:29:08,900 - INFO - --> Send Data SN:  7253501177124CRA4A1012417X
2024-02-28 14:29:10,611 - INFO - 
xxxxxxxxxxxxxxxxxxxxxxxxxxxxxxxx
2024-02-28 14:29:10,611 - INFO - --> Received scan signal from PLC
2024-02-28 14:29:10,611 - INFO - --> ------ SCAN SIGNAL -------
2024-02-28 14:29:10,657 - INFO - --> RESULT SCAN
2024-02-28 14:29:10,657 - INFO - PASS SCAN
2024-02-28 14:29:10,657 - INFO - ----------- SEND TO SFC -----------
2024-02-28 14:29:11,144 - INFO - --> Send Data SN:  7253501135124CRAEA1012422D
2024-02-28 14:29:12,788 - INFO - 
xxxxxxxxxxxxxxxxxxxxxxxxxxxxxxxx
2024-02-28 14:29:12,789 - INFO - --> Received scan signal from PLC
2024-02-28 14:29:12,789 - INFO - --> ------ SCAN SIGNAL -------
2024-02-28 14:29:12,826 - INFO - --> RESULT SCAN
2024-02-28 14:29:12,827 - INFO - PASS SCAN
2024-02-28 14:29:12,828 - INFO - ----------- SEND TO SFC -----------
2024-02-28 14:29:13,313 - INFO - --> Send Data SN:  7253501132824CRAGA1012421T
2024-02-28 14:29:14,990 - INFO - 
xxxxxxxxxxxxxxxxxxxxxxxxxxxxxxxx
2024-02-28 14:29:14,990 - INFO - --> Received scan signal from PLC
2024-02-28 14:29:14,990 - INFO - --> ------ SCAN SIGNAL -------
2024-02-28 14:29:15,011 - INFO - --> RESULT SCAN
2024-02-28 14:29:15,011 - INFO - PASS SCAN
2024-02-28 14:29:15,011 - INFO - ----------- SEND TO SFC -----------
2024-02-28 14:29:15,504 - INFO - --> Send Data SN:  7253501132824CRAGA1012423U
2024-02-28 14:29:17,209 - INFO - 
xxxxxxxxxxxxxxxxxxxxxxxxxxxxxxxx
2024-02-28 14:29:17,210 - INFO - --> Received scan signal from PLC
2024-02-28 14:29:17,210 - INFO - --> ------ SCAN SIGNAL -------
2024-02-28 14:29:17,246 - INFO - --> RESULT SCAN
2024-02-28 14:29:17,246 - INFO - PASS SCAN
2024-02-28 14:29:17,246 - INFO - ----------- SEND TO SFC -----------
2024-02-28 14:29:17,784 - INFO - --> Send Data SN:  7253501132824CRAGA1012416G
2024-02-28 14:29:19,489 - INFO - 
xxxxxxxxxxxxxxxxxxxxxxxxxxxxxxxx
2024-02-28 14:29:19,489 - INFO - --> Received scan signal from PLC
2024-02-28 14:29:19,490 - INFO - --> ------ SCAN SIGNAL -------
2024-02-28 14:29:19,535 - INFO - --> RESULT SCAN
2024-02-28 14:29:19,535 - INFO - PASS SCAN
2024-02-28 14:29:19,536 - INFO - ----------- SEND TO SFC -----------
2024-02-28 14:29:20,027 - INFO - --> Send Data SN:  7253501132824CRAGA1012412B
2024-02-28 14:29:21,819 - INFO - 
xxxxxxxxxxxxxxxxxxxxxxxxxxxxxxxx
2024-02-28 14:29:21,819 - INFO - --> Received scan signal from PLC
2024-02-28 14:29:21,819 - INFO - --> ------ SCAN SIGNAL -------
2024-02-28 14:29:21,860 - INFO - --> RESULT SCAN
2024-02-28 14:29:21,860 - INFO - PASS SCAN
2024-02-28 14:29:21,860 - INFO - ----------- SEND TO SFC -----------
2024-02-28 14:29:22,356 - INFO - --> Send Data SN:  7253501132824CRAGA1012409G
2024-02-28 14:29:24,009 - INFO - 
xxxxxxxxxxxxxxxxxxxxxxxxxxxxxxxx
2024-02-28 14:29:24,010 - INFO - --> Received scan signal from PLC
2024-02-28 14:29:24,010 - INFO - --> ------ SCAN SIGNAL -------
2024-02-28 14:29:24,055 - INFO - --> RESULT SCAN
2024-02-28 14:29:24,056 - INFO - PASS SCAN
2024-02-28 14:29:24,056 - INFO - ----------- SEND TO SFC -----------
2024-02-28 14:29:24,550 - INFO - --> Send Data SN:  7253501119424CRA1A1012408S
2024-02-28 14:29:26,298 - INFO - 
xxxxxxxxxxxxxxxxxxxxxxxxxxxxxxxx
2024-02-28 14:29:26,298 - INFO - --> Received scan signal from PLC
2024-02-28 14:29:26,299 - INFO - --> ------ SCAN SIGNAL -------
2024-02-28 14:29:26,353 - INFO - --> RESULT SCAN
2024-02-28 14:29:26,353 - INFO - PASS SCAN
2024-02-28 14:29:26,354 - INFO - ----------- SEND TO SFC -----------
2024-02-28 14:29:26,901 - INFO - --> Send Data SN:  7253501109424CRA2A1012430X
2024-02-28 14:29:28,599 - INFO - 
xxxxxxxxxxxxxxxxxxxxxxxxxxxxxxxx
2024-02-28 14:29:28,600 - INFO - --> Received scan signal from PLC
2024-02-28 14:29:28,600 - INFO - --> ------ SCAN SIGNAL -------
2024-02-28 14:29:28,653 - INFO - --> RESULT SCAN
2024-02-28 14:29:28,654 - INFO - PASS SCAN
2024-02-28 14:29:28,654 - INFO - ----------- SEND TO SFC -----------
2024-02-28 14:29:29,150 - INFO - --> Send Data SN:  7253501132824CRAGA1012432R
2024-02-28 14:29:30,818 - INFO - 
xxxxxxxxxxxxxxxxxxxxxxxxxxxxxxxx
2024-02-28 14:29:30,818 - INFO - --> Received scan signal from PLC
2024-02-28 14:29:30,819 - INFO - --> ------ SCAN SIGNAL -------
2024-02-28 14:29:30,857 - INFO - --> RESULT SCAN
2024-02-28 14:29:30,857 - INFO - PASS SCAN
2024-02-28 14:29:30,858 - INFO - ----------- SEND TO SFC -----------
2024-02-28 14:29:31,353 - INFO - --> Send Data SN:  7253501177124CRA4A1012432N
2024-02-28 14:29:33,059 - INFO - 
xxxxxxxxxxxxxxxxxxxxxxxxxxxxxxxx
2024-02-28 14:29:33,059 - INFO - --> Received scan signal from PLC
2024-02-28 14:29:33,059 - INFO - --> ------ SCAN SIGNAL -------
2024-02-28 14:29:33,098 - INFO - --> RESULT SCAN
2024-02-28 14:29:33,098 - INFO - PASS SCAN
2024-02-28 14:29:33,099 - INFO - ----------- SEND TO SFC -----------
2024-02-28 14:29:33,588 - INFO - --> Send Data SN:  7253501132824CRAGA1012412R
2024-02-28 14:29:35,388 - INFO - 
xxxxxxxxxxxxxxxxxxxxxxxxxxxxxxxx
2024-02-28 14:29:35,389 - INFO - --> Received scan signal from PLC
2024-02-28 14:29:35,389 - INFO - --> ------ SCAN SIGNAL -------
2024-02-28 14:29:35,427 - INFO - --> RESULT SCAN
2024-02-28 14:29:35,428 - INFO - PASS SCAN
2024-02-28 14:29:35,428 - INFO - ----------- SEND TO SFC -----------
2024-02-28 14:29:35,977 - INFO - --> Send Data SN:  7253501170224CRAQA1012404X
2024-02-28 14:29:37,708 - INFO - 
xxxxxxxxxxxxxxxxxxxxxxxxxxxxxxxx
2024-02-28 14:29:37,708 - INFO - --> Received scan signal from PLC
2024-02-28 14:29:37,709 - INFO - --> ------ SCAN SIGNAL -------
2024-02-28 14:29:37,747 - INFO - --> RESULT SCAN
2024-02-28 14:29:37,747 - INFO - PASS SCAN
2024-02-28 14:29:37,747 - INFO - ----------- SEND TO SFC -----------
2024-02-28 14:29:38,260 - INFO - --> Send Data SN:  7253501171724CRAGA1012420H
2024-02-28 14:29:39,927 - INFO - 
xxxxxxxxxxxxxxxxxxxxxxxxxxxxxxxx
2024-02-28 14:29:39,927 - INFO - --> Received scan signal from PLC
2024-02-28 14:29:39,928 - INFO - --> ------ SCAN SIGNAL -------
2024-02-28 14:29:39,963 - INFO - --> RESULT SCAN
2024-02-28 14:29:39,964 - INFO - PASS SCAN
2024-02-28 14:29:39,964 - INFO - ----------- SEND TO SFC -----------
2024-02-28 14:29:40,464 - INFO - --> Send Data SN:  7253501132824CRAGA1012412D
2024-02-28 14:29:42,108 - INFO - 
xxxxxxxxxxxxxxxxxxxxxxxxxxxxxxxx
2024-02-28 14:29:42,109 - INFO - --> Received scan signal from PLC
2024-02-28 14:29:42,109 - INFO - --> ------ SCAN SIGNAL -------
2024-02-28 14:29:42,146 - INFO - --> RESULT SCAN
2024-02-28 14:29:42,146 - INFO - PASS SCAN
2024-02-28 14:29:42,147 - INFO - ----------- SEND TO SFC -----------
2024-02-28 14:29:42,650 - INFO - --> Send Data SN:  7253501109424CRA2A1012422L
2024-02-28 14:29:44,378 - INFO - 
xxxxxxxxxxxxxxxxxxxxxxxxxxxxxxxx
2024-02-28 14:29:44,378 - INFO - --> Received scan signal from PLC
2024-02-28 14:29:44,379 - INFO - --> ------ SCAN SIGNAL -------
2024-02-28 14:29:44,418 - INFO - --> RESULT SCAN
2024-02-28 14:29:44,418 - INFO - PASS SCAN
2024-02-28 14:29:44,419 - INFO - ----------- SEND TO SFC -----------
2024-02-28 14:29:44,929 - INFO - --> Send Data SN:  7253501144224CRAFA1012624A
2024-02-28 14:29:46,622 - INFO - 
xxxxxxxxxxxxxxxxxxxxxxxxxxxxxxxx
2024-02-28 14:29:46,623 - INFO - --> Received scan signal from PLC
2024-02-28 14:29:46,623 - INFO - --> ------ SCAN SIGNAL -------
2024-02-28 14:29:46,667 - INFO - --> RESULT SCAN
2024-02-28 14:29:46,668 - INFO - PASS SCAN
2024-02-28 14:29:46,668 - INFO - ----------- SEND TO SFC -----------
2024-02-28 14:29:47,183 - INFO - --> Send Data SN:  7253501128224CRA5A1012631J
2024-02-28 14:29:48,908 - INFO - 
xxxxxxxxxxxxxxxxxxxxxxxxxxxxxxxx
2024-02-28 14:29:48,908 - INFO - --> Received scan signal from PLC
2024-02-28 14:29:48,909 - INFO - --> ------ SCAN SIGNAL -------
2024-02-28 14:29:48,946 - INFO - --> RESULT SCAN
2024-02-28 14:29:48,947 - INFO - PASS SCAN
2024-02-28 14:29:48,947 - INFO - ----------- SEND TO SFC -----------
2024-02-28 14:29:49,467 - INFO - --> Send Data SN:  7253501103124CRAPA1012401Q
2024-02-28 14:29:51,151 - INFO - 
xxxxxxxxxxxxxxxxxxxxxxxxxxxxxxxx
2024-02-28 14:29:51,152 - INFO - --> Received scan signal from PLC
2024-02-28 14:29:51,153 - INFO - --> ------ SCAN SIGNAL -------
2024-02-28 14:29:51,197 - INFO - --> RESULT SCAN
2024-02-28 14:29:51,197 - INFO - PASS SCAN
2024-02-28 14:29:51,198 - INFO - ----------- SEND TO SFC -----------
2024-02-28 14:29:51,718 - INFO - --> Send Data SN:  7253501185724CRA3A1012617T
2024-02-28 14:29:53,409 - INFO - 
xxxxxxxxxxxxxxxxxxxxxxxxxxxxxxxx
2024-02-28 14:29:53,409 - INFO - --> Received scan signal from PLC
2024-02-28 14:29:53,409 - INFO - --> ------ SCAN SIGNAL -------
2024-02-28 14:29:53,450 - INFO - --> RESULT SCAN
2024-02-28 14:29:53,451 - INFO - PASS SCAN
2024-02-28 14:29:53,451 - INFO - ----------- SEND TO SFC -----------
2024-02-28 14:29:53,966 - INFO - --> Send Data SN:  7253501181824CRAEA1012632Q
2024-02-28 14:29:55,657 - INFO - 
xxxxxxxxxxxxxxxxxxxxxxxxxxxxxxxx
2024-02-28 14:29:55,658 - INFO - --> Received scan signal from PLC
2024-02-28 14:29:55,658 - INFO - --> ------ SCAN SIGNAL -------
2024-02-28 14:29:55,687 - INFO - --> RESULT SCAN
2024-02-28 14:29:55,688 - INFO - PASS SCAN
2024-02-28 14:29:55,688 - INFO - ----------- SEND TO SFC -----------
2024-02-28 14:29:56,227 - INFO - --> Send Data SN:  7253501104624CRAFA1012429U
2024-02-28 14:29:57,946 - INFO - 
xxxxxxxxxxxxxxxxxxxxxxxxxxxxxxxx
2024-02-28 14:29:57,946 - INFO - --> Received scan signal from PLC
2024-02-28 14:29:57,947 - INFO - --> ------ SCAN SIGNAL -------
2024-02-28 14:29:58,056 - INFO - --> RESULT SCAN
2024-02-28 14:29:58,056 - INFO - PASS SCAN
2024-02-28 14:29:58,056 - INFO - ----------- SEND TO SFC -----------
2024-02-28 14:29:58,584 - INFO - --> Send Data SN:  7253501109324CRA3A1012629A
2024-02-28 14:30:00,240 - INFO - 
xxxxxxxxxxxxxxxxxxxxxxxxxxxxxxxx
2024-02-28 14:30:00,240 - INFO - --> Received scan signal from PLC
2024-02-28 14:30:00,240 - INFO - --> ------ SCAN SIGNAL -------
2024-02-28 14:30:00,286 - INFO - --> RESULT SCAN
2024-02-28 14:30:00,286 - INFO - PASS SCAN
2024-02-28 14:30:00,287 - INFO - ----------- SEND TO SFC -----------
2024-02-28 14:30:00,805 - INFO - --> Send Data SN:  7253501176124CRA7A1012433L
2024-02-28 14:30:32,768 - INFO - 
xxxxxxxxxxxxxxxxxxxxxxxxxxxxxxxx
2024-02-28 14:30:32,769 - INFO - --> Received scan signal from PLC
2024-02-28 14:30:32,769 - INFO - --> ------ SCAN SIGNAL -------
2024-02-28 14:30:32,812 - INFO - --> RESULT SCAN
2024-02-28 14:30:32,812 - INFO - PASS SCAN
2024-02-28 14:30:32,812 - INFO - ----------- SEND TO SFC -----------
2024-02-28 14:30:33,378 - INFO - --> Send Data SN:  7253392320824CRARA1A30C32A
2024-02-28 14:30:35,125 - INFO - 
xxxxxxxxxxxxxxxxxxxxxxxxxxxxxxxx
2024-02-28 14:30:35,126 - INFO - --> Received scan signal from PLC
2024-02-28 14:30:35,126 - INFO - --> ------ SCAN SIGNAL -------
2024-02-28 14:30:35,169 - INFO - --> RESULT SCAN
2024-02-28 14:30:35,169 - INFO - PASS SCAN
2024-02-28 14:30:35,169 - INFO - ----------- SEND TO SFC -----------
2024-02-28 14:30:35,687 - INFO - --> Send Data SN:  7253392320824CRARA1A30C34N
2024-02-28 14:30:37,386 - INFO - 
xxxxxxxxxxxxxxxxxxxxxxxxxxxxxxxx
2024-02-28 14:30:37,386 - INFO - --> Received scan signal from PLC
2024-02-28 14:30:37,386 - INFO - --> ------ SCAN SIGNAL -------
2024-02-28 14:30:37,416 - INFO - --> RESULT SCAN
2024-02-28 14:30:37,417 - INFO - PASS SCAN
2024-02-28 14:30:37,417 - INFO - ----------- SEND TO SFC -----------
2024-02-28 14:30:37,938 - INFO - --> Send Data SN:  7253392335124CRAGA1A30C09N
2024-02-28 14:30:39,646 - INFO - 
xxxxxxxxxxxxxxxxxxxxxxxxxxxxxxxx
2024-02-28 14:30:39,647 - INFO - --> Received scan signal from PLC
2024-02-28 14:30:39,647 - INFO - --> ------ SCAN SIGNAL -------
2024-02-28 14:30:39,686 - INFO - --> RESULT SCAN
2024-02-28 14:30:39,686 - INFO - PASS SCAN
2024-02-28 14:30:39,686 - INFO - ----------- SEND TO SFC -----------
2024-02-28 14:30:40,229 - INFO - --> Send Data SN:  7253501122424CRAMA1012422R
2024-02-28 14:30:41,935 - INFO - 
xxxxxxxxxxxxxxxxxxxxxxxxxxxxxxxx
2024-02-28 14:30:41,935 - INFO - --> Received scan signal from PLC
2024-02-28 14:30:41,936 - INFO - --> ------ SCAN SIGNAL -------
2024-02-28 14:30:41,976 - INFO - --> RESULT SCAN
2024-02-28 14:30:41,977 - INFO - PASS SCAN
2024-02-28 14:30:41,977 - INFO - ----------- SEND TO SFC -----------
2024-02-28 14:30:42,490 - INFO - --> Send Data SN:  7253501122424CRAMA1012412P
2024-02-28 14:30:44,207 - INFO - 
xxxxxxxxxxxxxxxxxxxxxxxxxxxxxxxx
2024-02-28 14:30:44,207 - INFO - --> Received scan signal from PLC
2024-02-28 14:30:44,207 - INFO - --> ------ SCAN SIGNAL -------
2024-02-28 14:30:44,254 - INFO - --> RESULT SCAN
2024-02-28 14:30:44,254 - INFO - PASS SCAN
2024-02-28 14:30:44,254 - INFO - ----------- SEND TO SFC -----------
2024-02-28 14:30:44,793 - INFO - --> Send Data SN:  7253501168524CRAYA1012419F
2024-02-28 14:30:46,597 - INFO - 
xxxxxxxxxxxxxxxxxxxxxxxxxxxxxxxx
2024-02-28 14:30:46,597 - INFO - --> Received scan signal from PLC
2024-02-28 14:30:46,598 - INFO - --> ------ SCAN SIGNAL -------
2024-02-28 14:30:46,642 - INFO - --> RESULT SCAN
2024-02-28 14:30:46,642 - INFO - PASS SCAN
2024-02-28 14:30:46,642 - INFO - ----------- SEND TO SFC -----------
2024-02-28 14:30:47,180 - INFO - --> Send Data SN:  7253392318124CRA9A1A30C20Q
2024-02-28 14:30:48,935 - INFO - 
xxxxxxxxxxxxxxxxxxxxxxxxxxxxxxxx
2024-02-28 14:30:48,936 - INFO - --> Received scan signal from PLC
2024-02-28 14:30:48,936 - INFO - --> ------ SCAN SIGNAL -------
2024-02-28 14:30:48,998 - INFO - --> RESULT SCAN
2024-02-28 14:30:48,999 - INFO - PASS SCAN
2024-02-28 14:30:48,999 - INFO - ----------- SEND TO SFC -----------
2024-02-28 14:30:49,541 - INFO - --> Send Data SN:  7253501109424CRA2A1012424L
2024-02-28 14:30:51,247 - INFO - 
xxxxxxxxxxxxxxxxxxxxxxxxxxxxxxxx
2024-02-28 14:30:51,248 - INFO - --> Received scan signal from PLC
2024-02-28 14:30:51,248 - INFO - --> ------ SCAN SIGNAL -------
2024-02-28 14:30:51,290 - INFO - --> RESULT SCAN
2024-02-28 14:30:51,291 - INFO - PASS SCAN
2024-02-28 14:30:51,291 - INFO - ----------- SEND TO SFC -----------
2024-02-28 14:30:51,843 - INFO - --> Send Data SN:  7253392308724CRA4A1A30C30R
2024-02-28 14:30:53,575 - INFO - 
xxxxxxxxxxxxxxxxxxxxxxxxxxxxxxxx
2024-02-28 14:30:53,576 - INFO - --> Received scan signal from PLC
2024-02-28 14:30:53,576 - INFO - --> ------ SCAN SIGNAL -------
2024-02-28 14:30:53,625 - INFO - --> RESULT SCAN
2024-02-28 14:30:53,625 - INFO - PASS SCAN
2024-02-28 14:30:53,625 - INFO - ----------- SEND TO SFC -----------
2024-02-28 14:30:54,163 - INFO - --> Send Data SN:  7253501122424CRAMA1012433B
2024-02-28 14:30:55,916 - INFO - 
xxxxxxxxxxxxxxxxxxxxxxxxxxxxxxxx
2024-02-28 14:30:55,916 - INFO - --> Received scan signal from PLC
2024-02-28 14:30:55,916 - INFO - --> ------ SCAN SIGNAL -------
2024-02-28 14:30:55,964 - INFO - --> RESULT SCAN
2024-02-28 14:30:55,964 - INFO - PASS SCAN
2024-02-28 14:30:55,965 - INFO - ----------- SEND TO SFC -----------
2024-02-28 14:30:56,520 - INFO - --> Send Data SN:  7253501171724CRAGA1012431H
2024-02-28 14:30:58,277 - INFO - 
xxxxxxxxxxxxxxxxxxxxxxxxxxxxxxxx
2024-02-28 14:30:58,277 - INFO - --> Received scan signal from PLC
2024-02-28 14:30:58,277 - INFO - --> ------ SCAN SIGNAL -------
2024-02-28 14:30:58,333 - INFO - --> RESULT SCAN
2024-02-28 14:30:58,333 - INFO - PASS SCAN
2024-02-28 14:30:58,333 - INFO - ----------- SEND TO SFC -----------
2024-02-28 14:30:58,877 - INFO - --> Send Data SN:  7253392320824CRARA1A30C24T
2024-02-28 14:31:00,706 - INFO - 
xxxxxxxxxxxxxxxxxxxxxxxxxxxxxxxx
2024-02-28 14:31:00,706 - INFO - --> Received scan signal from PLC
2024-02-28 14:31:00,707 - INFO - --> ------ SCAN SIGNAL -------
2024-02-28 14:31:00,754 - INFO - --> RESULT SCAN
2024-02-28 14:31:00,754 - INFO - PASS SCAN
2024-02-28 14:31:00,754 - INFO - ----------- SEND TO SFC -----------
2024-02-28 14:31:01,300 - INFO - --> Send Data SN:  7253501166124CRA8A1012423Y
2024-02-28 14:31:03,045 - INFO - 
xxxxxxxxxxxxxxxxxxxxxxxxxxxxxxxx
2024-02-28 14:31:03,045 - INFO - --> Received scan signal from PLC
2024-02-28 14:31:03,046 - INFO - --> ------ SCAN SIGNAL -------
2024-02-28 14:31:03,088 - INFO - --> RESULT SCAN
2024-02-28 14:31:03,088 - INFO - PASS SCAN
2024-02-28 14:31:03,089 - INFO - ----------- SEND TO SFC -----------
2024-02-28 14:31:03,630 - INFO - --> Send Data SN:  7253501166124CRA8A1012424E
2024-02-28 14:31:05,365 - INFO - 
xxxxxxxxxxxxxxxxxxxxxxxxxxxxxxxx
2024-02-28 14:31:05,366 - INFO - --> Received scan signal from PLC
2024-02-28 14:31:05,366 - INFO - --> ------ SCAN SIGNAL -------
2024-02-28 14:31:05,401 - INFO - --> RESULT SCAN
2024-02-28 14:31:05,401 - INFO - PASS SCAN
2024-02-28 14:31:05,402 - INFO - ----------- SEND TO SFC -----------
2024-02-28 14:31:05,967 - INFO - --> Send Data SN:  7253392320824CRARA1A30C34Y
2024-02-28 14:31:07,684 - INFO - 
xxxxxxxxxxxxxxxxxxxxxxxxxxxxxxxx
2024-02-28 14:31:07,685 - INFO - --> Received scan signal from PLC
2024-02-28 14:31:07,685 - INFO - --> ------ SCAN SIGNAL -------
2024-02-28 14:31:07,715 - INFO - --> RESULT SCAN
2024-02-28 14:31:07,716 - INFO - PASS SCAN
2024-02-28 14:31:07,716 - INFO - ----------- SEND TO SFC -----------
2024-02-28 14:31:08,309 - INFO - --> Send Data SN:  7253501119424CRA1A1012424A
2024-02-28 14:31:10,085 - INFO - 
xxxxxxxxxxxxxxxxxxxxxxxxxxxxxxxx
2024-02-28 14:31:10,085 - INFO - --> Received scan signal from PLC
2024-02-28 14:31:10,085 - INFO - --> ------ SCAN SIGNAL -------
2024-02-28 14:31:10,114 - INFO - --> RESULT SCAN
2024-02-28 14:31:10,114 - INFO - PASS SCAN
2024-02-28 14:31:10,114 - INFO - ----------- SEND TO SFC -----------
2024-02-28 14:31:10,669 - INFO - --> Send Data SN:  7253501119424CRA1A1012422S
2024-02-28 14:31:12,455 - INFO - 
xxxxxxxxxxxxxxxxxxxxxxxxxxxxxxxx
2024-02-28 14:31:12,456 - INFO - --> Received scan signal from PLC
2024-02-28 14:31:12,456 - INFO - --> ------ SCAN SIGNAL -------
2024-02-28 14:31:12,503 - INFO - --> RESULT SCAN
2024-02-28 14:31:12,503 - INFO - PASS SCAN
2024-02-28 14:31:12,503 - INFO - ----------- SEND TO SFC -----------
2024-02-28 14:31:13,108 - INFO - --> Send Data SN:  7253501166124CRA8A1012414G
2024-02-28 14:31:14,924 - INFO - 
xxxxxxxxxxxxxxxxxxxxxxxxxxxxxxxx
2024-02-28 14:31:14,924 - INFO - --> Received scan signal from PLC
2024-02-28 14:31:14,925 - INFO - --> ------ SCAN SIGNAL -------
2024-02-28 14:31:14,963 - INFO - --> RESULT SCAN
2024-02-28 14:31:14,964 - INFO - PASS SCAN
2024-02-28 14:31:14,964 - INFO - ----------- SEND TO SFC -----------
2024-02-28 14:31:15,523 - INFO - --> Send Data SN:  7253501166124CRA8A1012423S
2024-02-28 14:31:17,236 - INFO - 
xxxxxxxxxxxxxxxxxxxxxxxxxxxxxxxx
2024-02-28 14:31:17,237 - INFO - --> Received scan signal from PLC
2024-02-28 14:31:17,237 - INFO - --> ------ SCAN SIGNAL -------
2024-02-28 14:31:17,277 - INFO - --> RESULT SCAN
2024-02-28 14:31:17,277 - INFO - PASS SCAN
2024-02-28 14:31:17,277 - INFO - ----------- SEND TO SFC -----------
2024-02-28 14:31:17,829 - INFO - --> Send Data SN:  7253501168624CRAXA1012410J
2024-02-28 14:31:19,606 - INFO - 
xxxxxxxxxxxxxxxxxxxxxxxxxxxxxxxx
2024-02-28 14:31:19,606 - INFO - --> Received scan signal from PLC
2024-02-28 14:31:19,607 - INFO - --> ------ SCAN SIGNAL -------
2024-02-28 14:31:19,654 - INFO - --> RESULT SCAN
2024-02-28 14:31:19,655 - INFO - PASS SCAN
2024-02-28 14:31:19,655 - INFO - ----------- SEND TO SFC -----------
2024-02-28 14:31:20,214 - INFO - --> Send Data SN:  7253501171724CRAGA1012432G
2024-02-28 14:31:21,996 - INFO - 
xxxxxxxxxxxxxxxxxxxxxxxxxxxxxxxx
2024-02-28 14:31:21,997 - INFO - --> Received scan signal from PLC
2024-02-28 14:31:21,997 - INFO - --> ------ SCAN SIGNAL -------
2024-02-28 14:31:22,044 - INFO - --> RESULT SCAN
2024-02-28 14:31:22,044 - INFO - PASS SCAN
2024-02-28 14:31:22,044 - INFO - ----------- SEND TO SFC -----------
2024-02-28 14:31:22,600 - INFO - --> Send Data SN:  7253501170224CRAQA1012424B
2024-02-28 14:31:24,314 - INFO - 
xxxxxxxxxxxxxxxxxxxxxxxxxxxxxxxx
2024-02-28 14:31:24,315 - INFO - --> Received scan signal from PLC
2024-02-28 14:31:24,315 - INFO - --> ------ SCAN SIGNAL -------
2024-02-28 14:31:24,355 - INFO - --> RESULT SCAN
2024-02-28 14:31:24,356 - INFO - PASS SCAN
2024-02-28 14:31:24,356 - INFO - ----------- SEND TO SFC -----------
2024-02-28 14:31:24,962 - INFO - --> Send Data SN:  7253501168624CRAXA1012430N
2024-02-28 14:31:26,695 - INFO - 
xxxxxxxxxxxxxxxxxxxxxxxxxxxxxxxx
2024-02-28 14:31:26,695 - INFO - --> Received scan signal from PLC
2024-02-28 14:31:26,695 - INFO - --> ------ SCAN SIGNAL -------
2024-02-28 14:31:26,738 - INFO - --> RESULT SCAN
2024-02-28 14:31:26,738 - INFO - PASS SCAN
2024-02-28 14:31:26,738 - INFO - ----------- SEND TO SFC -----------
2024-02-28 14:31:27,336 - INFO - --> Send Data SN:  7253501168624CRAXA1012401X
2024-02-28 14:31:47,805 - INFO - 
xxxxxxxxxxxxxxxxxxxxxxxxxxxxxxxx
2024-02-28 14:31:47,805 - INFO - --> Received scan signal from PLC
2024-02-28 14:31:47,805 - INFO - --> ------ SCAN SIGNAL -------
2024-02-28 14:31:47,846 - INFO - --> RESULT SCAN
2024-02-28 14:31:47,846 - INFO - PASS SCAN
2024-02-28 14:31:47,847 - INFO - ----------- SEND TO SFC -----------
2024-02-28 14:31:48,453 - INFO - --> Send Data SN:  7253501181224CRALA1012605Y
2024-02-28 14:31:50,296 - INFO - 
xxxxxxxxxxxxxxxxxxxxxxxxxxxxxxxx
2024-02-28 14:31:50,296 - INFO - --> Received scan signal from PLC
2024-02-28 14:31:50,297 - INFO - --> ------ SCAN SIGNAL -------
2024-02-28 14:31:50,345 - INFO - --> RESULT SCAN
2024-02-28 14:31:50,345 - INFO - PASS SCAN
2024-02-28 14:31:50,346 - INFO - ----------- SEND TO SFC -----------
2024-02-28 14:31:50,920 - INFO - --> Send Data SN:  7253501142324CRALA1012423Y
2024-02-28 14:31:52,714 - INFO - 
xxxxxxxxxxxxxxxxxxxxxxxxxxxxxxxx
2024-02-28 14:31:52,714 - INFO - --> Received scan signal from PLC
2024-02-28 14:31:52,714 - INFO - --> ------ SCAN SIGNAL -------
2024-02-28 14:31:52,774 - INFO - --> RESULT SCAN
2024-02-28 14:31:52,774 - INFO - PASS SCAN
2024-02-28 14:31:52,774 - INFO - ----------- SEND TO SFC -----------
2024-02-28 14:31:53,354 - INFO - --> Send Data SN:  7253501183724CRA9A1012430S
2024-02-28 14:31:55,146 - INFO - 
xxxxxxxxxxxxxxxxxxxxxxxxxxxxxxxx
2024-02-28 14:31:55,146 - INFO - --> Received scan signal from PLC
2024-02-28 14:31:55,146 - INFO - --> ------ SCAN SIGNAL -------
2024-02-28 14:31:55,201 - INFO - --> RESULT SCAN
2024-02-28 14:31:55,202 - INFO - PASS SCAN
2024-02-28 14:31:55,202 - INFO - ----------- SEND TO SFC -----------
2024-02-28 14:31:55,776 - INFO - --> Send Data SN:  7253501144224CRAFA1012603P
2024-02-28 14:31:57,514 - INFO - 
xxxxxxxxxxxxxxxxxxxxxxxxxxxxxxxx
2024-02-28 14:31:57,514 - INFO - --> Received scan signal from PLC
2024-02-28 14:31:57,514 - INFO - --> ------ SCAN SIGNAL -------
2024-02-28 14:31:57,565 - INFO - --> RESULT SCAN
2024-02-28 14:31:57,565 - INFO - PASS SCAN
2024-02-28 14:31:57,566 - INFO - ----------- SEND TO SFC -----------
2024-02-28 14:31:58,140 - INFO - --> Send Data SN:  7253392318124CRA9A1A30C19H
2024-02-28 14:31:59,924 - INFO - 
xxxxxxxxxxxxxxxxxxxxxxxxxxxxxxxx
2024-02-28 14:31:59,925 - INFO - --> Received scan signal from PLC
2024-02-28 14:31:59,925 - INFO - --> ------ SCAN SIGNAL -------
2024-02-28 14:31:59,974 - INFO - --> RESULT SCAN
2024-02-28 14:31:59,975 - INFO - PASS SCAN
2024-02-28 14:31:59,975 - INFO - ----------- SEND TO SFC -----------
2024-02-28 14:32:00,562 - INFO - --> Send Data SN:  7253501117624CRA5A1012415D
2024-02-28 14:32:02,367 - INFO - 
xxxxxxxxxxxxxxxxxxxxxxxxxxxxxxxx
2024-02-28 14:32:02,367 - INFO - --> Received scan signal from PLC
2024-02-28 14:32:02,368 - INFO - --> ------ SCAN SIGNAL -------
2024-02-28 14:32:02,408 - INFO - --> RESULT SCAN
2024-02-28 14:32:02,408 - INFO - PASS SCAN
2024-02-28 14:32:02,408 - INFO - ----------- SEND TO SFC -----------
2024-02-28 14:32:02,995 - INFO - --> Send Data SN:  7253392335124CRAGA1A30C09E
2024-02-28 14:32:04,796 - INFO - 
xxxxxxxxxxxxxxxxxxxxxxxxxxxxxxxx
2024-02-28 14:32:04,796 - INFO - --> Received scan signal from PLC
2024-02-28 14:32:04,797 - INFO - --> ------ SCAN SIGNAL -------
2024-02-28 14:32:04,838 - INFO - --> RESULT SCAN
2024-02-28 14:32:04,838 - INFO - PASS SCAN
2024-02-28 14:32:04,838 - INFO - ----------- SEND TO SFC -----------
2024-02-28 14:32:05,409 - INFO - --> Send Data SN:  7253501171224CRAMA1012434L
2024-02-28 14:32:07,205 - INFO - 
xxxxxxxxxxxxxxxxxxxxxxxxxxxxxxxx
2024-02-28 14:32:07,205 - INFO - --> Received scan signal from PLC
2024-02-28 14:32:07,205 - INFO - --> ------ SCAN SIGNAL -------
2024-02-28 14:32:07,255 - INFO - --> RESULT SCAN
2024-02-28 14:32:07,256 - INFO - PASS SCAN
2024-02-28 14:32:07,256 - INFO - ----------- SEND TO SFC -----------
2024-02-28 14:32:07,840 - INFO - --> Send Data SN:  7253501157224CRA5A1012426Y
2024-02-28 14:32:09,634 - INFO - 
xxxxxxxxxxxxxxxxxxxxxxxxxxxxxxxx
2024-02-28 14:32:09,634 - INFO - --> Received scan signal from PLC
2024-02-28 14:32:09,635 - INFO - --> ------ SCAN SIGNAL -------
2024-02-28 14:32:09,674 - INFO - --> RESULT SCAN
2024-02-28 14:32:09,674 - INFO - PASS SCAN
2024-02-28 14:32:09,674 - INFO - ----------- SEND TO SFC -----------
2024-02-28 14:32:10,271 - INFO - --> Send Data SN:  7253392320824CRARA1A30C22D
2024-02-28 14:32:12,084 - INFO - 
xxxxxxxxxxxxxxxxxxxxxxxxxxxxxxxx
2024-02-28 14:32:12,085 - INFO - --> Received scan signal from PLC
2024-02-28 14:32:12,085 - INFO - --> ------ SCAN SIGNAL -------
2024-02-28 14:32:12,127 - INFO - --> RESULT SCAN
2024-02-28 14:32:12,127 - INFO - PASS SCAN
2024-02-28 14:32:12,127 - INFO - ----------- SEND TO SFC -----------
2024-02-28 14:32:12,727 - INFO - --> Send Data SN:  7253501142324CRALA1012401N
2024-02-28 14:32:14,564 - INFO - 
xxxxxxxxxxxxxxxxxxxxxxxxxxxxxxxx
2024-02-28 14:32:14,564 - INFO - --> Received scan signal from PLC
2024-02-28 14:32:14,565 - INFO - --> ------ SCAN SIGNAL -------
2024-02-28 14:32:14,605 - INFO - --> RESULT SCAN
2024-02-28 14:32:14,606 - INFO - PASS SCAN
2024-02-28 14:32:14,606 - INFO - ----------- SEND TO SFC -----------
2024-02-28 14:32:15,204 - INFO - --> Send Data SN:  7253501106324CRACA1012415V
2024-02-28 14:32:17,034 - INFO - 
xxxxxxxxxxxxxxxxxxxxxxxxxxxxxxxx
2024-02-28 14:32:17,034 - INFO - --> Received scan signal from PLC
2024-02-28 14:32:17,034 - INFO - --> ------ SCAN SIGNAL -------
2024-02-28 14:32:17,070 - INFO - --> RESULT SCAN
2024-02-28 14:32:17,070 - INFO - PASS SCAN
2024-02-28 14:32:17,070 - INFO - ----------- SEND TO SFC -----------
2024-02-28 14:32:17,670 - INFO - --> Send Data SN:  7253501143624CRAEA1012617L
2024-02-28 14:32:19,472 - INFO - 
xxxxxxxxxxxxxxxxxxxxxxxxxxxxxxxx
2024-02-28 14:32:19,472 - INFO - --> Received scan signal from PLC
2024-02-28 14:32:19,473 - INFO - --> ------ SCAN SIGNAL -------
2024-02-28 14:32:19,504 - INFO - --> RESULT SCAN
2024-02-28 14:32:19,504 - INFO - PASS SCAN
2024-02-28 14:32:19,504 - INFO - ----------- SEND TO SFC -----------
2024-02-28 14:32:20,087 - INFO - --> Send Data SN:  7253501181224CRALA1012601A
2024-02-28 14:32:21,852 - INFO - 
xxxxxxxxxxxxxxxxxxxxxxxxxxxxxxxx
2024-02-28 14:32:21,853 - INFO - --> Received scan signal from PLC
2024-02-28 14:32:21,853 - INFO - --> ------ SCAN SIGNAL -------
2024-02-28 14:32:21,894 - INFO - --> RESULT SCAN
2024-02-28 14:32:21,894 - INFO - PASS SCAN
2024-02-28 14:32:21,895 - INFO - ----------- SEND TO SFC -----------
2024-02-28 14:32:22,493 - INFO - --> Send Data SN:  7253501143624CRAEA1012632Q
2024-02-28 14:32:24,273 - INFO - 
xxxxxxxxxxxxxxxxxxxxxxxxxxxxxxxx
2024-02-28 14:32:24,273 - INFO - --> Received scan signal from PLC
2024-02-28 14:32:24,274 - INFO - --> ------ SCAN SIGNAL -------
2024-02-28 14:32:24,305 - INFO - --> RESULT SCAN
2024-02-28 14:32:24,305 - INFO - PASS SCAN
2024-02-28 14:32:24,305 - INFO - ----------- SEND TO SFC -----------
2024-02-28 14:32:24,909 - INFO - --> Send Data SN:  7253501143624CRAEA1012618X
2024-02-28 14:32:26,713 - INFO - 
xxxxxxxxxxxxxxxxxxxxxxxxxxxxxxxx
2024-02-28 14:32:26,713 - INFO - --> Received scan signal from PLC
2024-02-28 14:32:26,714 - INFO - --> ------ SCAN SIGNAL -------
2024-02-28 14:32:26,753 - INFO - --> RESULT SCAN
2024-02-28 14:32:26,753 - INFO - PASS SCAN
2024-02-28 14:32:26,753 - INFO - ----------- SEND TO SFC -----------
2024-02-28 14:32:27,361 - INFO - --> Send Data SN:  7253392320824CRARA1A30C11K
2024-02-28 14:32:29,183 - INFO - 
xxxxxxxxxxxxxxxxxxxxxxxxxxxxxxxx
2024-02-28 14:32:29,183 - INFO - --> Received scan signal from PLC
2024-02-28 14:32:29,184 - INFO - --> ------ SCAN SIGNAL -------
2024-02-28 14:32:29,219 - INFO - --> RESULT SCAN
2024-02-28 14:32:29,219 - INFO - PASS SCAN
2024-02-28 14:32:29,219 - INFO - ----------- SEND TO SFC -----------
2024-02-28 14:32:29,831 - INFO - --> Send Data SN:  7253392320824CRARA1A30C11R
2024-02-28 14:32:31,673 - INFO - 
xxxxxxxxxxxxxxxxxxxxxxxxxxxxxxxx
2024-02-28 14:32:31,674 - INFO - --> Received scan signal from PLC
2024-02-28 14:32:31,674 - INFO - --> ------ SCAN SIGNAL -------
2024-02-28 14:32:31,718 - INFO - --> RESULT SCAN
2024-02-28 14:32:31,718 - INFO - PASS SCAN
2024-02-28 14:32:31,718 - INFO - ----------- SEND TO SFC -----------
2024-02-28 14:32:32,312 - INFO - --> Send Data SN:  7253501127624CRA4A1012418L
2024-02-28 14:32:34,127 - INFO - 
xxxxxxxxxxxxxxxxxxxxxxxxxxxxxxxx
2024-02-28 14:32:34,127 - INFO - --> Received scan signal from PLC
2024-02-28 14:32:34,127 - INFO - --> ------ SCAN SIGNAL -------
2024-02-28 14:32:34,188 - INFO - --> RESULT SCAN
2024-02-28 14:32:34,188 - INFO - PASS SCAN
2024-02-28 14:32:34,189 - INFO - ----------- SEND TO SFC -----------
2024-02-28 14:32:34,795 - INFO - --> Send Data SN:  7253501177324CRA2A1012433J
2024-02-28 14:32:36,563 - INFO - 
xxxxxxxxxxxxxxxxxxxxxxxxxxxxxxxx
2024-02-28 14:32:36,563 - INFO - --> Received scan signal from PLC
2024-02-28 14:32:36,563 - INFO - --> ------ SCAN SIGNAL -------
2024-02-28 14:32:36,585 - INFO - --> RESULT SCAN
2024-02-28 14:32:36,586 - INFO - PASS SCAN
2024-02-28 14:32:36,586 - INFO - ----------- SEND TO SFC -----------
2024-02-28 14:32:37,197 - INFO - --> Send Data SN:  7253501128224CRA5A1012634D
2024-02-28 14:32:39,012 - INFO - 
xxxxxxxxxxxxxxxxxxxxxxxxxxxxxxxx
2024-02-28 14:32:39,012 - INFO - --> Received scan signal from PLC
2024-02-28 14:32:39,013 - INFO - --> ------ SCAN SIGNAL -------
2024-02-28 14:32:39,053 - INFO - --> RESULT SCAN
2024-02-28 14:32:39,053 - INFO - PASS SCAN
2024-02-28 14:32:39,053 - INFO - ----------- SEND TO SFC -----------
2024-02-28 14:32:39,666 - INFO - --> Send Data SN:  7253501162724CRAEA1012413F
2024-02-28 14:32:41,493 - INFO - 
xxxxxxxxxxxxxxxxxxxxxxxxxxxxxxxx
2024-02-28 14:32:41,493 - INFO - --> Received scan signal from PLC
2024-02-28 14:32:41,493 - INFO - --> ------ SCAN SIGNAL -------
2024-02-28 14:32:41,542 - INFO - --> RESULT SCAN
2024-02-28 14:32:41,543 - INFO - PASS SCAN
2024-02-28 14:32:41,543 - INFO - ----------- SEND TO SFC -----------
2024-02-28 14:32:42,149 - INFO - --> Send Data SN:  7253501128224CRA5A1012609Y
2024-02-28 14:32:44,062 - INFO - 
xxxxxxxxxxxxxxxxxxxxxxxxxxxxxxxx
2024-02-28 14:32:44,063 - INFO - --> Received scan signal from PLC
2024-02-28 14:32:44,063 - INFO - --> ------ SCAN SIGNAL -------
2024-02-28 14:32:44,108 - INFO - --> RESULT SCAN
2024-02-28 14:32:44,108 - INFO - PASS SCAN
2024-02-28 14:32:44,108 - INFO - ----------- SEND TO SFC -----------
2024-02-28 14:32:44,726 - INFO - --> Send Data SN:  7253501144224CRAFA1012628L
2024-02-28 14:33:03,551 - INFO - 
xxxxxxxxxxxxxxxxxxxxxxxxxxxxxxxx
2024-02-28 14:33:03,552 - INFO - --> Received scan signal from PLC
2024-02-28 14:33:03,552 - INFO - --> ------ SCAN SIGNAL -------
2024-02-28 14:33:03,577 - INFO - --> RESULT SCAN
2024-02-28 14:33:03,577 - INFO - PASS SCAN
2024-02-28 14:33:03,577 - INFO - ----------- SEND TO SFC -----------
2024-02-28 14:33:04,227 - INFO - --> Send Data SN:  7253501181224CRALA1012606F
2024-02-28 14:33:06,051 - INFO - 
xxxxxxxxxxxxxxxxxxxxxxxxxxxxxxxx
2024-02-28 14:33:06,052 - INFO - --> Received scan signal from PLC
2024-02-28 14:33:06,052 - INFO - --> ------ SCAN SIGNAL -------
2024-02-28 14:33:06,087 - INFO - --> RESULT SCAN
2024-02-28 14:33:06,088 - INFO - PASS SCAN
2024-02-28 14:33:06,088 - INFO - ----------- SEND TO SFC -----------
2024-02-28 14:33:06,720 - INFO - --> Send Data SN:  7253501112724CRAKA1012408L
2024-02-28 14:33:08,472 - INFO - 
xxxxxxxxxxxxxxxxxxxxxxxxxxxxxxxx
2024-02-28 14:33:08,472 - INFO - --> Received scan signal from PLC
2024-02-28 14:33:08,473 - INFO - --> ------ SCAN SIGNAL -------
2024-02-28 14:33:08,518 - INFO - --> RESULT SCAN
2024-02-28 14:33:08,518 - INFO - PASS SCAN
2024-02-28 14:33:08,519 - INFO - ----------- SEND TO SFC -----------
2024-02-28 14:33:09,136 - INFO - --> Send Data SN:  7253501185724CRA3A1012616C
2024-02-28 14:33:10,982 - INFO - 
xxxxxxxxxxxxxxxxxxxxxxxxxxxxxxxx
2024-02-28 14:33:10,982 - INFO - --> Received scan signal from PLC
2024-02-28 14:33:10,982 - INFO - --> ------ SCAN SIGNAL -------
2024-02-28 14:33:11,009 - INFO - --> RESULT SCAN
2024-02-28 14:33:11,009 - INFO - PASS SCAN
2024-02-28 14:33:11,009 - INFO - ----------- SEND TO SFC -----------
2024-02-28 14:33:11,640 - INFO - --> Send Data SN:  7253501181224CRALA1012613D
2024-02-28 14:33:13,433 - INFO - 
xxxxxxxxxxxxxxxxxxxxxxxxxxxxxxxx
2024-02-28 14:33:13,433 - INFO - --> Received scan signal from PLC
2024-02-28 14:33:13,433 - INFO - --> ------ SCAN SIGNAL -------
2024-02-28 14:33:13,465 - INFO - --> RESULT SCAN
2024-02-28 14:33:13,466 - INFO - PASS SCAN
2024-02-28 14:33:13,466 - INFO - ----------- SEND TO SFC -----------
2024-02-28 14:33:14,139 - INFO - --> Send Data SN:  7253501125724CRA9A1012402G
2024-02-28 14:33:15,910 - INFO - 
xxxxxxxxxxxxxxxxxxxxxxxxxxxxxxxx
2024-02-28 14:33:15,910 - INFO - --> Received scan signal from PLC
2024-02-28 14:33:15,910 - INFO - --> ------ SCAN SIGNAL -------
2024-02-28 14:33:15,929 - INFO - --> RESULT SCAN
2024-02-28 14:33:15,929 - INFO - PASS SCAN
2024-02-28 14:33:15,930 - INFO - ----------- SEND TO SFC -----------
2024-02-28 14:33:16,548 - INFO - --> Send Data SN:  7253501112724CRAKA1012401D
2024-02-28 14:33:18,371 - INFO - 
xxxxxxxxxxxxxxxxxxxxxxxxxxxxxxxx
2024-02-28 14:33:18,371 - INFO - --> Received scan signal from PLC
2024-02-28 14:33:18,371 - INFO - --> ------ SCAN SIGNAL -------
2024-02-28 14:33:18,411 - INFO - --> RESULT SCAN
2024-02-28 14:33:18,411 - INFO - PASS SCAN
2024-02-28 14:33:18,412 - INFO - ----------- SEND TO SFC -----------
2024-02-28 14:33:19,082 - INFO - --> Send Data SN:  7253501127124CRA9A1012402D
2024-02-28 14:33:20,852 - INFO - 
xxxxxxxxxxxxxxxxxxxxxxxxxxxxxxxx
2024-02-28 14:33:20,852 - INFO - --> Received scan signal from PLC
2024-02-28 14:33:20,852 - INFO - --> ------ SCAN SIGNAL -------
2024-02-28 14:33:20,903 - INFO - --> RESULT SCAN
2024-02-28 14:33:20,903 - INFO - PASS SCAN
2024-02-28 14:33:20,904 - INFO - ----------- SEND TO SFC -----------
2024-02-28 14:33:21,530 - INFO - --> Send Data SN:  7253501181224CRALA1012607A
2024-02-28 14:33:23,302 - INFO - 
xxxxxxxxxxxxxxxxxxxxxxxxxxxxxxxx
2024-02-28 14:33:23,302 - INFO - --> Received scan signal from PLC
2024-02-28 14:33:23,302 - INFO - --> ------ SCAN SIGNAL -------
2024-02-28 14:33:23,344 - INFO - --> RESULT SCAN
2024-02-28 14:33:23,344 - INFO - PASS SCAN
2024-02-28 14:33:23,345 - INFO - ----------- SEND TO SFC -----------
2024-02-28 14:33:24,062 - INFO - --> Send Data SN:  7253501189824CRAQA1012605C
2024-02-28 14:33:25,822 - INFO - 
xxxxxxxxxxxxxxxxxxxxxxxxxxxxxxxx
2024-02-28 14:33:25,823 - INFO - --> Received scan signal from PLC
2024-02-28 14:33:25,823 - INFO - --> ------ SCAN SIGNAL -------
2024-02-28 14:33:25,866 - INFO - --> RESULT SCAN
2024-02-28 14:33:25,866 - INFO - PASS SCAN
2024-02-28 14:33:25,866 - INFO - ----------- SEND TO SFC -----------
2024-02-28 14:33:26,498 - INFO - --> Send Data SN:  7253501183724CRA9A1012425V
2024-02-28 14:33:28,320 - INFO - 
xxxxxxxxxxxxxxxxxxxxxxxxxxxxxxxx
2024-02-28 14:33:28,321 - INFO - --> Received scan signal from PLC
2024-02-28 14:33:28,321 - INFO - --> ------ SCAN SIGNAL -------
2024-02-28 14:33:28,352 - INFO - --> RESULT SCAN
2024-02-28 14:33:28,353 - INFO - PASS SCAN
2024-02-28 14:33:28,353 - INFO - ----------- SEND TO SFC -----------
2024-02-28 14:33:28,971 - INFO - --> Send Data SN:  7253501183724CRA9A1012422B
2024-02-28 14:33:30,740 - INFO - 
xxxxxxxxxxxxxxxxxxxxxxxxxxxxxxxx
2024-02-28 14:33:30,740 - INFO - --> Received scan signal from PLC
2024-02-28 14:33:30,740 - INFO - --> ------ SCAN SIGNAL -------
2024-02-28 14:33:30,774 - INFO - --> RESULT SCAN
2024-02-28 14:33:30,774 - INFO - PASS SCAN
2024-02-28 14:33:30,774 - INFO - ----------- SEND TO SFC -----------
2024-02-28 14:33:31,404 - INFO - --> Send Data SN:  7253501177324CRA2A1012411R
2024-02-28 14:33:33,352 - INFO - 
xxxxxxxxxxxxxxxxxxxxxxxxxxxxxxxx
2024-02-28 14:33:33,352 - INFO - --> Received scan signal from PLC
2024-02-28 14:33:33,353 - INFO - --> ------ SCAN SIGNAL -------
2024-02-28 14:33:33,386 - INFO - --> RESULT SCAN
2024-02-28 14:33:33,386 - INFO - PASS SCAN
2024-02-28 14:33:33,386 - INFO - ----------- SEND TO SFC -----------
2024-02-28 14:33:34,021 - INFO - --> Send Data SN:  7253501181224CRALA1012631Q
2024-02-28 14:33:35,811 - INFO - 
xxxxxxxxxxxxxxxxxxxxxxxxxxxxxxxx
2024-02-28 14:33:35,811 - INFO - --> Received scan signal from PLC
2024-02-28 14:33:35,812 - INFO - --> ------ SCAN SIGNAL -------
2024-02-28 14:33:35,848 - INFO - --> RESULT SCAN
2024-02-28 14:33:35,848 - INFO - PASS SCAN
2024-02-28 14:33:35,849 - INFO - ----------- SEND TO SFC -----------
2024-02-28 14:33:36,554 - INFO - --> Send Data SN:  7253392318124CRA9A1A30C09E
2024-02-28 14:33:38,380 - INFO - 
xxxxxxxxxxxxxxxxxxxxxxxxxxxxxxxx
2024-02-28 14:33:38,381 - INFO - --> Received scan signal from PLC
2024-02-28 14:33:38,381 - INFO - --> ------ SCAN SIGNAL -------
2024-02-28 14:33:38,420 - INFO - --> RESULT SCAN
2024-02-28 14:33:38,420 - INFO - PASS SCAN
2024-02-28 14:33:38,421 - INFO - ----------- SEND TO SFC -----------
2024-02-28 14:33:39,067 - INFO - --> Send Data SN:  7253501112724CRAKA1012417A
2024-02-28 14:33:40,950 - INFO - 
xxxxxxxxxxxxxxxxxxxxxxxxxxxxxxxx
2024-02-28 14:33:40,950 - INFO - --> Received scan signal from PLC
2024-02-28 14:33:40,950 - INFO - --> ------ SCAN SIGNAL -------
2024-02-28 14:33:40,972 - INFO - --> RESULT SCAN
2024-02-28 14:33:40,973 - INFO - PASS SCAN
2024-02-28 14:33:40,973 - INFO - ----------- SEND TO SFC -----------
2024-02-28 14:33:41,663 - INFO - --> Send Data SN:  7253501142324CRALA1012429A
2024-02-28 14:33:43,511 - INFO - 
xxxxxxxxxxxxxxxxxxxxxxxxxxxxxxxx
2024-02-28 14:33:43,511 - INFO - --> Received scan signal from PLC
2024-02-28 14:33:43,511 - INFO - --> ------ SCAN SIGNAL -------
2024-02-28 14:33:43,553 - INFO - --> RESULT SCAN
2024-02-28 14:33:43,554 - INFO - PASS SCAN
2024-02-28 14:33:43,554 - INFO - ----------- SEND TO SFC -----------
2024-02-28 14:33:44,214 - INFO - --> Send Data SN:  7253501181824CRAEA1012617A
2024-02-28 14:33:46,080 - INFO - 
xxxxxxxxxxxxxxxxxxxxxxxxxxxxxxxx
2024-02-28 14:33:46,081 - INFO - --> Received scan signal from PLC
2024-02-28 14:33:46,081 - INFO - --> ------ SCAN SIGNAL -------
2024-02-28 14:33:46,118 - INFO - --> RESULT SCAN
2024-02-28 14:33:46,118 - INFO - PASS SCAN
2024-02-28 14:33:46,118 - INFO - ----------- SEND TO SFC -----------
2024-02-28 14:33:46,759 - INFO - --> Send Data SN:  7253501180424CRAMA1012432N
2024-02-28 14:33:48,682 - INFO - 
xxxxxxxxxxxxxxxxxxxxxxxxxxxxxxxx
2024-02-28 14:33:48,682 - INFO - --> Received scan signal from PLC
2024-02-28 14:33:48,682 - INFO - --> ------ SCAN SIGNAL -------
2024-02-28 14:33:48,725 - INFO - --> RESULT SCAN
2024-02-28 14:33:48,725 - INFO - PASS SCAN
2024-02-28 14:33:48,726 - INFO - ----------- SEND TO SFC -----------
2024-02-28 14:33:49,440 - INFO - --> Send Data SN:  7253392320824CRARA1A30C23B
2024-02-28 14:33:51,231 - INFO - 
xxxxxxxxxxxxxxxxxxxxxxxxxxxxxxxx
2024-02-28 14:33:51,231 - INFO - --> Received scan signal from PLC
2024-02-28 14:33:51,231 - INFO - --> ------ SCAN SIGNAL -------
2024-02-28 14:33:51,252 - INFO - --> RESULT SCAN
2024-02-28 14:33:51,253 - INFO - PASS SCAN
2024-02-28 14:33:51,253 - INFO - ----------- SEND TO SFC -----------
2024-02-28 14:33:51,906 - INFO - --> Send Data SN:  7253501109324CRA3A1012603M
2024-02-28 14:33:53,792 - INFO - 
xxxxxxxxxxxxxxxxxxxxxxxxxxxxxxxx
2024-02-28 14:33:53,792 - INFO - --> Received scan signal from PLC
2024-02-28 14:33:53,792 - INFO - --> ------ SCAN SIGNAL -------
2024-02-28 14:33:53,840 - INFO - --> RESULT SCAN
2024-02-28 14:33:53,840 - INFO - PASS SCAN
2024-02-28 14:33:53,840 - INFO - ----------- SEND TO SFC -----------
2024-02-28 14:33:54,488 - INFO - --> Send Data SN:  7253501192124CRAHA1012402A
2024-02-28 14:33:56,302 - INFO - 
xxxxxxxxxxxxxxxxxxxxxxxxxxxxxxxx
2024-02-28 14:33:56,302 - INFO - --> Received scan signal from PLC
2024-02-28 14:33:56,303 - INFO - --> ------ SCAN SIGNAL -------
2024-02-28 14:33:56,345 - INFO - --> RESULT SCAN
2024-02-28 14:33:56,346 - INFO - PASS SCAN
2024-02-28 14:33:56,346 - INFO - ----------- SEND TO SFC -----------
2024-02-28 14:33:57,076 - INFO - --> Send Data SN:  7253501181224CRALA1012611R
2024-02-28 14:33:58,901 - INFO - 
xxxxxxxxxxxxxxxxxxxxxxxxxxxxxxxx
2024-02-28 14:33:58,902 - INFO - --> Received scan signal from PLC
2024-02-28 14:33:58,902 - INFO - --> ------ SCAN SIGNAL -------
2024-02-28 14:33:58,944 - INFO - --> RESULT SCAN
2024-02-28 14:33:58,944 - INFO - PASS SCAN
2024-02-28 14:33:58,944 - INFO - ----------- SEND TO SFC -----------
2024-02-28 14:33:59,610 - INFO - --> Send Data SN:  7253392308724CRA4A1A30C16N
2024-02-28 14:34:01,630 - INFO - 
xxxxxxxxxxxxxxxxxxxxxxxxxxxxxxxx
2024-02-28 14:34:01,630 - INFO - --> Received scan signal from PLC
2024-02-28 14:34:01,630 - INFO - --> ------ SCAN SIGNAL -------
2024-02-28 14:34:01,726 - INFO - --> RESULT SCAN
2024-02-28 14:34:01,726 - INFO - PASS SCAN
2024-02-28 14:34:01,726 - INFO - ----------- SEND TO SFC -----------
2024-02-28 14:34:02,400 - INFO - --> Send Data SN:  7253392320824CRARA1A30C31T
2024-02-28 14:43:45,225 - INFO - 
xxxxxxxxxxxxxxxxxxxxxxxxxxxxxxxx
2024-02-28 14:43:45,225 - INFO - --> Received scan signal from PLC
2024-02-28 14:43:45,226 - INFO - --> ------ SCAN SIGNAL -------
2024-02-28 14:43:50,657 - INFO - --> RESULT SCAN
2024-02-28 14:43:50,657 - ERROR - FAILED
2024-02-28 14:43:50,678 - ERROR - ------FAIL SCAN-------
2024-02-28 14:43:50,679 - ERROR - Data SN: None
