2024-02-26 08:38:37,375 - WARNING - Wrong PLC Signal
2024-02-26 08:39:21,966 - INFO - 
xxxxxxxxxxxxxxxxxxxxxxxxxxxxxxxx
2024-02-26 08:39:21,966 - INFO - --> Received scan signal from PLC
2024-02-26 08:39:21,966 - INFO - --> ------ SCAN SIGNAL -------
2024-02-26 08:39:22,021 - INFO - --> RESULT SCAN
2024-02-26 08:39:22,022 - INFO - PASS SCAN
2024-02-26 08:39:22,022 - INFO - ----------- SEND TO SFC -----------
2024-02-26 08:39:22,188 - WARNING - Wrong PLC Signal
2024-02-26 08:39:22,203 - WARNING - Wrong PLC Signal
2024-02-26 08:39:22,435 - INFO - --> Send Data SN:  (01)09506000151502(17)251225(10)AB-123
2024-02-26 08:39:22,444 - WARNING - Wrong PLC Signal
2024-02-26 08:39:23,596 - ERROR - SIGNAL FAIL CHECK SN CODE FROM mes
2024-02-26 08:41:18,889 - INFO - 
xxxxxxxxxxxxxxxxxxxxxxxxxxxxxxxx
2024-02-26 08:41:18,889 - INFO - --> Received scan signal from PLC
2024-02-26 08:41:18,889 - INFO - --> ------ SCAN SIGNAL -------
2024-02-26 08:41:18,922 - INFO - --> RESULT SCAN
2024-02-26 08:41:18,923 - INFO - PASS SCAN
2024-02-26 08:41:18,923 - INFO - ----------- SEND TO SFC -----------
2024-02-26 08:41:19,045 - WARNING - Wrong PLC Signal
2024-02-26 08:41:19,062 - WARNING - Wrong PLC Signal
2024-02-26 08:41:19,145 - INFO - --> Send Data SN:  12345555555555555555555555555555555555555
2024-02-26 08:41:19,146 - WARNING - Wrong PLC Signal
2024-02-26 08:41:20,312 - ERROR - SIGNAL FAIL CHECK SN CODE FROM mes
2024-02-26 08:41:24,578 - INFO - 
xxxxxxxxxxxxxxxxxxxxxxxxxxxxxxxx
2024-02-26 08:41:24,578 - INFO - --> Received scan signal from PLC
2024-02-26 08:41:24,578 - INFO - --> ------ SCAN SIGNAL -------
2024-02-26 08:41:24,615 - INFO - --> RESULT SCAN
2024-02-26 08:41:24,615 - INFO - PASS SCAN
2024-02-26 08:41:24,616 - INFO - ----------- SEND TO SFC -----------
2024-02-26 08:41:24,705 - WARNING - Wrong PLC Signal
2024-02-26 08:41:24,719 - WARNING - Wrong PLC Signal
2024-02-26 08:41:24,736 - WARNING - Wrong PLC Signal
2024-02-26 08:41:24,813 - INFO - --> Send Data SN:  12345555555555555555555555555555555555555
2024-02-26 08:41:24,818 - WARNING - Wrong PLC Signal
2024-02-26 08:41:25,969 - ERROR - SIGNAL FAIL CHECK SN CODE FROM mes
2024-02-26 08:41:26,245 - INFO - 
xxxxxxxxxxxxxxxxxxxxxxxxxxxxxxxx
2024-02-26 08:41:26,245 - INFO - --> Received scan signal from PLC
2024-02-26 08:41:26,245 - INFO - --> ------ SCAN SIGNAL -------
2024-02-26 08:41:26,276 - INFO - --> RESULT SCAN
2024-02-26 08:41:26,276 - INFO - PASS SCAN
2024-02-26 08:41:26,276 - INFO - ----------- SEND TO SFC -----------
2024-02-26 08:41:26,371 - WARNING - Wrong PLC Signal
2024-02-26 08:41:26,387 - WARNING - Wrong PLC Signal
2024-02-26 08:41:26,469 - INFO - --> Send Data SN:  12345555555555555555555555555555555555555
2024-02-26 08:41:26,472 - WARNING - Wrong PLC Signal
2024-02-26 08:41:27,631 - ERROR - SIGNAL FAIL CHECK SN CODE FROM mes
2024-02-26 08:41:27,666 - INFO - 
xxxxxxxxxxxxxxxxxxxxxxxxxxxxxxxx
2024-02-26 08:41:27,666 - INFO - --> Received scan signal from PLC
2024-02-26 08:41:27,666 - INFO - --> ------ SCAN SIGNAL -------
2024-02-26 08:41:27,697 - INFO - --> RESULT SCAN
2024-02-26 08:41:27,697 - INFO - PASS SCAN
2024-02-26 08:41:27,697 - INFO - ----------- SEND TO SFC -----------
2024-02-26 08:41:27,791 - WARNING - Wrong PLC Signal
2024-02-26 08:41:27,807 - WARNING - Wrong PLC Signal
2024-02-26 08:41:27,821 - WARNING - Wrong PLC Signal
2024-02-26 08:41:27,906 - INFO - --> Send Data SN:  12345555555555555555555555555555555555555
2024-02-26 08:41:27,921 - WARNING - Wrong PLC Signal
2024-02-26 08:41:28,867 - WARNING - Received signal PLC when program is processing.
2024-02-26 08:41:29,067 - ERROR - SIGNAL FAIL CHECK SN CODE FROM mes
2024-02-26 08:41:30,740 - INFO - 
xxxxxxxxxxxxxxxxxxxxxxxxxxxxxxxx
2024-02-26 08:41:30,740 - INFO - --> Received scan signal from PLC
2024-02-26 08:41:30,740 - INFO - --> ------ SCAN SIGNAL -------
2024-02-26 08:41:30,772 - INFO - --> RESULT SCAN
2024-02-26 08:41:30,772 - INFO - PASS SCAN
2024-02-26 08:41:30,772 - INFO - ----------- SEND TO SFC -----------
2024-02-26 08:41:30,880 - WARNING - Wrong PLC Signal
2024-02-26 08:41:30,896 - WARNING - Wrong PLC Signal
2024-02-26 08:41:30,977 - INFO - --> Send Data SN:  12345555555555555555555555555555555555555
2024-02-26 08:41:30,981 - WARNING - Wrong PLC Signal
2024-02-26 08:41:32,138 - ERROR - SIGNAL FAIL CHECK SN CODE FROM mes
2024-02-26 08:41:32,707 - INFO - 
xxxxxxxxxxxxxxxxxxxxxxxxxxxxxxxx
2024-02-26 08:41:32,707 - INFO - --> Received scan signal from PLC
2024-02-26 08:41:32,707 - INFO - --> ------ SCAN SIGNAL -------
2024-02-26 08:41:32,738 - INFO - --> RESULT SCAN
2024-02-26 08:41:32,738 - INFO - PASS SCAN
2024-02-26 08:41:32,738 - INFO - ----------- SEND TO SFC -----------
2024-02-26 08:41:32,832 - WARNING - Received signal PLC when program is processing.
2024-02-26 08:41:32,848 - WARNING - Wrong PLC Signal
2024-02-26 08:41:32,864 - WARNING - Wrong PLC Signal
2024-02-26 08:41:32,879 - WARNING - Wrong PLC Signal
2024-02-26 08:41:32,964 - INFO - --> Send Data SN:  12345555555555555555555555555555555555555
2024-02-26 08:41:32,978 - WARNING - Wrong PLC Signal
2024-02-26 08:41:34,130 - ERROR - SIGNAL FAIL CHECK SN CODE FROM mes
2024-02-26 08:41:34,361 - INFO - 
xxxxxxxxxxxxxxxxxxxxxxxxxxxxxxxx
2024-02-26 08:41:34,361 - INFO - --> Received scan signal from PLC
2024-02-26 08:41:34,361 - INFO - --> ------ SCAN SIGNAL -------
2024-02-26 08:41:34,393 - INFO - --> RESULT SCAN
2024-02-26 08:41:34,393 - INFO - PASS SCAN
2024-02-26 08:41:34,393 - INFO - ----------- SEND TO SFC -----------
2024-02-26 08:41:34,488 - WARNING - Wrong PLC Signal
2024-02-26 08:41:34,503 - WARNING - Wrong PLC Signal
2024-02-26 08:41:34,589 - INFO - --> Send Data SN:  12345555555555555555555555555555555555555
2024-02-26 08:41:34,604 - WARNING - Wrong PLC Signal
2024-02-26 08:41:35,690 - WARNING - Received signal PLC when program is processing.
2024-02-26 08:41:35,757 - ERROR - SIGNAL FAIL CHECK SN CODE FROM mes
2024-02-26 08:41:38,717 - INFO - 
xxxxxxxxxxxxxxxxxxxxxxxxxxxxxxxx
2024-02-26 08:41:38,717 - INFO - --> Received scan signal from PLC
2024-02-26 08:41:38,717 - INFO - --> ------ SCAN SIGNAL -------
2024-02-26 08:41:38,750 - INFO - --> RESULT SCAN
2024-02-26 08:41:38,750 - INFO - PASS SCAN
2024-02-26 08:41:38,751 - INFO - ----------- SEND TO SFC -----------
2024-02-26 08:41:38,841 - WARNING - Wrong PLC Signal
2024-02-26 08:41:38,857 - WARNING - Wrong PLC Signal
2024-02-26 08:41:38,948 - INFO - --> Send Data SN:  12345555555555555555555555555555555555555
2024-02-26 08:41:38,957 - WARNING - Wrong PLC Signal
2024-02-26 08:41:40,108 - ERROR - SIGNAL FAIL CHECK SN CODE FROM mes
2024-02-26 08:44:05,434 - INFO - 
xxxxxxxxxxxxxxxxxxxxxxxxxxxxxxxx
2024-02-26 08:44:05,434 - INFO - --> Received scan signal from PLC
2024-02-26 08:44:05,434 - INFO - --> ------ SCAN SIGNAL -------
2024-02-26 08:44:05,467 - INFO - --> RESULT SCAN
2024-02-26 08:44:05,468 - INFO - PASS SCAN
2024-02-26 08:44:05,468 - INFO - ----------- SEND TO SFC -----------
2024-02-26 08:44:05,591 - WARNING - Wrong PLC Signal
2024-02-26 08:44:05,606 - WARNING - Wrong PLC Signal
2024-02-26 08:44:05,830 - INFO - --> Send Data SN:  12345555555555555555555555555555555555555
2024-02-26 08:44:05,844 - WARNING - Wrong PLC Signal
2024-02-26 08:44:47,335 - WARNING - Received signal PLC when program is processing.
2024-02-26 08:45:05,877 - INFO - 
xxxxxxxxxxxxxxxxxxxxxxxxxxxxxxxx
2024-02-26 08:45:05,877 - INFO - --> Received scan signal from PLC
2024-02-26 08:45:05,877 - INFO - --> ------ SCAN SIGNAL -------
2024-02-26 08:45:05,911 - INFO - --> RESULT SCAN
2024-02-26 08:45:05,911 - INFO - PASS SCAN
2024-02-26 08:45:05,912 - INFO - ----------- SEND TO SFC -----------
2024-02-26 08:45:06,017 - WARNING - Wrong PLC Signal
2024-02-26 08:45:06,032 - WARNING - Wrong PLC Signal
2024-02-26 08:45:06,266 - INFO - --> Send Data SN:  12345555555555555555555555555555555555555
2024-02-26 08:45:06,274 - WARNING - Wrong PLC Signal
2024-02-26 08:47:00,403 - WARNING - Wrong PLC Signal
2024-02-26 08:47:07,307 - WARNING - Wrong PLC Signal
2024-02-26 08:47:20,966 - WARNING - Wrong PLC Signal
2024-02-26 08:47:45,045 - INFO - 
xxxxxxxxxxxxxxxxxxxxxxxxxxxxxxxx
2024-02-26 08:47:45,045 - INFO - --> Received scan signal from PLC
2024-02-26 08:47:45,045 - INFO - --> ------ SCAN SIGNAL -------
2024-02-26 08:47:45,082 - INFO - --> RESULT SCAN
2024-02-26 08:47:45,082 - INFO - PASS SCAN
2024-02-26 08:47:45,082 - INFO - ----------- SEND TO SFC -----------
2024-02-26 08:47:45,203 - WARNING - Wrong PLC Signal
2024-02-26 08:47:45,218 - WARNING - Wrong PLC Signal
2024-02-26 08:47:45,460 - INFO - --> Send Data SN:  12345555555555555555555555555555555555555
2024-02-26 08:47:45,462 - WARNING - Wrong PLC Signal
2024-02-26 08:47:46,627 - ERROR - SIGNAL FAIL CHECK SN CODE FROM mes
2024-02-26 08:48:16,210 - INFO - 
xxxxxxxxxxxxxxxxxxxxxxxxxxxxxxxx
2024-02-26 08:48:16,210 - INFO - --> Received scan signal from PLC
2024-02-26 08:48:16,210 - INFO - --> ------ SCAN SIGNAL -------
2024-02-26 08:48:16,242 - INFO - --> RESULT SCAN
2024-02-26 08:48:16,242 - INFO - PASS SCAN
2024-02-26 08:48:16,242 - INFO - ----------- SEND TO SFC -----------
2024-02-26 08:48:16,366 - WARNING - Wrong PLC Signal
2024-02-26 08:48:16,381 - WARNING - Wrong PLC Signal
2024-02-26 08:48:16,464 - INFO - --> Send Data SN:  12345555555555555555555555555555555555555
2024-02-26 08:48:16,466 - WARNING - Wrong PLC Signal
2024-02-26 08:49:00,744 - WARNING - Wrong PLC Signal
2024-02-26 08:49:02,897 - WARNING - Received signal PLC when program is processing.
2024-02-26 08:53:01,192 - INFO - 
xxxxxxxxxxxxxxxxxxxxxxxxxxxxxxxx
2024-02-26 08:53:01,192 - INFO - --> Received scan signal from PLC
2024-02-26 08:53:01,192 - INFO - --> ------ SCAN SIGNAL -------
2024-02-26 08:53:01,238 - INFO - --> RESULT SCAN
2024-02-26 08:53:01,238 - INFO - PASS SCAN
2024-02-26 08:53:01,238 - INFO - ----------- SEND TO SFC -----------
2024-02-26 08:53:01,365 - WARNING - Wrong PLC Signal
2024-02-26 08:53:01,380 - WARNING - Wrong PLC Signal
2024-02-26 08:53:01,398 - WARNING - Wrong PLC Signal
2024-02-26 08:53:01,617 - INFO - --> Send Data SN:  12345555555555555555555555555555555555555
2024-02-26 08:53:01,622 - WARNING - Wrong PLC Signal
2024-02-26 08:53:02,779 - ERROR - SIGNAL FAIL CHECK SN CODE FROM mes
2024-02-26 08:53:35,254 - INFO - 
xxxxxxxxxxxxxxxxxxxxxxxxxxxxxxxx
2024-02-26 08:53:35,254 - INFO - --> Received scan signal from PLC
2024-02-26 08:53:35,254 - INFO - --> ------ SCAN SIGNAL -------
2024-02-26 08:53:35,286 - INFO - --> RESULT SCAN
2024-02-26 08:53:35,286 - INFO - PASS SCAN
2024-02-26 08:53:35,287 - INFO - ----------- SEND TO SFC -----------
2024-02-26 08:53:35,394 - WARNING - Received signal PLC when program is processing.
2024-02-26 08:53:35,410 - WARNING - Wrong PLC Signal
2024-02-26 08:53:35,425 - WARNING - Wrong PLC Signal
2024-02-26 08:53:35,502 - INFO - --> Send Data SN:  12345555555555555555555555555555555555555
2024-02-26 08:53:35,509 - WARNING - Wrong PLC Signal
2024-02-26 08:53:40,820 - INFO - 
xxxxxxxxxxxxxxxxxxxxxxxxxxxxxxxx
2024-02-26 08:53:40,820 - INFO - --> Received scan signal from PLC
2024-02-26 08:53:40,820 - INFO - --> ------ SCAN SIGNAL -------
2024-02-26 08:53:40,850 - INFO - --> RESULT SCAN
2024-02-26 08:53:40,851 - INFO - PASS SCAN
2024-02-26 08:53:40,851 - INFO - ----------- SEND TO SFC -----------
2024-02-26 08:53:40,944 - WARNING - Wrong PLC Signal
2024-02-26 08:53:40,959 - WARNING - Wrong PLC Signal
2024-02-26 08:53:41,047 - INFO - --> Send Data SN:  12345555555555555555555555555555555555555
2024-02-26 08:53:41,059 - WARNING - Wrong PLC Signal
2024-02-26 08:53:44,909 - INFO - 
xxxxxxxxxxxxxxxxxxxxxxxxxxxxxxxx
2024-02-26 08:53:44,909 - INFO - --> Received scan signal from PLC
2024-02-26 08:53:44,909 - INFO - --> ------ SCAN SIGNAL -------
2024-02-26 08:53:44,941 - INFO - --> RESULT SCAN
2024-02-26 08:53:44,941 - INFO - PASS SCAN
2024-02-26 08:53:44,941 - INFO - ----------- SEND TO SFC -----------
2024-02-26 08:53:45,034 - WARNING - Wrong PLC Signal
2024-02-26 08:53:45,048 - WARNING - Wrong PLC Signal
2024-02-26 08:53:45,138 - INFO - --> Send Data SN:  12345555555555555555555555555555555555555
2024-02-26 08:53:45,147 - WARNING - Wrong PLC Signal
2024-02-26 08:53:46,293 - ERROR - SIGNAL FAIL CHECK SN CODE FROM mes
2024-02-26 08:53:46,591 - INFO - 
xxxxxxxxxxxxxxxxxxxxxxxxxxxxxxxx
2024-02-26 08:53:46,591 - INFO - --> Received scan signal from PLC
2024-02-26 08:53:46,591 - INFO - --> ------ SCAN SIGNAL -------
2024-02-26 08:53:46,622 - INFO - --> RESULT SCAN
2024-02-26 08:53:46,622 - INFO - PASS SCAN
2024-02-26 08:53:46,622 - INFO - ----------- SEND TO SFC -----------
2024-02-26 08:53:46,717 - WARNING - Wrong PLC Signal
2024-02-26 08:53:46,733 - WARNING - Wrong PLC Signal
2024-02-26 08:53:46,817 - INFO - --> Send Data SN:  12345555555555555555555555555555555555555
2024-02-26 08:53:46,833 - WARNING - Wrong PLC Signal
2024-02-26 08:53:50,403 - INFO - 
xxxxxxxxxxxxxxxxxxxxxxxxxxxxxxxx
2024-02-26 08:53:50,403 - INFO - --> Received scan signal from PLC
2024-02-26 08:53:50,403 - INFO - --> ------ SCAN SIGNAL -------
2024-02-26 08:53:50,435 - INFO - --> RESULT SCAN
2024-02-26 08:53:50,436 - INFO - PASS SCAN
2024-02-26 08:53:50,436 - INFO - ----------- SEND TO SFC -----------
2024-02-26 08:53:50,528 - WARNING - Wrong PLC Signal
2024-02-26 08:53:50,543 - WARNING - Wrong PLC Signal
2024-02-26 08:53:50,559 - WARNING - Wrong PLC Signal
2024-02-26 08:53:50,636 - INFO - --> Send Data SN:  12345555555555555555555555555555555555555
2024-02-26 08:53:50,644 - WARNING - Wrong PLC Signal
2024-02-26 08:53:53,154 - INFO - 
xxxxxxxxxxxxxxxxxxxxxxxxxxxxxxxx
2024-02-26 08:53:53,154 - INFO - --> Received scan signal from PLC
2024-02-26 08:53:53,154 - INFO - --> ------ SCAN SIGNAL -------
2024-02-26 08:53:53,187 - INFO - --> RESULT SCAN
2024-02-26 08:53:53,187 - INFO - PASS SCAN
2024-02-26 08:53:53,187 - INFO - ----------- SEND TO SFC -----------
2024-02-26 08:53:53,277 - WARNING - Wrong PLC Signal
2024-02-26 08:53:53,293 - WARNING - Wrong PLC Signal
2024-02-26 08:53:53,380 - INFO - --> Send Data SN:  12345555555555555555555555555555555555555
2024-02-26 08:53:53,392 - WARNING - Wrong PLC Signal
2024-02-26 08:53:54,714 - INFO - 
xxxxxxxxxxxxxxxxxxxxxxxxxxxxxxxx
2024-02-26 08:53:54,714 - INFO - --> Received scan signal from PLC
2024-02-26 08:53:54,714 - INFO - --> ------ SCAN SIGNAL -------
2024-02-26 08:53:54,746 - INFO - --> RESULT SCAN
2024-02-26 08:53:54,746 - INFO - PASS SCAN
2024-02-26 08:53:54,747 - INFO - ----------- SEND TO SFC -----------
2024-02-26 08:53:54,839 - WARNING - Wrong PLC Signal
2024-02-26 08:53:54,854 - WARNING - Wrong PLC Signal
2024-02-26 08:53:54,943 - INFO - --> Send Data SN:  12345555555555555555555555555555555555555
2024-02-26 08:53:54,955 - WARNING - Wrong PLC Signal
2024-02-26 08:53:56,101 - ERROR - SIGNAL FAIL CHECK SN CODE FROM mes
2024-02-26 08:53:58,215 - INFO - 
xxxxxxxxxxxxxxxxxxxxxxxxxxxxxxxx
2024-02-26 08:53:58,215 - INFO - --> Received scan signal from PLC
2024-02-26 08:53:58,215 - INFO - --> ------ SCAN SIGNAL -------
2024-02-26 08:53:58,247 - INFO - --> RESULT SCAN
2024-02-26 08:53:58,248 - INFO - PASS SCAN
2024-02-26 08:53:58,248 - INFO - ----------- SEND TO SFC -----------
2024-02-26 08:53:58,340 - WARNING - Received signal PLC when program is processing.
2024-02-26 08:53:58,356 - WARNING - Wrong PLC Signal
2024-02-26 08:53:58,372 - WARNING - Wrong PLC Signal
2024-02-26 08:53:58,452 - INFO - --> Send Data SN:  12345555555555555555555555555555555555555
2024-02-26 08:53:58,455 - WARNING - Wrong PLC Signal
2024-02-26 08:54:00,394 - INFO - 
xxxxxxxxxxxxxxxxxxxxxxxxxxxxxxxx
2024-02-26 08:54:00,394 - INFO - --> Received scan signal from PLC
2024-02-26 08:54:00,394 - INFO - --> ------ SCAN SIGNAL -------
2024-02-26 08:54:00,425 - INFO - --> RESULT SCAN
2024-02-26 08:54:00,425 - INFO - PASS SCAN
2024-02-26 08:54:00,425 - INFO - ----------- SEND TO SFC -----------
2024-02-26 08:54:00,519 - WARNING - Wrong PLC Signal
2024-02-26 08:54:00,535 - WARNING - Wrong PLC Signal
2024-02-26 08:54:00,551 - WARNING - Wrong PLC Signal
2024-02-26 08:54:00,626 - INFO - --> Send Data SN:  12345555555555555555555555555555555555555
2024-02-26 08:54:00,635 - WARNING - Wrong PLC Signal
2024-02-26 08:54:02,162 - INFO - 
xxxxxxxxxxxxxxxxxxxxxxxxxxxxxxxx
2024-02-26 08:54:02,162 - INFO - --> Received scan signal from PLC
2024-02-26 08:54:02,162 - INFO - --> ------ SCAN SIGNAL -------
2024-02-26 08:54:02,196 - INFO - --> RESULT SCAN
2024-02-26 08:54:02,196 - INFO - PASS SCAN
2024-02-26 08:54:02,196 - INFO - ----------- SEND TO SFC -----------
2024-02-26 08:54:02,303 - WARNING - Wrong PLC Signal
2024-02-26 08:54:02,318 - WARNING - Wrong PLC Signal
2024-02-26 08:54:02,397 - INFO - --> Send Data SN:  12345555555555555555555555555555555555555
2024-02-26 08:54:02,403 - WARNING - Wrong PLC Signal
2024-02-26 08:54:03,271 - INFO - 
xxxxxxxxxxxxxxxxxxxxxxxxxxxxxxxx
2024-02-26 08:54:03,271 - INFO - --> Received scan signal from PLC
2024-02-26 08:54:03,271 - INFO - --> ------ SCAN SIGNAL -------
2024-02-26 08:54:03,303 - INFO - --> RESULT SCAN
2024-02-26 08:54:03,303 - INFO - PASS SCAN
2024-02-26 08:54:03,303 - INFO - ----------- SEND TO SFC -----------
2024-02-26 08:54:03,397 - WARNING - Wrong PLC Signal
2024-02-26 08:54:03,413 - WARNING - Wrong PLC Signal
2024-02-26 08:54:03,498 - INFO - --> Send Data SN:  12345555555555555555555555555555555555555
2024-02-26 08:54:03,513 - WARNING - Wrong PLC Signal
2024-02-26 08:54:04,115 - INFO - 
xxxxxxxxxxxxxxxxxxxxxxxxxxxxxxxx
2024-02-26 08:54:04,115 - INFO - --> Received scan signal from PLC
2024-02-26 08:54:04,115 - INFO - --> ------ SCAN SIGNAL -------
2024-02-26 08:54:04,146 - INFO - --> RESULT SCAN
2024-02-26 08:54:04,147 - INFO - PASS SCAN
2024-02-26 08:54:04,147 - INFO - ----------- SEND TO SFC -----------
2024-02-26 08:54:04,241 - WARNING - Wrong PLC Signal
2024-02-26 08:54:04,255 - WARNING - Wrong PLC Signal
2024-02-26 08:54:04,342 - INFO - --> Send Data SN:  12345555555555555555555555555555555555555
2024-02-26 08:54:04,354 - WARNING - Wrong PLC Signal
2024-02-26 08:54:05,003 - INFO - 
xxxxxxxxxxxxxxxxxxxxxxxxxxxxxxxx
2024-02-26 08:54:05,003 - INFO - --> Received scan signal from PLC
2024-02-26 08:54:05,003 - INFO - --> ------ SCAN SIGNAL -------
2024-02-26 08:54:05,035 - INFO - --> RESULT SCAN
2024-02-26 08:54:05,035 - INFO - PASS SCAN
2024-02-26 08:54:05,035 - INFO - ----------- SEND TO SFC -----------
2024-02-26 08:54:05,127 - WARNING - Wrong PLC Signal
2024-02-26 08:54:05,143 - WARNING - Wrong PLC Signal
2024-02-26 08:54:05,232 - INFO - --> Send Data SN:  12345555555555555555555555555555555555555
2024-02-26 08:54:05,242 - WARNING - Wrong PLC Signal
2024-02-26 08:54:05,814 - WARNING - Received signal PLC when program is processing.
2024-02-26 08:54:06,932 - INFO - 
xxxxxxxxxxxxxxxxxxxxxxxxxxxxxxxx
2024-02-26 08:54:06,932 - INFO - --> Received scan signal from PLC
2024-02-26 08:54:06,932 - INFO - --> ------ SCAN SIGNAL -------
2024-02-26 08:54:06,966 - INFO - --> RESULT SCAN
2024-02-26 08:54:06,966 - INFO - PASS SCAN
2024-02-26 08:54:06,966 - INFO - ----------- SEND TO SFC -----------
2024-02-26 08:54:07,059 - WARNING - Wrong PLC Signal
2024-02-26 08:54:07,074 - WARNING - Wrong PLC Signal
2024-02-26 08:54:07,164 - INFO - --> Send Data SN:  12345555555555555555555555555555555555555
2024-02-26 08:54:07,175 - WARNING - Wrong PLC Signal
2024-02-26 08:54:08,292 - INFO - 
xxxxxxxxxxxxxxxxxxxxxxxxxxxxxxxx
2024-02-26 08:54:08,292 - INFO - --> Received scan signal from PLC
2024-02-26 08:54:08,292 - INFO - --> ------ SCAN SIGNAL -------
2024-02-26 08:54:08,324 - INFO - --> RESULT SCAN
2024-02-26 08:54:08,324 - INFO - PASS SCAN
2024-02-26 08:54:08,324 - INFO - ----------- SEND TO SFC -----------
2024-02-26 08:54:08,416 - WARNING - Wrong PLC Signal
2024-02-26 08:54:08,431 - WARNING - Wrong PLC Signal
2024-02-26 08:54:08,521 - INFO - --> Send Data SN:  12345555555555555555555555555555555555555
2024-02-26 08:54:08,530 - WARNING - Wrong PLC Signal
2024-02-26 08:54:09,042 - WARNING - Received signal PLC when program is processing.
2024-02-26 08:54:10,010 - INFO - 
xxxxxxxxxxxxxxxxxxxxxxxxxxxxxxxx
2024-02-26 08:54:10,010 - INFO - --> Received scan signal from PLC
2024-02-26 08:54:10,010 - INFO - --> ------ SCAN SIGNAL -------
2024-02-26 08:54:10,041 - INFO - --> RESULT SCAN
2024-02-26 08:54:10,042 - INFO - PASS SCAN
2024-02-26 08:54:10,042 - INFO - ----------- SEND TO SFC -----------
2024-02-26 08:54:10,135 - WARNING - Wrong PLC Signal
2024-02-26 08:54:10,150 - WARNING - Wrong PLC Signal
2024-02-26 08:54:10,238 - INFO - --> Send Data SN:  12345555555555555555555555555555555555555
2024-02-26 08:54:10,248 - WARNING - Wrong PLC Signal
2024-02-26 08:54:11,833 - INFO - 
xxxxxxxxxxxxxxxxxxxxxxxxxxxxxxxx
2024-02-26 08:54:11,833 - INFO - --> Received scan signal from PLC
2024-02-26 08:54:11,833 - INFO - --> ------ SCAN SIGNAL -------
2024-02-26 08:54:11,865 - INFO - --> RESULT SCAN
2024-02-26 08:54:11,865 - INFO - PASS SCAN
2024-02-26 08:54:11,865 - INFO - ----------- SEND TO SFC -----------
2024-02-26 08:54:11,959 - WARNING - Wrong PLC Signal
2024-02-26 08:54:11,975 - WARNING - Wrong PLC Signal
2024-02-26 08:54:12,059 - INFO - --> Send Data SN:  12345555555555555555555555555555555555555
2024-02-26 08:54:12,073 - WARNING - Wrong PLC Signal
2024-02-26 08:54:13,413 - INFO - 
xxxxxxxxxxxxxxxxxxxxxxxxxxxxxxxx
2024-02-26 08:54:13,413 - INFO - --> Received scan signal from PLC
2024-02-26 08:54:13,413 - INFO - --> ------ SCAN SIGNAL -------
2024-02-26 08:54:13,448 - INFO - --> RESULT SCAN
2024-02-26 08:54:13,448 - INFO - PASS SCAN
2024-02-26 08:54:13,448 - INFO - ----------- SEND TO SFC -----------
2024-02-26 08:54:13,553 - WARNING - Wrong PLC Signal
2024-02-26 08:54:13,568 - WARNING - Wrong PLC Signal
2024-02-26 08:54:13,654 - INFO - --> Send Data SN:  12345555555555555555555555555555555555555
2024-02-26 08:54:13,669 - WARNING - Wrong PLC Signal
2024-02-26 08:54:14,428 - INFO - 
xxxxxxxxxxxxxxxxxxxxxxxxxxxxxxxx
2024-02-26 08:54:14,428 - INFO - --> Received scan signal from PLC
2024-02-26 08:54:14,428 - INFO - --> ------ SCAN SIGNAL -------
2024-02-26 08:54:14,460 - INFO - --> RESULT SCAN
2024-02-26 08:54:14,460 - INFO - PASS SCAN
2024-02-26 08:54:14,460 - INFO - ----------- SEND TO SFC -----------
2024-02-26 08:54:14,567 - WARNING - Wrong PLC Signal
2024-02-26 08:54:14,582 - WARNING - Wrong PLC Signal
2024-02-26 08:54:14,666 - INFO - --> Send Data SN:  12345555555555555555555555555555555555555
2024-02-26 08:54:14,681 - WARNING - Wrong PLC Signal
2024-02-26 08:54:16,249 - INFO - 
xxxxxxxxxxxxxxxxxxxxxxxxxxxxxxxx
2024-02-26 08:54:16,249 - INFO - --> Received scan signal from PLC
2024-02-26 08:54:16,249 - INFO - --> ------ SCAN SIGNAL -------
2024-02-26 08:54:16,282 - INFO - --> RESULT SCAN
2024-02-26 08:54:16,282 - INFO - PASS SCAN
2024-02-26 08:54:16,283 - INFO - ----------- SEND TO SFC -----------
2024-02-26 08:54:16,374 - WARNING - Wrong PLC Signal
2024-02-26 08:54:16,390 - WARNING - Wrong PLC Signal
2024-02-26 08:54:16,481 - INFO - --> Send Data SN:  12345555555555555555555555555555555555555
2024-02-26 08:54:16,490 - WARNING - Wrong PLC Signal
2024-02-26 08:54:17,578 - INFO - 
xxxxxxxxxxxxxxxxxxxxxxxxxxxxxxxx
2024-02-26 08:54:17,578 - INFO - --> Received scan signal from PLC
2024-02-26 08:54:17,578 - INFO - --> ------ SCAN SIGNAL -------
2024-02-26 08:54:17,609 - INFO - --> RESULT SCAN
2024-02-26 08:54:17,610 - INFO - PASS SCAN
2024-02-26 08:54:17,610 - INFO - ----------- SEND TO SFC -----------
2024-02-26 08:54:17,702 - WARNING - Wrong PLC Signal
2024-02-26 08:54:17,718 - WARNING - Wrong PLC Signal
2024-02-26 08:54:17,805 - INFO - --> Send Data SN:  12345555555555555555555555555555555555555
2024-02-26 08:54:17,817 - WARNING - Wrong PLC Signal
2024-02-26 08:54:18,962 - ERROR - SIGNAL FAIL CHECK SN CODE FROM mes
2024-02-26 08:56:40,520 - INFO - 
xxxxxxxxxxxxxxxxxxxxxxxxxxxxxxxx
2024-02-26 08:56:40,520 - INFO - --> Received scan signal from PLC
2024-02-26 08:56:40,520 - INFO - --> ------ SCAN SIGNAL -------
2024-02-26 08:56:40,567 - INFO - --> RESULT SCAN
2024-02-26 08:56:40,567 - INFO - PASS SCAN
2024-02-26 08:56:40,567 - INFO - ----------- SEND TO SFC -----------
2024-02-26 08:56:40,693 - WARNING - Wrong PLC Signal
2024-02-26 08:56:40,709 - WARNING - Wrong PLC Signal
2024-02-26 08:56:40,724 - WARNING - Wrong PLC Signal
2024-02-26 08:56:40,946 - INFO - --> Send Data SN:  12345555555555555555555555555555555555555
2024-02-26 08:56:40,950 - WARNING - Wrong PLC Signal
2024-02-26 08:58:11,826 - INFO - 
xxxxxxxxxxxxxxxxxxxxxxxxxxxxxxxx
2024-02-26 08:58:11,826 - INFO - --> Received scan signal from PLC
2024-02-26 08:58:11,826 - INFO - --> ------ SCAN SIGNAL -------
2024-02-26 08:58:18,453 - INFO - --> RESULT SCAN
2024-02-26 08:58:18,453 - ERROR - FAILED
2024-02-26 08:58:18,453 - ERROR - ------FAIL SCAN-------
2024-02-26 08:58:18,453 - ERROR - Data SN: None
2024-02-26 08:58:31,835 - INFO - 
xxxxxxxxxxxxxxxxxxxxxxxxxxxxxxxx
2024-02-26 08:58:31,835 - INFO - --> Received scan signal from PLC
2024-02-26 08:58:31,835 - INFO - --> ------ SCAN SIGNAL -------
2024-02-26 08:58:31,865 - INFO - --> RESULT SCAN
2024-02-26 08:58:31,865 - INFO - PASS SCAN
2024-02-26 08:58:31,865 - INFO - ----------- SEND TO SFC -----------
2024-02-26 08:58:32,009 - WARNING - Wrong PLC Signal
2024-02-26 08:58:32,025 - WARNING - Wrong PLC Signal
2024-02-26 08:58:32,039 - WARNING - Wrong PLC Signal
2024-02-26 08:58:32,287 - INFO - --> Send Data SN:  12345555555555555555555555555555555555555
2024-02-26 08:58:32,295 - WARNING - Wrong PLC Signal
2024-02-26 08:59:53,615 - WARNING - Wrong PLC Signal
2024-02-26 08:59:57,287 - WARNING - Wrong PLC Signal
2024-02-26 09:01:22,978 - INFO - 
xxxxxxxxxxxxxxxxxxxxxxxxxxxxxxxx
2024-02-26 09:01:22,978 - INFO - --> Received scan signal from PLC
2024-02-26 09:01:22,978 - INFO - --> ------ SCAN SIGNAL -------
2024-02-26 09:01:23,014 - INFO - --> RESULT SCAN
2024-02-26 09:01:23,015 - INFO - PASS SCAN
2024-02-26 09:01:23,015 - INFO - ----------- SEND TO SFC -----------
2024-02-26 09:01:23,136 - WARNING - Wrong PLC Signal
2024-02-26 09:01:23,152 - WARNING - Wrong PLC Signal
2024-02-26 09:01:23,376 - INFO - --> Send Data SN:  12345555555555555555555555555555555555555
2024-02-26 09:02:49,710 - INFO - 
xxxxxxxxxxxxxxxxxxxxxxxxxxxxxxxx
2024-02-26 09:02:49,710 - INFO - --> Received scan signal from PLC
2024-02-26 09:02:49,710 - INFO - --> ------ SCAN SIGNAL -------
2024-02-26 09:02:49,746 - INFO - --> RESULT SCAN
2024-02-26 09:02:49,746 - INFO - PASS SCAN
2024-02-26 09:02:49,746 - INFO - ----------- SEND TO SFC -----------
2024-02-26 09:02:49,866 - WARNING - Wrong PLC Signal
2024-02-26 09:02:49,881 - WARNING - Wrong PLC Signal
2024-02-26 09:02:50,124 - INFO - --> Send Data SN:  12345555555555555555555555555555555555555
2024-02-26 09:05:31,761 - INFO - 
xxxxxxxxxxxxxxxxxxxxxxxxxxxxxxxx
2024-02-26 09:05:31,761 - INFO - --> Received scan signal from PLC
2024-02-26 09:05:31,761 - INFO - --> ------ SCAN SIGNAL -------
2024-02-26 09:05:31,793 - INFO - --> RESULT SCAN
2024-02-26 09:05:31,793 - INFO - PASS SCAN
2024-02-26 09:05:31,793 - INFO - ----------- SEND TO SFC -----------
2024-02-26 09:05:31,919 - WARNING - Wrong PLC Signal
2024-02-26 09:05:31,933 - WARNING - Wrong PLC Signal
2024-02-26 09:05:32,116 - INFO - --> Send Data SN:  12345555555555555555555555555555555555555
2024-02-26 09:05:33,274 - ERROR - SIGNAL FAIL CHECK SN CODE FROM mes
2024-02-26 09:05:42,567 - INFO - 
xxxxxxxxxxxxxxxxxxxxxxxxxxxxxxxx
2024-02-26 09:05:42,567 - INFO - --> Received scan signal from PLC
2024-02-26 09:05:42,567 - INFO - --> ------ SCAN SIGNAL -------
2024-02-26 09:05:42,598 - INFO - --> RESULT SCAN
2024-02-26 09:05:42,598 - INFO - PASS SCAN
2024-02-26 09:05:42,598 - INFO - ----------- SEND TO SFC -----------
2024-02-26 09:05:42,722 - WARNING - Wrong PLC Signal
2024-02-26 09:05:42,737 - WARNING - Wrong PLC Signal
2024-02-26 09:05:42,927 - INFO - --> Send Data SN:  12345555555555555555555555555555555555555
2024-02-26 09:05:44,083 - ERROR - SIGNAL FAIL CHECK SN CODE FROM mes
2024-02-26 09:05:48,343 - INFO - 
xxxxxxxxxxxxxxxxxxxxxxxxxxxxxxxx
2024-02-26 09:05:48,343 - INFO - --> Received scan signal from PLC
2024-02-26 09:05:48,343 - INFO - --> ------ SCAN SIGNAL -------
2024-02-26 09:05:55,881 - INFO - --> RESULT SCAN
2024-02-26 09:05:55,881 - ERROR - FAILED
2024-02-26 09:05:55,882 - ERROR - ------FAIL SCAN-------
2024-02-26 09:05:55,882 - ERROR - Data SN: None
2024-02-26 09:06:06,465 - INFO - 
xxxxxxxxxxxxxxxxxxxxxxxxxxxxxxxx
2024-02-26 09:06:06,465 - INFO - --> Received scan signal from PLC
2024-02-26 09:06:06,465 - INFO - --> ------ SCAN SIGNAL -------
2024-02-26 09:06:06,498 - INFO - --> RESULT SCAN
2024-02-26 09:06:06,498 - INFO - PASS SCAN
2024-02-26 09:06:06,498 - INFO - ----------- SEND TO SFC -----------
2024-02-26 09:06:06,620 - WARNING - Wrong PLC Signal
2024-02-26 09:06:06,636 - WARNING - Wrong PLC Signal
2024-02-26 09:06:06,817 - INFO - --> Send Data SN:  12345555555555555555555555555555555555555
2024-02-26 09:06:07,979 - ERROR - SIGNAL FAIL CHECK SN CODE FROM mes
2024-02-26 09:06:13,404 - INFO - 
xxxxxxxxxxxxxxxxxxxxxxxxxxxxxxxx
2024-02-26 09:06:13,404 - INFO - --> Received scan signal from PLC
2024-02-26 09:06:13,404 - INFO - --> ------ SCAN SIGNAL -------
2024-02-26 09:06:13,436 - INFO - --> RESULT SCAN
2024-02-26 09:06:13,436 - INFO - PASS SCAN
2024-02-26 09:06:13,436 - INFO - ----------- SEND TO SFC -----------
2024-02-26 09:06:13,557 - WARNING - Wrong PLC Signal
2024-02-26 09:06:13,574 - WARNING - Wrong PLC Signal
2024-02-26 09:06:13,757 - INFO - --> Send Data SN:  12345555555555555555555555555555555555555
2024-02-26 09:06:14,915 - ERROR - SIGNAL FAIL CHECK SN CODE FROM mes
2024-02-26 09:06:17,428 - INFO - 
xxxxxxxxxxxxxxxxxxxxxxxxxxxxxxxx
2024-02-26 09:06:17,428 - INFO - --> Received scan signal from PLC
2024-02-26 09:06:17,428 - INFO - --> ------ SCAN SIGNAL -------
2024-02-26 09:06:17,460 - INFO - --> RESULT SCAN
2024-02-26 09:06:17,461 - INFO - PASS SCAN
2024-02-26 09:06:17,461 - INFO - ----------- SEND TO SFC -----------
2024-02-26 09:06:17,555 - WARNING - Wrong PLC Signal
2024-02-26 09:06:17,570 - WARNING - Wrong PLC Signal
2024-02-26 09:06:17,758 - INFO - --> Send Data SN:  12345555555555555555555555555555555555555
2024-02-26 09:06:18,917 - ERROR - SIGNAL FAIL CHECK SN CODE FROM mes
2024-02-26 09:06:34,425 - INFO - 
xxxxxxxxxxxxxxxxxxxxxxxxxxxxxxxx
2024-02-26 09:06:34,425 - INFO - --> Received scan signal from PLC
2024-02-26 09:06:34,425 - INFO - --> ------ SCAN SIGNAL -------
2024-02-26 09:06:34,457 - INFO - --> RESULT SCAN
2024-02-26 09:06:34,457 - INFO - PASS SCAN
2024-02-26 09:06:34,457 - INFO - ----------- SEND TO SFC -----------
2024-02-26 09:06:34,582 - WARNING - Wrong PLC Signal
2024-02-26 09:06:34,599 - WARNING - Wrong PLC Signal
2024-02-26 09:06:34,780 - INFO - --> Send Data SN:  12345555555555555555555555555555555555555
2024-02-26 09:06:35,955 - ERROR - SIGNAL FAIL CHECK SN CODE FROM mes
2024-02-26 09:06:37,165 - INFO - 
xxxxxxxxxxxxxxxxxxxxxxxxxxxxxxxx
2024-02-26 09:06:37,165 - INFO - --> Received scan signal from PLC
2024-02-26 09:06:37,165 - INFO - --> ------ SCAN SIGNAL -------
2024-02-26 09:06:37,196 - INFO - --> RESULT SCAN
2024-02-26 09:06:37,196 - INFO - PASS SCAN
2024-02-26 09:06:37,196 - INFO - ----------- SEND TO SFC -----------
2024-02-26 09:06:37,289 - WARNING - Wrong PLC Signal
2024-02-26 09:06:37,303 - WARNING - Wrong PLC Signal
2024-02-26 09:06:37,491 - INFO - --> Send Data SN:  12345555555555555555555555555555555555555
2024-02-26 09:06:38,653 - ERROR - SIGNAL FAIL CHECK SN CODE FROM mes
2024-02-26 09:06:40,481 - INFO - 
xxxxxxxxxxxxxxxxxxxxxxxxxxxxxxxx
2024-02-26 09:06:40,481 - INFO - --> Received scan signal from PLC
2024-02-26 09:06:40,481 - INFO - --> ------ SCAN SIGNAL -------
2024-02-26 09:06:40,512 - INFO - --> RESULT SCAN
2024-02-26 09:06:40,512 - INFO - PASS SCAN
2024-02-26 09:06:40,512 - INFO - ----------- SEND TO SFC -----------
2024-02-26 09:06:40,619 - WARNING - Wrong PLC Signal
2024-02-26 09:06:40,634 - WARNING - Wrong PLC Signal
2024-02-26 09:06:40,813 - INFO - --> Send Data SN:  12345555555555555555555555555555555555555
2024-02-26 09:06:41,964 - ERROR - SIGNAL FAIL CHECK SN CODE FROM mes
2024-02-26 09:06:42,976 - INFO - 
xxxxxxxxxxxxxxxxxxxxxxxxxxxxxxxx
2024-02-26 09:06:42,976 - INFO - --> Received scan signal from PLC
2024-02-26 09:06:42,976 - INFO - --> ------ SCAN SIGNAL -------
2024-02-26 09:06:43,005 - INFO - --> RESULT SCAN
2024-02-26 09:06:43,006 - INFO - PASS SCAN
2024-02-26 09:06:43,006 - INFO - ----------- SEND TO SFC -----------
2024-02-26 09:06:43,116 - WARNING - Wrong PLC Signal
2024-02-26 09:06:43,131 - WARNING - Wrong PLC Signal
2024-02-26 09:06:43,315 - INFO - --> Send Data SN:  12345555555555555555555555555555555555555
2024-02-26 09:06:44,479 - ERROR - SIGNAL FAIL CHECK SN CODE FROM mes
2024-02-26 09:06:45,312 - INFO - 
xxxxxxxxxxxxxxxxxxxxxxxxxxxxxxxx
2024-02-26 09:06:45,312 - INFO - --> Received scan signal from PLC
2024-02-26 09:06:45,312 - INFO - --> ------ SCAN SIGNAL -------
2024-02-26 09:06:45,344 - INFO - --> RESULT SCAN
2024-02-26 09:06:45,344 - INFO - PASS SCAN
2024-02-26 09:06:45,344 - INFO - ----------- SEND TO SFC -----------
2024-02-26 09:06:45,438 - WARNING - Wrong PLC Signal
2024-02-26 09:06:45,453 - WARNING - Wrong PLC Signal
2024-02-26 09:06:45,641 - INFO - --> Send Data SN:  12345555555555555555555555555555555555555
2024-02-26 09:06:46,793 - ERROR - SIGNAL FAIL CHECK SN CODE FROM mes
2024-02-26 09:06:47,662 - INFO - 
xxxxxxxxxxxxxxxxxxxxxxxxxxxxxxxx
2024-02-26 09:06:47,662 - INFO - --> Received scan signal from PLC
2024-02-26 09:06:47,662 - INFO - --> ------ SCAN SIGNAL -------
2024-02-26 09:06:47,692 - INFO - --> RESULT SCAN
2024-02-26 09:06:47,692 - INFO - PASS SCAN
2024-02-26 09:06:47,693 - INFO - ----------- SEND TO SFC -----------
2024-02-26 09:06:47,788 - WARNING - Wrong PLC Signal
2024-02-26 09:06:47,803 - WARNING - Wrong PLC Signal
2024-02-26 09:06:47,989 - INFO - --> Send Data SN:  12345555555555555555555555555555555555555
2024-02-26 09:06:49,145 - ERROR - SIGNAL FAIL CHECK SN CODE FROM mes
2024-02-26 09:06:50,477 - INFO - 
xxxxxxxxxxxxxxxxxxxxxxxxxxxxxxxx
2024-02-26 09:06:50,477 - INFO - --> Received scan signal from PLC
2024-02-26 09:06:50,477 - INFO - --> ------ SCAN SIGNAL -------
2024-02-26 09:06:50,508 - INFO - --> RESULT SCAN
2024-02-26 09:06:50,508 - INFO - PASS SCAN
2024-02-26 09:06:50,508 - INFO - ----------- SEND TO SFC -----------
2024-02-26 09:06:50,603 - WARNING - Wrong PLC Signal
2024-02-26 09:06:50,619 - WARNING - Wrong PLC Signal
2024-02-26 09:06:50,803 - INFO - --> Send Data SN:  12345555555555555555555555555555555555555
2024-02-26 09:06:51,960 - ERROR - SIGNAL FAIL CHECK SN CODE FROM mes
2024-02-26 09:08:28,347 - INFO - 
xxxxxxxxxxxxxxxxxxxxxxxxxxxxxxxx
2024-02-26 09:08:28,347 - INFO - --> Received scan signal from PLC
2024-02-26 09:08:28,347 - INFO - --> ------ SCAN SIGNAL -------
2024-02-26 09:08:28,382 - INFO - --> RESULT SCAN
2024-02-26 09:08:28,382 - INFO - PASS SCAN
2024-02-26 09:08:28,382 - INFO - ----------- SEND TO SFC -----------
2024-02-26 09:08:28,518 - WARNING - Wrong PLC Signal
2024-02-26 09:08:28,534 - WARNING - Wrong PLC Signal
2024-02-26 09:08:28,718 - INFO - --> Send Data SN:  12345555555555555555555555555555555555555
2024-02-26 09:08:29,873 - ERROR - SIGNAL FAIL CHECK SN CODE FROM mes
2024-02-26 09:08:31,683 - INFO - 
xxxxxxxxxxxxxxxxxxxxxxxxxxxxxxxx
2024-02-26 09:08:31,683 - INFO - --> Received scan signal from PLC
2024-02-26 09:08:31,683 - INFO - --> ------ SCAN SIGNAL -------
2024-02-26 09:08:31,715 - INFO - --> RESULT SCAN
2024-02-26 09:08:31,715 - INFO - PASS SCAN
2024-02-26 09:08:31,716 - INFO - ----------- SEND TO SFC -----------
2024-02-26 09:08:31,810 - WARNING - Wrong PLC Signal
2024-02-26 09:08:31,825 - WARNING - Wrong PLC Signal
2024-02-26 09:08:32,017 - INFO - --> Send Data SN:  12345555555555555555555555555555555555555
2024-02-26 09:08:33,176 - ERROR - SIGNAL FAIL CHECK SN CODE FROM mes
2024-02-26 09:08:35,257 - INFO - 
xxxxxxxxxxxxxxxxxxxxxxxxxxxxxxxx
2024-02-26 09:08:35,257 - INFO - --> Received scan signal from PLC
2024-02-26 09:08:35,257 - INFO - --> ------ SCAN SIGNAL -------
2024-02-26 09:08:35,289 - INFO - --> RESULT SCAN
2024-02-26 09:08:35,289 - INFO - PASS SCAN
2024-02-26 09:08:35,289 - INFO - ----------- SEND TO SFC -----------
2024-02-26 09:08:35,415 - WARNING - Wrong PLC Signal
2024-02-26 09:08:35,431 - WARNING - Wrong PLC Signal
2024-02-26 09:08:35,622 - INFO - --> Send Data SN:  12345555555555555555555555555555555555555
2024-02-26 09:08:36,778 - ERROR - SIGNAL FAIL CHECK SN CODE FROM mes
2024-02-26 09:08:38,306 - INFO - 
xxxxxxxxxxxxxxxxxxxxxxxxxxxxxxxx
2024-02-26 09:08:38,306 - INFO - --> Received scan signal from PLC
2024-02-26 09:08:38,306 - INFO - --> ------ SCAN SIGNAL -------
2024-02-26 09:08:38,338 - INFO - --> RESULT SCAN
2024-02-26 09:08:38,338 - INFO - PASS SCAN
2024-02-26 09:08:38,339 - INFO - ----------- SEND TO SFC -----------
2024-02-26 09:08:38,445 - WARNING - Wrong PLC Signal
2024-02-26 09:08:38,461 - WARNING - Wrong PLC Signal
2024-02-26 09:08:38,647 - INFO - --> Send Data SN:  12345555555555555555555555555555555555555
2024-02-26 09:08:39,806 - ERROR - SIGNAL FAIL CHECK SN CODE FROM mes
2024-02-26 09:11:45,236 - INFO - 
xxxxxxxxxxxxxxxxxxxxxxxxxxxxxxxx
2024-02-26 09:11:45,236 - INFO - --> Received scan signal from PLC
2024-02-26 09:11:45,236 - INFO - --> ------ SCAN SIGNAL -------
2024-02-26 09:11:45,314 - INFO - --> RESULT SCAN
2024-02-26 09:11:45,322 - INFO - PASS SCAN
2024-02-26 09:11:45,322 - INFO - ----------- SEND TO SFC -----------
2024-02-26 09:11:45,421 - WARNING - Wrong PLC Signal
2024-02-26 09:11:45,438 - WARNING - Wrong PLC Signal
2024-02-26 09:11:45,526 - INFO - --> Send Data SN:  12345555555555555555555555555555555555555
2024-02-26 09:11:46,686 - ERROR - SIGNAL FAIL CHECK SN CODE FROM mes
2024-02-26 09:11:48,908 - INFO - 
xxxxxxxxxxxxxxxxxxxxxxxxxxxxxxxx
2024-02-26 09:11:48,908 - INFO - --> Received scan signal from PLC
2024-02-26 09:11:48,908 - INFO - --> ------ SCAN SIGNAL -------
2024-02-26 09:11:48,984 - INFO - --> RESULT SCAN
2024-02-26 09:11:48,985 - INFO - PASS SCAN
2024-02-26 09:11:48,985 - INFO - ----------- SEND TO SFC -----------
2024-02-26 09:11:49,083 - WARNING - Wrong PLC Signal
2024-02-26 09:11:49,099 - WARNING - Wrong PLC Signal
2024-02-26 09:11:49,181 - INFO - --> Send Data SN:  12345555555555555555555555555555555555555
2024-02-26 09:11:50,349 - ERROR - SIGNAL FAIL CHECK SN CODE FROM mes
2024-02-26 09:11:53,695 - INFO - 
xxxxxxxxxxxxxxxxxxxxxxxxxxxxxxxx
2024-02-26 09:11:53,695 - INFO - --> Received scan signal from PLC
2024-02-26 09:11:53,695 - INFO - --> ------ SCAN SIGNAL -------
2024-02-26 09:11:53,771 - INFO - --> RESULT SCAN
2024-02-26 09:11:53,771 - INFO - PASS SCAN
2024-02-26 09:11:53,771 - INFO - ----------- SEND TO SFC -----------
2024-02-26 09:11:53,868 - WARNING - Wrong PLC Signal
2024-02-26 09:11:53,883 - WARNING - Wrong PLC Signal
2024-02-26 09:11:53,966 - INFO - --> Send Data SN:  12345555555555555555555555555555555555555
2024-02-26 09:11:55,128 - ERROR - SIGNAL FAIL CHECK SN CODE FROM mes
2024-02-26 09:13:26,425 - INFO - 
xxxxxxxxxxxxxxxxxxxxxxxxxxxxxxxx
2024-02-26 09:13:26,425 - INFO - --> Received scan signal from PLC
2024-02-26 09:13:26,425 - INFO - --> ------ SCAN SIGNAL -------
2024-02-26 09:13:26,465 - INFO - --> RESULT SCAN
2024-02-26 09:13:26,465 - INFO - PASS SCAN
2024-02-26 09:13:26,465 - INFO - ----------- SEND TO SFC -----------
2024-02-26 09:13:26,566 - WARNING - Wrong PLC Signal
2024-02-26 09:13:26,581 - WARNING - Wrong PLC Signal
2024-02-26 09:13:28,772 - INFO - --> Send Data SN:  12345555555555555555555555555555555555555
2024-02-26 09:13:29,931 - ERROR - SIGNAL FAIL CHECK SN CODE FROM mes
2024-02-26 09:13:56,289 - INFO - 
xxxxxxxxxxxxxxxxxxxxxxxxxxxxxxxx
2024-02-26 09:13:56,289 - INFO - --> Received scan signal from PLC
2024-02-26 09:13:56,289 - INFO - --> ------ SCAN SIGNAL -------
2024-02-26 09:14:04,065 - INFO - --> RESULT SCAN
2024-02-26 09:14:04,065 - ERROR - FAILED
2024-02-26 09:14:04,065 - ERROR - ------FAIL SCAN-------
2024-02-26 09:14:04,065 - ERROR - Data SN: None
2024-02-26 09:14:08,841 - INFO - 
xxxxxxxxxxxxxxxxxxxxxxxxxxxxxxxx
2024-02-26 09:14:08,841 - INFO - --> Received scan signal from PLC
2024-02-26 09:14:08,841 - INFO - --> ------ SCAN SIGNAL -------
2024-02-26 09:14:12,915 - INFO - --> RESULT SCAN
2024-02-26 09:14:12,916 - INFO - PASS SCAN
2024-02-26 09:14:12,916 - INFO - ----------- SEND TO SFC -----------
2024-02-26 09:14:15,240 - INFO - --> Send Data SN:  12345555555555555555555555555555555555555
2024-02-26 09:14:16,391 - ERROR - SIGNAL FAIL CHECK SN CODE FROM mes
2024-02-26 09:15:19,733 - INFO - 
xxxxxxxxxxxxxxxxxxxxxxxxxxxxxxxx
2024-02-26 09:15:19,740 - INFO - --> Received scan signal from PLC
2024-02-26 09:15:19,740 - INFO - --> ------ SCAN SIGNAL -------
2024-02-26 09:15:23,517 - INFO - --> RESULT SCAN
2024-02-26 09:15:23,518 - INFO - PASS SCAN
2024-02-26 09:15:23,518 - INFO - ----------- SEND TO SFC -----------
2024-02-26 09:15:25,722 - INFO - --> Send Data SN:  12345555555555555555555555555555555555555
2024-02-26 09:15:26,887 - ERROR - SIGNAL FAIL CHECK SN CODE FROM mes
2024-02-26 09:15:39,658 - INFO - 
xxxxxxxxxxxxxxxxxxxxxxxxxxxxxxxx
2024-02-26 09:15:39,658 - INFO - --> Received scan signal from PLC
2024-02-26 09:15:39,658 - INFO - --> ------ SCAN SIGNAL -------
2024-02-26 09:15:39,696 - INFO - --> RESULT SCAN
2024-02-26 09:15:39,696 - INFO - PASS SCAN
2024-02-26 09:15:39,696 - INFO - ----------- SEND TO SFC -----------
2024-02-26 09:15:50,931 - WARNING - Received signal PLC when program is processing.
2024-02-26 09:17:43,756 - INFO - 
xxxxxxxxxxxxxxxxxxxxxxxxxxxxxxxx
2024-02-26 09:17:43,756 - INFO - --> Received scan signal from PLC
2024-02-26 09:17:43,756 - INFO - --> ------ SCAN SIGNAL -------
2024-02-26 09:17:43,817 - INFO - --> RESULT SCAN
2024-02-26 09:17:43,827 - INFO - PASS SCAN
2024-02-26 09:17:43,827 - INFO - ----------- SEND TO SFC -----------
2024-02-26 09:17:43,929 - WARNING - Wrong PLC Signal
2024-02-26 09:17:43,944 - WARNING - Wrong PLC Signal
2024-02-26 09:17:46,081 - INFO - --> Send Data SN:  12345555555555555555555555555555555555555
2024-02-26 10:10:56,975 - INFO - 
xxxxxxxxxxxxxxxxxxxxxxxxxxxxxxxx
2024-02-26 10:10:56,975 - INFO - --> Received scan signal from PLC
2024-02-26 10:10:56,975 - INFO - --> ------ SCAN SIGNAL -------
2024-02-26 10:11:04,717 - INFO - --> RESULT SCAN
2024-02-26 10:11:04,717 - ERROR - FAILED
2024-02-26 10:11:04,717 - ERROR - ------FAIL SCAN-------
2024-02-26 10:11:04,717 - ERROR - Data SN: None
2024-02-26 10:12:53,665 - INFO - 
xxxxxxxxxxxxxxxxxxxxxxxxxxxxxxxx
2024-02-26 10:12:53,665 - INFO - --> Received scan signal from PLC
2024-02-26 10:12:53,665 - INFO - --> ------ SCAN SIGNAL -------
2024-02-26 10:12:53,698 - INFO - --> RESULT SCAN
2024-02-26 10:12:53,698 - INFO - PASS SCAN
2024-02-26 10:12:53,698 - INFO - ----------- SEND TO SFC -----------
2024-02-26 10:12:53,822 - WARNING - Wrong PLC Signal
2024-02-26 10:12:53,837 - WARNING - Wrong PLC Signal
2024-02-26 10:12:53,853 - WARNING - Wrong PLC Signal
2024-02-26 10:12:56,066 - INFO - --> Send Data SN:  12345555555555555555555555555555555555555
2024-02-26 10:12:56,267 - ERROR - SIGNAL FAIL CHECK SN CODE FROM mes
2024-02-26 10:13:07,357 - WARNING - Received signal PLC when program is processing.
2024-02-26 10:21:23,269 - INFO - 
xxxxxxxxxxxxxxxxxxxxxxxxxxxxxxxx
2024-02-26 10:21:23,269 - INFO - --> Received scan signal from PLC
2024-02-26 10:21:23,269 - INFO - --> ------ SCAN SIGNAL -------
2024-02-26 10:21:23,305 - INFO - --> RESULT SCAN
2024-02-26 10:21:23,305 - INFO - PASS SCAN
2024-02-26 10:21:23,306 - INFO - ----------- SEND TO SFC -----------
2024-02-26 10:21:23,442 - WARNING - Wrong PLC Signal
2024-02-26 10:21:23,457 - WARNING - Wrong PLC Signal
2024-02-26 10:21:25,678 - INFO - --> Send Data SN:  12345555555555555555555555555555555555555
2024-02-26 10:21:30,988 - INFO - 
xxxxxxxxxxxxxxxxxxxxxxxxxxxxxxxx
2024-02-26 10:21:30,988 - INFO - --> Received scan signal from PLC
2024-02-26 10:21:30,988 - INFO - --> ------ SCAN SIGNAL -------
2024-02-26 10:21:35,036 - INFO - --> RESULT SCAN
2024-02-26 10:21:35,037 - INFO - PASS SCAN
2024-02-26 10:21:35,037 - INFO - ----------- SEND TO SFC -----------
2024-02-26 10:21:37,284 - INFO - --> Send Data SN:  12345555555555555555555555555555555555555
2024-02-26 10:21:42,864 - INFO - 
xxxxxxxxxxxxxxxxxxxxxxxxxxxxxxxx
2024-02-26 10:21:42,864 - INFO - --> Received scan signal from PLC
2024-02-26 10:21:42,864 - INFO - --> ------ SCAN SIGNAL -------
2024-02-26 10:21:42,897 - INFO - --> RESULT SCAN
2024-02-26 10:21:42,897 - INFO - PASS SCAN
2024-02-26 10:21:42,897 - INFO - ----------- SEND TO SFC -----------
2024-02-26 10:21:43,018 - WARNING - Wrong PLC Signal
2024-02-26 10:21:43,033 - WARNING - Wrong PLC Signal
2024-02-26 10:21:45,122 - INFO - --> Send Data SN:  12345555555555555555555555555555555555555
2024-02-26 10:21:47,370 - ERROR - SIGNAL FAIL CHECK SN CODE FROM mes
2024-02-26 10:22:33,155 - INFO - 
xxxxxxxxxxxxxxxxxxxxxxxxxxxxxxxx
2024-02-26 10:22:33,155 - INFO - --> Received scan signal from PLC
2024-02-26 10:22:33,155 - INFO - --> ------ SCAN SIGNAL -------
2024-02-26 10:22:33,188 - INFO - --> RESULT SCAN
2024-02-26 10:22:33,189 - INFO - PASS SCAN
2024-02-26 10:22:33,189 - INFO - ----------- SEND TO SFC -----------
2024-02-26 10:22:33,311 - WARNING - Wrong PLC Signal
2024-02-26 10:22:33,326 - WARNING - Wrong PLC Signal
2024-02-26 10:22:33,342 - WARNING - Wrong PLC Signal
2024-02-26 10:22:33,559 - INFO - --> Send Data SN:  12345555555555555555555555555555555555555
2024-02-26 10:22:35,826 - INFO - 
xxxxxxxxxxxxxxxxxxxxxxxxxxxxxxxx
2024-02-26 10:22:35,826 - INFO - --> Received scan signal from PLC
2024-02-26 10:22:35,826 - INFO - --> ------ SCAN SIGNAL -------
2024-02-26 10:22:35,859 - INFO - --> RESULT SCAN
2024-02-26 10:22:35,859 - INFO - PASS SCAN
2024-02-26 10:22:35,859 - INFO - ----------- SEND TO SFC -----------
2024-02-26 10:22:35,965 - WARNING - Wrong PLC Signal
2024-02-26 10:22:35,980 - WARNING - Wrong PLC Signal
2024-02-26 10:22:36,064 - INFO - --> Send Data SN:  12345555555555555555555555555555555555555
2024-02-26 10:22:38,586 - INFO - 
xxxxxxxxxxxxxxxxxxxxxxxxxxxxxxxx
2024-02-26 10:22:38,586 - INFO - --> Received scan signal from PLC
2024-02-26 10:22:38,586 - INFO - --> ------ SCAN SIGNAL -------
2024-02-26 10:22:38,618 - INFO - --> RESULT SCAN
2024-02-26 10:22:38,619 - INFO - PASS SCAN
2024-02-26 10:22:38,619 - INFO - ----------- SEND TO SFC -----------
2024-02-26 10:22:38,730 - WARNING - Wrong PLC Signal
2024-02-26 10:22:38,745 - WARNING - Wrong PLC Signal
2024-02-26 10:22:38,760 - WARNING - Wrong PLC Signal
2024-02-26 10:22:38,838 - INFO - --> Send Data SN:  12345555555555555555555555555555555555555
2024-02-26 10:22:41,291 - INFO - 
xxxxxxxxxxxxxxxxxxxxxxxxxxxxxxxx
2024-02-26 10:22:41,291 - INFO - --> Received scan signal from PLC
2024-02-26 10:22:41,291 - INFO - --> ------ SCAN SIGNAL -------
2024-02-26 10:22:41,322 - INFO - --> RESULT SCAN
2024-02-26 10:22:41,322 - INFO - PASS SCAN
2024-02-26 10:22:41,323 - INFO - ----------- SEND TO SFC -----------
2024-02-26 10:22:41,431 - WARNING - Wrong PLC Signal
2024-02-26 10:22:41,447 - WARNING - Wrong PLC Signal
2024-02-26 10:22:41,528 - INFO - --> Send Data SN:  12345555555555555555555555555555555555555
2024-02-26 10:22:43,425 - INFO - 
xxxxxxxxxxxxxxxxxxxxxxxxxxxxxxxx
2024-02-26 10:22:43,425 - INFO - --> Received scan signal from PLC
2024-02-26 10:22:43,425 - INFO - --> ------ SCAN SIGNAL -------
2024-02-26 10:22:43,456 - INFO - --> RESULT SCAN
2024-02-26 10:22:43,456 - INFO - PASS SCAN
2024-02-26 10:22:43,456 - INFO - ----------- SEND TO SFC -----------
2024-02-26 10:22:43,564 - WARNING - Wrong PLC Signal
2024-02-26 10:22:43,580 - WARNING - Wrong PLC Signal
2024-02-26 10:22:43,661 - INFO - --> Send Data SN:  12345555555555555555555555555555555555555
2024-02-26 10:22:44,856 - INFO - 
xxxxxxxxxxxxxxxxxxxxxxxxxxxxxxxx
2024-02-26 10:22:44,856 - INFO - --> Received scan signal from PLC
2024-02-26 10:22:44,856 - INFO - --> ------ SCAN SIGNAL -------
2024-02-26 10:22:44,886 - INFO - --> RESULT SCAN
2024-02-26 10:22:44,886 - INFO - PASS SCAN
2024-02-26 10:22:44,887 - INFO - ----------- SEND TO SFC -----------
2024-02-26 10:22:44,982 - WARNING - Wrong PLC Signal
2024-02-26 10:22:44,996 - WARNING - Wrong PLC Signal
2024-02-26 10:22:45,085 - INFO - --> Send Data SN:  12345555555555555555555555555555555555555
2024-02-26 10:22:52,668 - INFO - 
xxxxxxxxxxxxxxxxxxxxxxxxxxxxxxxx
2024-02-26 10:22:52,668 - INFO - --> Received scan signal from PLC
2024-02-26 10:22:52,668 - INFO - --> ------ SCAN SIGNAL -------
2024-02-26 10:22:52,699 - INFO - --> RESULT SCAN
2024-02-26 10:22:52,699 - INFO - PASS SCAN
2024-02-26 10:22:52,699 - INFO - ----------- SEND TO SFC -----------
2024-02-26 10:22:52,841 - WARNING - Wrong PLC Signal
2024-02-26 10:22:52,933 - INFO - --> Send Data SN:  12345555555555555555555555555555555555555
2024-02-26 10:22:53,904 - INFO - 
xxxxxxxxxxxxxxxxxxxxxxxxxxxxxxxx
2024-02-26 10:22:53,904 - INFO - --> Received scan signal from PLC
2024-02-26 10:22:53,904 - INFO - --> ------ SCAN SIGNAL -------
2024-02-26 10:22:53,935 - INFO - --> RESULT SCAN
2024-02-26 10:22:53,935 - INFO - PASS SCAN
2024-02-26 10:22:53,935 - INFO - ----------- SEND TO SFC -----------
2024-02-26 10:22:54,043 - WARNING - Wrong PLC Signal
2024-02-26 10:22:54,058 - WARNING - Wrong PLC Signal
2024-02-26 10:22:54,138 - INFO - --> Send Data SN:  12345555555555555555555555555555555555555
2024-02-26 10:22:55,123 - INFO - 
xxxxxxxxxxxxxxxxxxxxxxxxxxxxxxxx
2024-02-26 10:22:55,123 - INFO - --> Received scan signal from PLC
2024-02-26 10:22:55,123 - INFO - --> ------ SCAN SIGNAL -------
2024-02-26 10:22:56,246 - INFO - --> RESULT SCAN
2024-02-26 10:22:56,247 - INFO - PASS SCAN
2024-02-26 10:22:56,248 - INFO - ----------- SEND TO SFC -----------
2024-02-26 10:22:56,356 - WARNING - Wrong PLC Signal
2024-02-26 10:22:56,372 - WARNING - Wrong PLC Signal
2024-02-26 10:22:56,455 - INFO - --> Send Data SN:  12345555555555555555555555555555555555555
2024-02-26 10:22:57,579 - INFO - 
xxxxxxxxxxxxxxxxxxxxxxxxxxxxxxxx
2024-02-26 10:22:57,579 - INFO - --> Received scan signal from PLC
2024-02-26 10:22:57,579 - INFO - --> ------ SCAN SIGNAL -------
2024-02-26 10:22:57,611 - INFO - --> RESULT SCAN
2024-02-26 10:22:57,611 - INFO - PASS SCAN
2024-02-26 10:22:57,611 - INFO - ----------- SEND TO SFC -----------
2024-02-26 10:22:57,720 - WARNING - Wrong PLC Signal
2024-02-26 10:22:57,736 - WARNING - Wrong PLC Signal
2024-02-26 10:22:57,820 - INFO - --> Send Data SN:  12345555555555555555555555555555555555555
2024-02-26 10:22:58,583 - INFO - 
xxxxxxxxxxxxxxxxxxxxxxxxxxxxxxxx
2024-02-26 10:22:58,583 - INFO - --> Received scan signal from PLC
2024-02-26 10:22:58,583 - INFO - --> ------ SCAN SIGNAL -------
2024-02-26 10:22:58,613 - INFO - --> RESULT SCAN
2024-02-26 10:22:58,613 - INFO - PASS SCAN
2024-02-26 10:22:58,613 - INFO - ----------- SEND TO SFC -----------
2024-02-26 10:22:58,722 - WARNING - Wrong PLC Signal
2024-02-26 10:22:58,738 - WARNING - Wrong PLC Signal
2024-02-26 10:22:58,822 - INFO - --> Send Data SN:  12345555555555555555555555555555555555555
2024-02-26 10:22:59,523 - INFO - 
xxxxxxxxxxxxxxxxxxxxxxxxxxxxxxxx
2024-02-26 10:22:59,523 - INFO - --> Received scan signal from PLC
2024-02-26 10:22:59,523 - INFO - --> ------ SCAN SIGNAL -------
2024-02-26 10:22:59,554 - INFO - --> RESULT SCAN
2024-02-26 10:22:59,554 - INFO - PASS SCAN
2024-02-26 10:22:59,554 - INFO - ----------- SEND TO SFC -----------
2024-02-26 10:22:59,681 - WARNING - Wrong PLC Signal
2024-02-26 10:22:59,695 - WARNING - Wrong PLC Signal
2024-02-26 10:22:59,782 - INFO - --> Send Data SN:  12345555555555555555555555555555555555555
2024-02-26 10:23:00,573 - INFO - 
xxxxxxxxxxxxxxxxxxxxxxxxxxxxxxxx
2024-02-26 10:23:00,573 - INFO - --> Received scan signal from PLC
2024-02-26 10:23:00,573 - INFO - --> ------ SCAN SIGNAL -------
2024-02-26 10:23:00,604 - INFO - --> RESULT SCAN
2024-02-26 10:23:00,604 - INFO - PASS SCAN
2024-02-26 10:23:00,604 - INFO - ----------- SEND TO SFC -----------
2024-02-26 10:23:00,699 - WARNING - Wrong PLC Signal
2024-02-26 10:23:00,714 - WARNING - Wrong PLC Signal
2024-02-26 10:23:00,806 - INFO - --> Send Data SN:  12345555555555555555555555555555555555555
2024-02-26 10:23:01,696 - INFO - 
xxxxxxxxxxxxxxxxxxxxxxxxxxxxxxxx
2024-02-26 10:23:01,696 - INFO - --> Received scan signal from PLC
2024-02-26 10:23:01,696 - INFO - --> ------ SCAN SIGNAL -------
2024-02-26 10:23:01,727 - INFO - --> RESULT SCAN
2024-02-26 10:23:01,728 - INFO - PASS SCAN
2024-02-26 10:23:01,728 - INFO - ----------- SEND TO SFC -----------
2024-02-26 10:23:01,837 - WARNING - Wrong PLC Signal
2024-02-26 10:23:01,852 - WARNING - Wrong PLC Signal
2024-02-26 10:23:01,944 - INFO - --> Send Data SN:  12345555555555555555555555555555555555555
2024-02-26 10:26:16,813 - INFO - 
xxxxxxxxxxxxxxxxxxxxxxxxxxxxxxxx
2024-02-26 10:26:16,813 - INFO - --> Received scan signal from PLC
2024-02-26 10:26:16,813 - INFO - --> ------ SCAN SIGNAL -------
2024-02-26 10:26:16,848 - INFO - --> RESULT SCAN
2024-02-26 10:26:16,849 - INFO - PASS SCAN
2024-02-26 10:26:16,849 - INFO - ----------- SEND TO SFC -----------
2024-02-26 10:26:16,985 - WARNING - Wrong PLC Signal
2024-02-26 10:26:16,999 - WARNING - Wrong PLC Signal
2024-02-26 10:26:17,223 - INFO - --> Send Data SN:  12345555555555555555555555555555555555555
2024-02-26 10:26:19,459 - ERROR - SIGNAL FAIL CHECK SN CODE FROM mes
2024-02-26 10:26:58,947 - INFO - 
xxxxxxxxxxxxxxxxxxxxxxxxxxxxxxxx
2024-02-26 10:26:58,947 - INFO - --> Received scan signal from PLC
2024-02-26 10:26:58,947 - INFO - --> ------ SCAN SIGNAL -------
2024-02-26 10:26:58,983 - INFO - --> RESULT SCAN
2024-02-26 10:26:58,984 - INFO - PASS SCAN
2024-02-26 10:26:58,984 - INFO - ----------- SEND TO SFC -----------
2024-02-26 10:26:59,106 - WARNING - Wrong PLC Signal
2024-02-26 10:26:59,121 - WARNING - Wrong PLC Signal
2024-02-26 10:26:59,208 - INFO - --> Send Data SN:  12345555555555555555555555555555555555555
2024-02-26 10:32:21,694 - INFO - 
xxxxxxxxxxxxxxxxxxxxxxxxxxxxxxxx
2024-02-26 10:32:21,694 - INFO - --> Received scan signal from PLC
2024-02-26 10:32:21,694 - INFO - --> ------ SCAN SIGNAL -------
2024-02-26 10:32:21,728 - INFO - --> RESULT SCAN
2024-02-26 10:32:21,728 - INFO - PASS SCAN
2024-02-26 10:32:21,728 - INFO - ----------- SEND TO SFC -----------
2024-02-26 10:32:21,850 - WARNING - Wrong PLC Signal
2024-02-26 10:32:21,865 - WARNING - Wrong PLC Signal
2024-02-26 10:32:22,086 - INFO - --> Send Data SN:  12345555555555555555555555555555555555555
2024-02-26 10:32:24,316 - ERROR - SIGNAL FAIL CHECK SN CODE FROM mes
2024-02-26 10:32:55,900 - ERROR - CAM ERROR
2024-02-26 10:32:55,907 - ERROR - Camera Error
2024-02-26 10:33:05,429 - INFO - 
xxxxxxxxxxxxxxxxxxxxxxxxxxxxxxxx
2024-02-26 10:33:05,429 - INFO - --> Received scan signal from PLC
2024-02-26 10:33:05,429 - INFO - --> ------ SCAN SIGNAL -------
2024-02-26 10:33:05,462 - INFO - --> RESULT SCAN
2024-02-26 10:33:05,462 - INFO - PASS SCAN
2024-02-26 10:33:05,463 - INFO - ----------- SEND TO SFC -----------
2024-02-26 10:33:05,587 - WARNING - Wrong PLC Signal
2024-02-26 10:33:05,604 - WARNING - Wrong PLC Signal
2024-02-26 10:33:05,687 - INFO - --> Send Data SN:  12345555555555555555555555555555555555555
2024-02-26 10:36:59,496 - INFO - 
xxxxxxxxxxxxxxxxxxxxxxxxxxxxxxxx
2024-02-26 10:36:59,496 - INFO - --> Received scan signal from PLC
2024-02-26 10:36:59,496 - INFO - --> ------ SCAN SIGNAL -------
2024-02-26 10:36:59,533 - INFO - --> RESULT SCAN
2024-02-26 10:36:59,533 - INFO - PASS SCAN
2024-02-26 10:36:59,533 - INFO - ----------- SEND TO SFC -----------
2024-02-26 10:36:59,653 - WARNING - Wrong PLC Signal
2024-02-26 10:36:59,668 - WARNING - Wrong PLC Signal
2024-02-26 10:36:59,893 - INFO - --> Send Data SN:  12345555555555555555555555555555555555555
2024-02-26 10:37:03,212 - INFO - 
xxxxxxxxxxxxxxxxxxxxxxxxxxxxxxxx
2024-02-26 10:37:03,212 - INFO - --> Received scan signal from PLC
2024-02-26 10:37:03,212 - INFO - --> ------ SCAN SIGNAL -------
2024-02-26 10:37:03,246 - INFO - --> RESULT SCAN
2024-02-26 10:37:03,247 - INFO - PASS SCAN
2024-02-26 10:37:03,247 - INFO - ----------- SEND TO SFC -----------
2024-02-26 10:37:03,339 - WARNING - Wrong PLC Signal
2024-02-26 10:37:03,353 - WARNING - Wrong PLC Signal
2024-02-26 10:37:03,370 - WARNING - Wrong PLC Signal
2024-02-26 10:37:03,448 - INFO - --> Send Data SN:  12345555555555555555555555555555555555555
2024-02-26 10:37:05,847 - INFO - 
xxxxxxxxxxxxxxxxxxxxxxxxxxxxxxxx
2024-02-26 10:37:05,847 - INFO - --> Received scan signal from PLC
2024-02-26 10:37:05,847 - INFO - --> ------ SCAN SIGNAL -------
2024-02-26 10:37:05,880 - INFO - --> RESULT SCAN
2024-02-26 10:37:05,880 - INFO - PASS SCAN
2024-02-26 10:37:05,880 - INFO - ----------- SEND TO SFC -----------
2024-02-26 10:37:05,973 - WARNING - Wrong PLC Signal
2024-02-26 10:37:05,988 - WARNING - Wrong PLC Signal
2024-02-26 10:37:06,080 - INFO - --> Send Data SN:  12345555555555555555555555555555555555555
2024-02-26 10:37:09,015 - INFO - 
xxxxxxxxxxxxxxxxxxxxxxxxxxxxxxxx
2024-02-26 10:37:09,015 - INFO - --> Received scan signal from PLC
2024-02-26 10:37:09,015 - INFO - --> ------ SCAN SIGNAL -------
2024-02-26 10:37:09,049 - INFO - --> RESULT SCAN
2024-02-26 10:37:09,049 - INFO - PASS SCAN
2024-02-26 10:37:09,049 - INFO - ----------- SEND TO SFC -----------
2024-02-26 10:37:09,158 - WARNING - Wrong PLC Signal
2024-02-26 10:37:09,173 - WARNING - Wrong PLC Signal
2024-02-26 10:37:09,259 - INFO - --> Send Data SN:  12345555555555555555555555555555555555555
2024-02-26 10:37:11,923 - INFO - 
xxxxxxxxxxxxxxxxxxxxxxxxxxxxxxxx
2024-02-26 10:37:11,923 - INFO - --> Received scan signal from PLC
2024-02-26 10:37:11,923 - INFO - --> ------ SCAN SIGNAL -------
2024-02-26 10:37:11,955 - INFO - --> RESULT SCAN
2024-02-26 10:37:11,955 - INFO - PASS SCAN
2024-02-26 10:37:11,956 - INFO - ----------- SEND TO SFC -----------
2024-02-26 10:37:12,051 - WARNING - Wrong PLC Signal
2024-02-26 10:37:12,066 - WARNING - Wrong PLC Signal
2024-02-26 10:37:12,154 - INFO - --> Send Data SN:  12345555555555555555555555555555555555555
2024-02-26 10:37:16,480 - INFO - 
xxxxxxxxxxxxxxxxxxxxxxxxxxxxxxxx
2024-02-26 10:37:16,480 - INFO - --> Received scan signal from PLC
2024-02-26 10:37:16,480 - INFO - --> ------ SCAN SIGNAL -------
2024-02-26 10:37:16,513 - INFO - --> RESULT SCAN
2024-02-26 10:37:16,513 - INFO - PASS SCAN
2024-02-26 10:37:16,513 - INFO - ----------- SEND TO SFC -----------
2024-02-26 10:37:16,605 - WARNING - Wrong PLC Signal
2024-02-26 10:37:16,620 - WARNING - Wrong PLC Signal
2024-02-26 10:37:16,710 - INFO - --> Send Data SN:  12345555555555555555555555555555555555555
2024-02-26 10:37:55,799 - INFO - 
xxxxxxxxxxxxxxxxxxxxxxxxxxxxxxxx
2024-02-26 10:37:55,799 - INFO - --> Received scan signal from PLC
2024-02-26 10:37:55,799 - INFO - --> ------ SCAN SIGNAL -------
2024-02-26 10:37:55,838 - INFO - --> RESULT SCAN
2024-02-26 10:37:55,838 - INFO - PASS SCAN
2024-02-26 10:37:55,838 - INFO - ----------- SEND TO SFC -----------
2024-02-26 10:37:55,972 - WARNING - Wrong PLC Signal
2024-02-26 10:37:55,988 - WARNING - Wrong PLC Signal
2024-02-26 10:37:56,239 - INFO - --> Send Data SN:  12345555555555555555555555555555555555555
2024-02-26 10:38:00,797 - INFO - 
xxxxxxxxxxxxxxxxxxxxxxxxxxxxxxxx
2024-02-26 10:38:00,797 - INFO - --> Received scan signal from PLC
2024-02-26 10:38:00,797 - INFO - --> ------ SCAN SIGNAL -------
2024-02-26 10:38:00,830 - INFO - --> RESULT SCAN
2024-02-26 10:38:00,830 - INFO - PASS SCAN
2024-02-26 10:38:00,831 - INFO - ----------- SEND TO SFC -----------
2024-02-26 10:38:00,938 - WARNING - Wrong PLC Signal
2024-02-26 10:38:00,951 - WARNING - Wrong PLC Signal
2024-02-26 10:38:01,039 - INFO - --> Send Data SN:  12345555555555555555555555555555555555555
2024-02-26 10:38:03,532 - INFO - 
xxxxxxxxxxxxxxxxxxxxxxxxxxxxxxxx
2024-02-26 10:38:03,532 - INFO - --> Received scan signal from PLC
2024-02-26 10:38:03,532 - INFO - --> ------ SCAN SIGNAL -------
2024-02-26 10:38:03,566 - INFO - --> RESULT SCAN
2024-02-26 10:38:03,566 - INFO - PASS SCAN
2024-02-26 10:38:03,566 - INFO - ----------- SEND TO SFC -----------
2024-02-26 10:38:03,671 - WARNING - Wrong PLC Signal
2024-02-26 10:38:03,687 - WARNING - Wrong PLC Signal
2024-02-26 10:38:03,765 - INFO - --> Send Data SN:  12345555555555555555555555555555555555555
2024-02-26 10:38:06,355 - INFO - 
xxxxxxxxxxxxxxxxxxxxxxxxxxxxxxxx
2024-02-26 10:38:06,355 - INFO - --> Received scan signal from PLC
2024-02-26 10:38:06,356 - INFO - --> ------ SCAN SIGNAL -------
2024-02-26 10:38:06,389 - INFO - --> RESULT SCAN
2024-02-26 10:38:06,389 - INFO - PASS SCAN
2024-02-26 10:38:06,389 - INFO - ----------- SEND TO SFC -----------
2024-02-26 10:38:06,479 - WARNING - Wrong PLC Signal
2024-02-26 10:38:06,494 - WARNING - Wrong PLC Signal
2024-02-26 10:38:06,584 - INFO - --> Send Data SN:  12345555555555555555555555555555555555555
2024-02-26 10:38:08,183 - INFO - 
xxxxxxxxxxxxxxxxxxxxxxxxxxxxxxxx
2024-02-26 10:38:08,183 - INFO - --> Received scan signal from PLC
2024-02-26 10:38:08,183 - INFO - --> ------ SCAN SIGNAL -------
2024-02-26 10:38:08,215 - INFO - --> RESULT SCAN
2024-02-26 10:38:08,215 - INFO - PASS SCAN
2024-02-26 10:38:08,215 - INFO - ----------- SEND TO SFC -----------
2024-02-26 10:38:08,307 - WARNING - Wrong PLC Signal
2024-02-26 10:38:08,322 - WARNING - Wrong PLC Signal
2024-02-26 10:38:08,338 - WARNING - Wrong PLC Signal
2024-02-26 10:38:08,416 - INFO - --> Send Data SN:  12345555555555555555555555555555555555555
2024-02-26 10:38:09,808 - INFO - 
xxxxxxxxxxxxxxxxxxxxxxxxxxxxxxxx
2024-02-26 10:38:09,808 - INFO - --> Received scan signal from PLC
2024-02-26 10:38:09,808 - INFO - --> ------ SCAN SIGNAL -------
2024-02-26 10:38:09,842 - INFO - --> RESULT SCAN
2024-02-26 10:38:09,842 - INFO - PASS SCAN
2024-02-26 10:38:09,842 - INFO - ----------- SEND TO SFC -----------
2024-02-26 10:38:09,933 - WARNING - Wrong PLC Signal
2024-02-26 10:38:09,948 - WARNING - Wrong PLC Signal
2024-02-26 10:38:10,042 - INFO - --> Send Data SN:  12345555555555555555555555555555555555555
2024-02-26 10:38:11,324 - INFO - 
xxxxxxxxxxxxxxxxxxxxxxxxxxxxxxxx
2024-02-26 10:38:11,324 - INFO - --> Received scan signal from PLC
2024-02-26 10:38:11,324 - INFO - --> ------ SCAN SIGNAL -------
2024-02-26 10:38:11,358 - INFO - --> RESULT SCAN
2024-02-26 10:38:11,358 - INFO - PASS SCAN
2024-02-26 10:38:11,358 - INFO - ----------- SEND TO SFC -----------
2024-02-26 10:38:11,448 - WARNING - Wrong PLC Signal
2024-02-26 10:38:11,463 - WARNING - Wrong PLC Signal
2024-02-26 10:38:11,554 - INFO - --> Send Data SN:  12345555555555555555555555555555555555555
2024-02-26 10:38:13,782 - ERROR - SIGNAL FAIL CHECK SN CODE FROM mes
